<?xml version="1.0" encoding="UTF-8"?>
<robot generator="Robot 6.1 (Python 3.11.2 on linux)" generated="20260125 13:39:42.497" rpa="false" schemaversion="4">
<suite id="s1" name="test-timer" source="/src/stm32f3-timer/tests/test-timer.robot">
<kw name="Setup" library="renode-keywords" type="SETUP">
<msg timestamp="20260125 13:39:42.510" level="TRACE">Arguments: [  ]</msg>
<kw name="Evaluate" library="BuiltIn">
<var>${SYSTEM}</var>
<arg>platform.system()</arg>
<arg>modules=platform</arg>
<doc>Evaluates the given expression in Python and returns the result.</doc>
<msg timestamp="20260125 13:39:42.510" level="TRACE">Arguments: [ 'platform.system()' | modules='platform' ]</msg>
<msg timestamp="20260125 13:39:42.511" level="TRACE">Return: 'Linux'</msg>
<msg timestamp="20260125 13:39:42.511" level="INFO">${SYSTEM} = Linux</msg>
<status status="PASS" starttime="20260125 13:39:42.510" endtime="20260125 13:39:42.511"/>
</kw>
<kw name="Set Variable If" library="BuiltIn">
<var>${CONFIGURATION}</var>
<arg>not ${SKIP_RUNNING_SERVER} and ${SERVER_REMOTE_DEBUG}</arg>
<arg>Debug</arg>
<arg>${CONFIGURATION}</arg>
<doc>Sets variable based on the given condition.</doc>
<msg timestamp="20260125 13:39:42.511" level="TRACE">Arguments: [ 'not True and False' | 'Debug' | '${CONFIGURATION}' ]</msg>
<msg timestamp="20260125 13:39:42.511" level="TRACE">Return: 'Release'</msg>
<msg timestamp="20260125 13:39:42.511" level="INFO">${CONFIGURATION} = Release</msg>
<status status="PASS" starttime="20260125 13:39:42.511" endtime="20260125 13:39:42.511"/>
</kw>
<kw name="Create List" library="BuiltIn">
<var>@{PARAMS}</var>
<arg>--robot-server-port</arg>
<arg>${PORT_NUMBER}</arg>
<arg>--hide-log</arg>
<doc>Returns a list containing given items.</doc>
<msg timestamp="20260125 13:39:42.511" level="TRACE">Arguments: [ '--robot-server-port' | '49152' | '--hide-log' ]</msg>
<msg timestamp="20260125 13:39:42.511" level="TRACE">Return: ['--robot-server-port', '49152', '--hide-log']</msg>
<msg timestamp="20260125 13:39:42.511" level="INFO">@{PARAMS} = [ --robot-server-port | 49152 | --hide-log ]</msg>
<status status="PASS" starttime="20260125 13:39:42.511" endtime="20260125 13:39:42.511"/>
</kw>
<if>
<branch type="IF" condition="${DISABLE_GUI}">
<kw name="Insert Into List" library="Collections">
<arg>${PARAMS}</arg>
<arg>0</arg>
<arg>--disable-gui</arg>
<doc>Inserts ``value`` into ``list`` to the position specified with ``index``.</doc>
<status status="NOT RUN" starttime="20260125 13:39:42.511" endtime="20260125 13:39:42.511"/>
</kw>
<status status="NOT RUN" starttime="20260125 13:39:42.511" endtime="20260125 13:39:42.511"/>
</branch>
<status status="PASS" starttime="20260125 13:39:42.511" endtime="20260125 13:39:42.511"/>
</if>
<if>
<branch type="IF" condition="not ${SKIP_RUNNING_SERVER}">
<kw name="File Should Exist" library="OperatingSystem">
<arg>${DIRECTORY}/${BINARY_NAME}</arg>
<arg>msg=Robot Framework remote server binary not found (${DIRECTORY}/${BINARY_NAME}). Did you forget to build it in ${CONFIGURATION} configuration?</arg>
<doc>Fails unless the given ``path`` points to an existing file.</doc>
<status status="NOT RUN" starttime="20260125 13:39:42.511" endtime="20260125 13:39:42.511"/>
</kw>
<status status="NOT RUN" starttime="20260125 13:39:42.511" endtime="20260125 13:39:42.511"/>
</branch>
<status status="PASS" starttime="20260125 13:39:42.511" endtime="20260125 13:39:42.511"/>
</if>
<if>
<branch type="IF" condition="not ${SKIP_RUNNING_SERVER} and not ${SERVER_REMOTE_DEBUG} and not '${SYSTEM}' == 'Windows' and not ${NET_PLATFORM}">
<kw name="Start Process" library="Process">
<arg>mono</arg>
<arg>${BINARY_NAME}</arg>
<arg>@{PARAMS}</arg>
<arg>cwd=${DIRECTORY}</arg>
<doc>Starts a new process on background.</doc>
<status status="NOT RUN" starttime="20260125 13:39:42.511" endtime="20260125 13:39:42.511"/>
</kw>
<status status="NOT RUN" starttime="20260125 13:39:42.511" endtime="20260125 13:39:42.511"/>
</branch>
<status status="PASS" starttime="20260125 13:39:42.511" endtime="20260125 13:39:42.511"/>
</if>
<if>
<branch type="IF" condition="not ${SKIP_RUNNING_SERVER} and not ${SERVER_REMOTE_DEBUG} and '${SYSTEM}' == 'Windows'">
<kw name="Start Process" library="Process">
<arg>${BINARY_NAME}</arg>
<arg>@{PARAMS}</arg>
<arg>cwd=${DIRECTORY}</arg>
<arg>shell=true</arg>
<doc>Starts a new process on background.</doc>
<status status="NOT RUN" starttime="20260125 13:39:42.511" endtime="20260125 13:39:42.511"/>
</kw>
<status status="NOT RUN" starttime="20260125 13:39:42.511" endtime="20260125 13:39:42.511"/>
</branch>
<status status="PASS" starttime="20260125 13:39:42.511" endtime="20260125 13:39:42.511"/>
</if>
<if>
<branch type="IF" condition="not ${SKIP_RUNNING_SERVER} and not ${SERVER_REMOTE_DEBUG} and ${NET_PLATFORM}">
<kw name="Start Process" library="Process">
<arg>dotnet ${BINARY_NAME}</arg>
<arg>@{PARAMS}</arg>
<arg>cwd=${DIRECTORY}</arg>
<arg>shell=true</arg>
<doc>Starts a new process on background.</doc>
<status status="NOT RUN" starttime="20260125 13:39:42.511" endtime="20260125 13:39:42.511"/>
</kw>
<status status="NOT RUN" starttime="20260125 13:39:42.511" endtime="20260125 13:39:42.511"/>
</branch>
<status status="PASS" starttime="20260125 13:39:42.511" endtime="20260125 13:39:42.511"/>
</if>
<if>
<branch type="IF" condition="not ${SKIP_RUNNING_SERVER} and ${SERVER_REMOTE_DEBUG} and not '${SYSTEM}' == 'Windows' and not ${NET_PLATFORM}">
<kw name="Start Process" library="Process">
<arg>mono</arg>
<arg>--debug</arg>
<arg>--debugger-agent\=transport\=dt_socket,address\=0.0.0.0:${SERVER_REMOTE_PORT},server\=y,suspend\=${SERVER_REMOTE_SUSPEND}</arg>
<arg>${BINARY_NAME}</arg>
<arg>@{PARAMS}</arg>
<arg>cwd=${DIRECTORY}</arg>
<doc>Starts a new process on background.</doc>
<status status="NOT RUN" starttime="20260125 13:39:42.511" endtime="20260125 13:39:42.511"/>
</kw>
<status status="NOT RUN" starttime="20260125 13:39:42.511" endtime="20260125 13:39:42.511"/>
</branch>
<status status="PASS" starttime="20260125 13:39:42.511" endtime="20260125 13:39:42.512"/>
</if>
<if>
<branch type="IF" condition="not ${SKIP_RUNNING_SERVER} and ${SERVER_REMOTE_DEBUG} and '${SYSTEM}' == 'Windows'">
<kw name="Fatal Error" library="BuiltIn">
<arg>Windows doesn't support server remote debug option.</arg>
<doc>Stops the whole test execution.</doc>
<status status="NOT RUN" starttime="20260125 13:39:42.512" endtime="20260125 13:39:42.512"/>
</kw>
<status status="NOT RUN" starttime="20260125 13:39:42.512" endtime="20260125 13:39:42.512"/>
</branch>
<status status="PASS" starttime="20260125 13:39:42.512" endtime="20260125 13:39:42.512"/>
</if>
<if>
<branch type="IF" condition="not '${SYSTEM}' == 'Windows'">
<kw name="Wait Until Keyword Succeeds" library="BuiltIn">
<arg>60s</arg>
<arg>1s</arg>
<arg>Import Library</arg>
<arg>Remote</arg>
<arg>http://127.0.0.1:${PORT_NUMBER}/</arg>
<doc>Runs the specified keyword and retries if it fails.</doc>
<msg timestamp="20260125 13:39:42.512" level="TRACE">Arguments: [ '60s' | '1s' | 'Import Library' | 'Remote' | 'http://127.0.0.1:${PORT_NUMBER}/' ]</msg>
<kw name="Import Library" library="BuiltIn">
<arg>Remote</arg>
<arg>http://127.0.0.1:${PORT_NUMBER}/</arg>
<doc>Imports a library with the given name and optional arguments.</doc>
<msg timestamp="20260125 13:39:42.512" level="TRACE">Arguments: [ 'Remote' | 'http://127.0.0.1:${PORT_NUMBER}/' ]</msg>
<msg timestamp="20260125 13:39:42.619" level="TRACE">Return: None</msg>
<status status="PASS" starttime="20260125 13:39:42.512" endtime="20260125 13:39:42.619"/>
</kw>
<msg timestamp="20260125 13:39:42.619" level="TRACE">Return: None</msg>
<status status="PASS" starttime="20260125 13:39:42.512" endtime="20260125 13:39:42.619"/>
</kw>
<status status="PASS" starttime="20260125 13:39:42.512" endtime="20260125 13:39:42.619"/>
</branch>
<status status="PASS" starttime="20260125 13:39:42.512" endtime="20260125 13:39:42.619"/>
</if>
<if>
<branch type="IF" condition="'${SYSTEM}' == 'Windows'">
<kw name="Wait Until Keyword Succeeds" library="BuiltIn">
<arg>60s</arg>
<arg>1s</arg>
<arg>Import Library</arg>
<arg>Remote</arg>
<arg>http://localhost:${PORT_NUMBER}/</arg>
<doc>Runs the specified keyword and retries if it fails.</doc>
<status status="NOT RUN" starttime="20260125 13:39:42.620" endtime="20260125 13:39:42.620"/>
</kw>
<status status="NOT RUN" starttime="20260125 13:39:42.619" endtime="20260125 13:39:42.620"/>
</branch>
<status status="PASS" starttime="20260125 13:39:42.619" endtime="20260125 13:39:42.620"/>
</if>
<kw name="Setup Renode" library="renode-keywords">
<msg timestamp="20260125 13:39:42.620" level="TRACE">Arguments: [  ]</msg>
<kw name="Set Default Uart Timeout" library="Remote">
<arg>${DEFAULT_UART_TIMEOUT}</arg>
<msg timestamp="20260125 13:39:42.620" level="TRACE">Arguments: [ '8' ]</msg>
<msg timestamp="20260125 13:39:42.630" level="TRACE">Return: ''</msg>
<status status="PASS" starttime="20260125 13:39:42.620" endtime="20260125 13:39:42.630"/>
</kw>
<if>
<branch type="IF" condition="${SAVE_LOGS}">
<kw name="Enable Logging To Cache" library="Remote">
<msg timestamp="20260125 13:39:42.631" level="TRACE">Arguments: [  ]</msg>
<msg timestamp="20260125 13:39:42.633" level="TRACE">Return: ''</msg>
<status status="PASS" starttime="20260125 13:39:42.631" endtime="20260125 13:39:42.633"/>
</kw>
<status status="PASS" starttime="20260125 13:39:42.631" endtime="20260125 13:39:42.633"/>
</branch>
<status status="PASS" starttime="20260125 13:39:42.631" endtime="20260125 13:39:42.633"/>
</if>
<kw name="Set Variable" library="BuiltIn">
<var>${allowed_chars}</var>
<arg>abcdefghijklmnopqrstuvwxyz01234567890_-</arg>
<doc>Returns the given values which can then be assigned to a variables.</doc>
<msg timestamp="20260125 13:39:42.633" level="TRACE">Arguments: [ 'abcdefghijklmnopqrstuvwxyz01234567890_-' ]</msg>
<msg timestamp="20260125 13:39:42.633" level="TRACE">Return: 'abcdefghijklmnopqrstuvwxyz01234567890_-'</msg>
<msg timestamp="20260125 13:39:42.633" level="INFO">${allowed_chars} = abcdefghijklmnopqrstuvwxyz01234567890_-</msg>
<status status="PASS" starttime="20260125 13:39:42.633" endtime="20260125 13:39:42.633"/>
</kw>
<kw name="Convert To Lower Case" library="String">
<var>${metrics_fname}</var>
<arg>${SUITE_NAME}</arg>
<doc>Converts string to lower case.</doc>
<msg timestamp="20260125 13:39:42.633" level="TRACE">Arguments: [ 'test-timer' ]</msg>
<msg timestamp="20260125 13:39:42.633" level="TRACE">Return: 'test-timer'</msg>
<msg timestamp="20260125 13:39:42.633" level="INFO">${metrics_fname} = test-timer</msg>
<status status="PASS" starttime="20260125 13:39:42.633" endtime="20260125 13:39:42.633"/>
</kw>
<kw name="Replace String" library="String">
<var>${metrics_fname}</var>
<arg>${metrics_fname}</arg>
<arg>${SPACE}</arg>
<arg>_</arg>
<doc>Replaces ``search_for`` in the given ``string`` with ``replace_with``.</doc>
<msg timestamp="20260125 13:39:42.633" level="TRACE">Arguments: [ 'test-timer' | ' ' | '_' ]</msg>
<msg timestamp="20260125 13:39:42.633" level="TRACE">Return: 'test-timer'</msg>
<msg timestamp="20260125 13:39:42.633" level="INFO">${metrics_fname} = test-timer</msg>
<status status="PASS" starttime="20260125 13:39:42.633" endtime="20260125 13:39:42.633"/>
</kw>
<kw name="Replace String Using Regexp" library="String">
<var>${metrics_fname}</var>
<arg>${metrics_fname}</arg>
<arg>[^${allowed_chars}]+</arg>
<arg>${EMPTY}</arg>
<doc>Replaces ``pattern`` in the given ``string`` with ``replace_with``.</doc>
<msg timestamp="20260125 13:39:42.633" level="TRACE">Arguments: [ 'test-timer' | '[^abcdefghijklmnopqrstuvwxyz01234567890_-]+' | '' ]</msg>
<msg timestamp="20260125 13:39:42.634" level="TRACE">Return: 'test-timer'</msg>
<msg timestamp="20260125 13:39:42.634" level="INFO">${metrics_fname} = test-timer</msg>
<status status="PASS" starttime="20260125 13:39:42.633" endtime="20260125 13:39:42.634"/>
</kw>
<kw name="Join Path" library="OperatingSystem">
<var>${metrics_path}</var>
<arg>${RESULTS_DIRECTORY}</arg>
<arg>profiler-${metrics_fname}</arg>
<doc>Joins the given path part(s) to the given base path.</doc>
<msg timestamp="20260125 13:39:42.634" level="TRACE">Arguments: [ '/src/stm32f3-timer/' | 'profiler-test-timer' ]</msg>
<msg timestamp="20260125 13:39:42.634" level="TRACE">Return: '/src/stm32f3-timer/profiler-test-timer'</msg>
<msg timestamp="20260125 13:39:42.634" level="INFO">${metrics_path} = /src/stm32f3-timer/profiler-test-timer</msg>
<status status="PASS" starttime="20260125 13:39:42.634" endtime="20260125 13:39:42.634"/>
</kw>
<if>
<branch type="IF" condition="${CREATE_EXECUTION_METRICS}">
<kw name="Execute Command" library="Remote">
<arg>EnableProfilerGlobally "${metrics_path}"</arg>
<status status="NOT RUN" starttime="20260125 13:39:42.634" endtime="20260125 13:39:42.634"/>
</kw>
<status status="NOT RUN" starttime="20260125 13:39:42.634" endtime="20260125 13:39:42.634"/>
</branch>
<status status="PASS" starttime="20260125 13:39:42.634" endtime="20260125 13:39:42.634"/>
</if>
<kw name="Reset Emulation" library="Remote">
<msg timestamp="20260125 13:39:42.634" level="TRACE">Arguments: [  ]</msg>
<msg timestamp="20260125 13:39:42.638" level="TRACE">Return: ''</msg>
<status status="PASS" starttime="20260125 13:39:42.634" endtime="20260125 13:39:42.638"/>
</kw>
<msg timestamp="20260125 13:39:42.638" level="TRACE">Return: None</msg>
<status status="PASS" starttime="20260125 13:39:42.620" endtime="20260125 13:39:42.638"/>
</kw>
<msg timestamp="20260125 13:39:42.638" level="TRACE">Return: None</msg>
<status status="PASS" starttime="20260125 13:39:42.510" endtime="20260125 13:39:42.638"/>
</kw>
<test id="s1-t1" name="Should Initialize Timer And Report" line="12">
<kw name="Reset Emulation" library="Remote" type="SETUP">
<msg timestamp="20260125 13:39:42.638" level="TRACE">Arguments: [  ]</msg>
<msg timestamp="20260125 13:39:42.639" level="TRACE">Return: ''</msg>
<status status="PASS" starttime="20260125 13:39:42.638" endtime="20260125 13:39:42.639"/>
</kw>
<kw name="Execute Command" library="Remote">
<arg>mach create</arg>
<msg timestamp="20260125 13:39:42.640" level="TRACE">Arguments: [ 'mach create' ]</msg>
<msg timestamp="20260125 13:39:42.658" level="TRACE">Return: ''</msg>
<status status="PASS" starttime="20260125 13:39:42.640" endtime="20260125 13:39:42.658"/>
</kw>
<kw name="Execute Command" library="Remote">
<arg>machine LoadPlatformDescription @${PLATFORM}</arg>
<msg timestamp="20260125 13:39:42.658" level="TRACE">Arguments: [ 'machine LoadPlatformDescription @/src/stm32f3-timer/stm32f3_timer.repl' ]</msg>
<msg timestamp="20260125 13:39:43.170" level="TRACE">Return: ''</msg>
<status status="PASS" starttime="20260125 13:39:42.658" endtime="20260125 13:39:43.170"/>
</kw>
<kw name="Execute Command" library="Remote">
<arg>sysbus LoadELF @${ELF}</arg>
<msg timestamp="20260125 13:39:43.170" level="TRACE">Arguments: [ 'sysbus LoadELF @/src/stm32f3-timer/target/thumbv7em-none-eabihf/release/stm32f3-timer' ]</msg>
<msg timestamp="20260125 13:39:43.214" level="TRACE">Return: ''</msg>
<status status="PASS" starttime="20260125 13:39:43.170" endtime="20260125 13:39:43.214"/>
</kw>
<kw name="Create Terminal Tester" library="Remote">
<arg>sysbus.usart1</arg>
<msg timestamp="20260125 13:39:43.214" level="TRACE">Arguments: [ 'sysbus.usart1' ]</msg>
<msg timestamp="20260125 13:39:43.218" level="TRACE">Return: 0</msg>
<status status="PASS" starttime="20260125 13:39:43.214" endtime="20260125 13:39:43.218"/>
</kw>
<kw name="Start Emulation" library="Remote">
<msg timestamp="20260125 13:39:43.218" level="TRACE">Arguments: [  ]</msg>
<msg timestamp="20260125 13:39:43.325" level="TRACE">Return: ''</msg>
<status status="PASS" starttime="20260125 13:39:43.218" endtime="20260125 13:39:43.325"/>
</kw>
<kw name="Wait For Line On Uart" library="Remote">
<arg>Timer Peripheral Test</arg>
<arg>timeout=5</arg>
<msg timestamp="20260125 13:39:43.325" level="TRACE">Arguments: [ 'Timer Peripheral Test' | 'timeout=5' ]</msg>
<msg timestamp="20260125 13:39:43.330" level="TRACE">Return: {'groups': [],
 'isFailingString': False,
 'line': 'Timer Peripheral Test',
 'timestamp': 0.0}</msg>
<status status="PASS" starttime="20260125 13:39:43.325" endtime="20260125 13:39:43.330"/>
</kw>
<kw name="Test Teardown" library="renode-keywords" type="TEARDOWN">
<msg timestamp="20260125 13:39:43.330" level="TRACE">Arguments: [  ]</msg>
<kw name="Stop Profiler" library="renode-keywords">
<msg timestamp="20260125 13:39:43.331" level="TRACE">Arguments: [  ]</msg>
<if>
<branch type="IF" condition="${PROFILER_PROCESS}">
<kw name="Terminate Process" library="Process">
<arg>${PROFILER_PROCESS}</arg>
<doc>Stops the process gracefully or forcefully.</doc>
<status status="NOT RUN" starttime="20260125 13:39:43.331" endtime="20260125 13:39:43.331"/>
</kw>
<kw name="Set Test Variable" library="BuiltIn">
<arg>${PROFILER_PROCESS}</arg>
<arg>None</arg>
<doc>Makes a variable available everywhere within the scope of the current test.</doc>
<status status="NOT RUN" starttime="20260125 13:39:43.331" endtime="20260125 13:39:43.331"/>
</kw>
<status status="NOT RUN" starttime="20260125 13:39:43.331" endtime="20260125 13:39:43.331"/>
</branch>
<status status="PASS" starttime="20260125 13:39:43.331" endtime="20260125 13:39:43.331"/>
</if>
<msg timestamp="20260125 13:39:43.331" level="TRACE">Return: None</msg>
<status status="PASS" starttime="20260125 13:39:43.330" endtime="20260125 13:39:43.331"/>
</kw>
<kw name="Run Keyword If Test Failed" library="BuiltIn">
<var>${failed}</var>
<arg>Set Variable</arg>
<arg>True</arg>
<doc>Runs the given keyword with the given arguments, if the test failed.</doc>
<msg timestamp="20260125 13:39:43.331" level="TRACE">Arguments: [ 'Set Variable' | 'True' ]</msg>
<msg timestamp="20260125 13:39:43.331" level="TRACE">Return: None</msg>
<msg timestamp="20260125 13:39:43.331" level="INFO">${failed} = None</msg>
<status status="PASS" starttime="20260125 13:39:43.331" endtime="20260125 13:39:43.331"/>
</kw>
<if>
<branch type="IF" condition="${failed}">
<kw name="Strip String" library="String">
<var>${message}</var>
<arg>${TEST_MESSAGE}</arg>
<arg>mode=right</arg>
<doc>Remove leading and/or trailing whitespaces from the given string.</doc>
<status status="NOT RUN" starttime="20260125 13:39:43.331" endtime="20260125 13:39:43.331"/>
</kw>
<kw name="Set Test Message" library="BuiltIn">
<arg>${message}</arg>
<doc>Sets message for the current test case.</doc>
<status status="NOT RUN" starttime="20260125 13:39:43.331" endtime="20260125 13:39:43.331"/>
</kw>
<status status="NOT RUN" starttime="20260125 13:39:43.331" endtime="20260125 13:39:43.331"/>
</branch>
<status status="PASS" starttime="20260125 13:39:43.331" endtime="20260125 13:39:43.331"/>
</if>
<kw name="Run Keyword If Timeout Occurred" library="BuiltIn">
<var>${timed_out}</var>
<arg>Set Variable</arg>
<arg>True</arg>
<doc>Runs the given keyword if either a test or a keyword timeout has occurred.</doc>
<msg timestamp="20260125 13:39:43.331" level="TRACE">Arguments: [ 'Set Variable' | 'True' ]</msg>
<msg timestamp="20260125 13:39:43.331" level="TRACE">Return: None</msg>
<msg timestamp="20260125 13:39:43.331" level="INFO">${timed_out} = None</msg>
<status status="PASS" starttime="20260125 13:39:43.331" endtime="20260125 13:39:43.331"/>
</kw>
<if>
<branch type="IF" condition="${timed_out}">
<return>
<status status="NOT RUN" starttime="20260125 13:39:43.331" endtime="20260125 13:39:43.331"/>
</return>
<status status="NOT RUN" starttime="20260125 13:39:43.331" endtime="20260125 13:39:43.331"/>
</branch>
<status status="PASS" starttime="20260125 13:39:43.331" endtime="20260125 13:39:43.331"/>
</if>
<if>
<branch type="IF" condition="${CREATE_SNAPSHOT_ON_FAIL}">
<kw name="Run Keyword If Test Failed" library="BuiltIn">
<arg>Create Snapshot Of Failed Test</arg>
<doc>Runs the given keyword with the given arguments, if the test failed.</doc>
<msg timestamp="20260125 13:39:43.331" level="TRACE">Arguments: [ 'Create Snapshot Of Failed Test' ]</msg>
<msg timestamp="20260125 13:39:43.331" level="TRACE">Return: None</msg>
<status status="PASS" starttime="20260125 13:39:43.331" endtime="20260125 13:39:43.331"/>
</kw>
<status status="PASS" starttime="20260125 13:39:43.331" endtime="20260125 13:39:43.331"/>
</branch>
<status status="PASS" starttime="20260125 13:39:43.331" endtime="20260125 13:39:43.331"/>
</if>
<if>
<branch type="IF" condition="${SAVE_LOGS}">
<if>
<branch type="IF" condition="&quot;${SAVE_LOGS_WHEN}&quot; == &quot;Always&quot;">
<kw name="Save Test Log" library="renode-keywords">
<status status="NOT RUN" starttime="20260125 13:39:43.332" endtime="20260125 13:39:43.332"/>
</kw>
<status status="NOT RUN" starttime="20260125 13:39:43.331" endtime="20260125 13:39:43.332"/>
</branch>
<branch type="ELSE IF" condition="&quot;${SAVE_LOGS_WHEN}&quot; == &quot;Fail&quot;">
<kw name="Run Keyword If Test Failed" library="BuiltIn">
<arg>Save Test Log</arg>
<doc>Runs the given keyword with the given arguments, if the test failed.</doc>
<msg timestamp="20260125 13:39:43.332" level="TRACE">Arguments: [ 'Save Test Log' ]</msg>
<msg timestamp="20260125 13:39:43.332" level="TRACE">Return: None</msg>
<status status="PASS" starttime="20260125 13:39:43.332" endtime="20260125 13:39:43.332"/>
</kw>
<status status="PASS" starttime="20260125 13:39:43.332" endtime="20260125 13:39:43.332"/>
</branch>
<status status="PASS" starttime="20260125 13:39:43.331" endtime="20260125 13:39:43.332"/>
</if>
<status status="PASS" starttime="20260125 13:39:43.331" endtime="20260125 13:39:43.332"/>
</branch>
<status status="PASS" starttime="20260125 13:39:43.331" endtime="20260125 13:39:43.332"/>
</if>
<if>
<branch type="IF" condition="${HOLD_ON_ERROR}">
<kw name="Run Keyword If Test Failed" library="BuiltIn">
<var>${res}</var>
<arg>Run Keyword And Ignore Error</arg>
<arg>Import Library</arg>
<arg>Dialogs</arg>
<doc>Runs the given keyword with the given arguments, if the test failed.</doc>
<status status="NOT RUN" starttime="20260125 13:39:43.332" endtime="20260125 13:39:43.332"/>
</kw>
<kw name="Run Keyword If Test Failed" library="BuiltIn">
<arg>Run Keywords</arg>
<arg>Run Keyword If</arg>
<arg>'${res[0]}' == 'FAIL'</arg>
<arg>Log</arg>
<arg>Couldn't load the Dialogs library - interactive debugging is not possible</arg>
<arg>console=True</arg>
<arg>AND</arg>
<arg>Run Keyword If</arg>
<arg>'${res[0]}' != 'FAIL'</arg>
<arg>Open GUI</arg>
<arg>AND</arg>
<arg>Run Keyword If</arg>
<arg>'${res[0]}' != 'FAIL'</arg>
<arg>Pause Execution</arg>
<arg>Test failed. Press OK once done debugging.</arg>
<arg>AND</arg>
<arg>Run Keyword If</arg>
<arg>'${res[0]}' != 'FAIL'</arg>
<arg>Close GUI</arg>
<doc>Runs the given keyword with the given arguments, if the test failed.</doc>
<status status="NOT RUN" starttime="20260125 13:39:43.332" endtime="20260125 13:39:43.332"/>
</kw>
<status status="NOT RUN" starttime="20260125 13:39:43.332" endtime="20260125 13:39:43.332"/>
</branch>
<status status="PASS" starttime="20260125 13:39:43.332" endtime="20260125 13:39:43.332"/>
</if>
<kw name="Reset Emulation" library="Remote">
<msg timestamp="20260125 13:39:43.332" level="TRACE">Arguments: [  ]</msg>
<msg timestamp="20260125 13:39:43.342" level="TRACE">Return: ''</msg>
<status status="PASS" starttime="20260125 13:39:43.332" endtime="20260125 13:39:43.342"/>
</kw>
<kw name="Clear Cached Log" library="Remote">
<msg timestamp="20260125 13:39:43.342" level="TRACE">Arguments: [  ]</msg>
<msg timestamp="20260125 13:39:43.346" level="TRACE">Return: ''</msg>
<status status="PASS" starttime="20260125 13:39:43.342" endtime="20260125 13:39:43.347"/>
</kw>
<msg timestamp="20260125 13:39:43.347" level="TRACE">Return: None</msg>
<status status="PASS" starttime="20260125 13:39:43.330" endtime="20260125 13:39:43.347"/>
</kw>
<doc>Verify Timer test initializes and reports on UART</doc>
<status status="PASS" starttime="20260125 13:39:42.638" endtime="20260125 13:39:43.347"/>
</test>
<test id="s1-t2" name="Should Complete Timer2 Countdown" line="24">
<kw name="Reset Emulation" library="Remote" type="SETUP">
<msg timestamp="20260125 13:39:43.347" level="TRACE">Arguments: [  ]</msg>
<msg timestamp="20260125 13:39:43.348" level="TRACE">Return: ''</msg>
<status status="PASS" starttime="20260125 13:39:43.347" endtime="20260125 13:39:43.348"/>
</kw>
<kw name="Execute Command" library="Remote">
<arg>mach create</arg>
<msg timestamp="20260125 13:39:43.348" level="TRACE">Arguments: [ 'mach create' ]</msg>
<msg timestamp="20260125 13:39:43.349" level="TRACE">Return: ''</msg>
<status status="PASS" starttime="20260125 13:39:43.348" endtime="20260125 13:39:43.349"/>
</kw>
<kw name="Execute Command" library="Remote">
<arg>machine LoadPlatformDescription @${PLATFORM}</arg>
<msg timestamp="20260125 13:39:43.349" level="TRACE">Arguments: [ 'machine LoadPlatformDescription @/src/stm32f3-timer/stm32f3_timer.repl' ]</msg>
<msg timestamp="20260125 13:39:43.427" level="TRACE">Return: ''</msg>
<status status="PASS" starttime="20260125 13:39:43.349" endtime="20260125 13:39:43.427"/>
</kw>
<kw name="Execute Command" library="Remote">
<arg>sysbus LoadELF @${ELF}</arg>
<msg timestamp="20260125 13:39:43.428" level="TRACE">Arguments: [ 'sysbus LoadELF @/src/stm32f3-timer/target/thumbv7em-none-eabihf/release/stm32f3-timer' ]</msg>
<msg timestamp="20260125 13:39:43.434" level="TRACE">Return: ''</msg>
<status status="PASS" starttime="20260125 13:39:43.427" endtime="20260125 13:39:43.434"/>
</kw>
<kw name="Create Terminal Tester" library="Remote">
<arg>sysbus.usart1</arg>
<msg timestamp="20260125 13:39:43.434" level="TRACE">Arguments: [ 'sysbus.usart1' ]</msg>
<msg timestamp="20260125 13:39:43.436" level="TRACE">Return: 0</msg>
<status status="PASS" starttime="20260125 13:39:43.434" endtime="20260125 13:39:43.436"/>
</kw>
<kw name="Start Emulation" library="Remote">
<msg timestamp="20260125 13:39:43.436" level="TRACE">Arguments: [  ]</msg>
<msg timestamp="20260125 13:39:43.539" level="TRACE">Return: ''</msg>
<status status="PASS" starttime="20260125 13:39:43.436" endtime="20260125 13:39:43.539"/>
</kw>
<kw name="Wait For Line On Uart" library="Remote">
<arg>Test 1: Timer2 Countdown</arg>
<arg>timeout=5</arg>
<msg timestamp="20260125 13:39:43.539" level="TRACE">Arguments: [ 'Test 1: Timer2 Countdown' | 'timeout=5' ]</msg>
<msg timestamp="20260125 13:39:43.541" level="TRACE">Return: {'groups': [],
 'isFailingString': False,
 'line': 'Test 1: Timer2 Countdown',
 'timestamp': 0.0}</msg>
<status status="PASS" starttime="20260125 13:39:43.539" endtime="20260125 13:39:43.541"/>
</kw>
<kw name="Wait For Line On Uart" library="Remote">
<arg>Timer2 started</arg>
<arg>timeout=5</arg>
<msg timestamp="20260125 13:39:43.541" level="TRACE">Arguments: [ 'Timer2 started' | 'timeout=5' ]</msg>
<msg timestamp="20260125 13:39:43.543" level="TRACE">Return: {'groups': [],
 'isFailingString': False,
 'line': 'Timer2 started (100ms)',
 'timestamp': 0.02731}</msg>
<status status="PASS" starttime="20260125 13:39:43.541" endtime="20260125 13:39:43.544"/>
</kw>
<kw name="Wait For Line On Uart" library="Remote">
<arg>Timer2 expired: PASS</arg>
<arg>timeout=10</arg>
<msg timestamp="20260125 13:39:43.544" level="TRACE">Arguments: [ 'Timer2 expired: PASS' | 'timeout=10' ]</msg>
<msg timestamp="20260125 13:41:57.320" level="FAIL">InvalidOperationException: Terminal tester failed!

Full report:
([host: 01/25/2026 13:39:43, virt:       0] Attached to UART event: success)
[host: 01/25/2026 13:39:43, virt:       0] Timer Peripheral Test
[host: 01/25/2026 13:39:43, virt:       0] 
[host: 01/25/2026 13:39:43, virt:       0] Test 1: Timer2 Countdown
([host: 01/25/2026 13:39:43, virt:     3.9] Line containing &gt;&gt;Test 1: Timer2 Countdown&lt;&lt; event: success)
[host: 01/25/2026 13:39:43, virt:       0] Timer2 started (100ms)
([host: 01/25/2026 13:39:43, virt:       4] Line containing &gt;&gt;Timer2 started&lt;&lt; event: success)
[host: 01/25/2026 13:39:44, virt:      70] Timer2 timeout: FAIL
[host: 01/25/2026 13:39:44, virt:      70] 
[host: 01/25/2026 13:39:44, virt:      70] Test 2: Timer3 Periodic
[host: 01/25/2026 13:39:44, virt:      70] Timer3 started (50ms periodic)
 [[no newline]]
([host: 01/25/2026 13:41:57, virt:   10004] Line containing &gt;&gt;Timer2 expired: PASS&lt;&lt; event: failure)

</msg>
<msg timestamp="20260125 13:41:57.320" level="DEBUG">InvalidOperationException:    at Antmicro.Renode.RobotFramework.UartKeywords.OperationFail(TerminalTester tester)
   at Antmicro.Renode.RobotFramework.UartKeywords.DoTest[T](Nullable`1 timeout, Nullable`1 testerId, Func`3 test, Boolean expectBinaryModeTester)
   at Antmicro.Renode.RobotFramework.UartKeywords.WaitForLineOnUart(String content, Nullable`1 timeout, Nullable`1 testerId, Boolean treatAsRegex, Boolean includeUnfinishedLine, Nullable`1 pauseEmulation, Nullable`1 matchNextLine)
   at InvokeStub_UartKeywords.WaitForLineOnUart(Object, Span`1)
   at System.Reflection.MethodBaseInvoker.InvokeWithManyArgs(Object obj, BindingFlags invokeAttr, Binder binder, Object[] parameters, CultureInfo culture)
</msg>
<status status="FAIL" starttime="20260125 13:39:43.544" endtime="20260125 13:41:57.320"/>
</kw>
<kw name="Test Teardown" library="renode-keywords" type="TEARDOWN">
<msg timestamp="20260125 13:41:57.320" level="TRACE">Arguments: [  ]</msg>
<kw name="Stop Profiler" library="renode-keywords">
<msg timestamp="20260125 13:41:57.320" level="TRACE">Arguments: [  ]</msg>
<if>
<branch type="IF" condition="${PROFILER_PROCESS}">
<kw name="Terminate Process" library="Process">
<arg>${PROFILER_PROCESS}</arg>
<doc>Stops the process gracefully or forcefully.</doc>
<status status="NOT RUN" starttime="20260125 13:41:57.320" endtime="20260125 13:41:57.320"/>
</kw>
<kw name="Set Test Variable" library="BuiltIn">
<arg>${PROFILER_PROCESS}</arg>
<arg>None</arg>
<doc>Makes a variable available everywhere within the scope of the current test.</doc>
<status status="NOT RUN" starttime="20260125 13:41:57.320" endtime="20260125 13:41:57.320"/>
</kw>
<status status="NOT RUN" starttime="20260125 13:41:57.320" endtime="20260125 13:41:57.320"/>
</branch>
<status status="PASS" starttime="20260125 13:41:57.320" endtime="20260125 13:41:57.320"/>
</if>
<msg timestamp="20260125 13:41:57.320" level="TRACE">Return: None</msg>
<status status="PASS" starttime="20260125 13:41:57.320" endtime="20260125 13:41:57.320"/>
</kw>
<kw name="Run Keyword If Test Failed" library="BuiltIn">
<var>${failed}</var>
<arg>Set Variable</arg>
<arg>True</arg>
<doc>Runs the given keyword with the given arguments, if the test failed.</doc>
<msg timestamp="20260125 13:41:57.321" level="TRACE">Arguments: [ 'Set Variable' | 'True' ]</msg>
<kw name="Set Variable" library="BuiltIn">
<arg>True</arg>
<doc>Returns the given values which can then be assigned to a variables.</doc>
<msg timestamp="20260125 13:41:57.321" level="TRACE">Arguments: [ 'True' ]</msg>
<msg timestamp="20260125 13:41:57.321" level="TRACE">Return: 'True'</msg>
<status status="PASS" starttime="20260125 13:41:57.321" endtime="20260125 13:41:57.321"/>
</kw>
<msg timestamp="20260125 13:41:57.321" level="TRACE">Return: 'True'</msg>
<msg timestamp="20260125 13:41:57.321" level="INFO">${failed} = True</msg>
<status status="PASS" starttime="20260125 13:41:57.320" endtime="20260125 13:41:57.321"/>
</kw>
<if>
<branch type="IF" condition="${failed}">
<kw name="Strip String" library="String">
<var>${message}</var>
<arg>${TEST_MESSAGE}</arg>
<arg>mode=right</arg>
<doc>Remove leading and/or trailing whitespaces from the given string.</doc>
<msg timestamp="20260125 13:41:57.321" level="TRACE">Arguments: [ 'InvalidOperationException: Terminal tester failed!\n\nFull report:\n([host: 01/25/2026 13:39:43, virt:       0] Attached to UART event: success)\n[host: 01/25/2026 13:39:43, virt:       0] Timer Peripheral Test\n[host: 01/25/2026 13:39:43, virt:       0] \n[host: 01/25/2026 13:39:43, virt:       0] Test 1: Timer2 Countdown\n([host: 01/25/2026 13:39:43, virt:     3.9] Line containing &gt;&gt;Test 1: Timer2 Countdown&lt;&lt; event: success)\n[host: 01/25/2026 13:39:43, virt:       0] Timer2 started (100ms)\n([host: 01/25/2026 13:39:43, virt:       4] Line containing &gt;&gt;Timer2 started&lt;&lt; event: success)\n[host: 01/25/2026 13:39:44, virt:      70] Timer2 timeout: FAIL\n[host: 01/25/2026 13:39:44, virt:      70] \n[host: 01/25/2026 13:39:44, virt:      70] Test 2: Timer3 Periodic\n[host: 01/25/2026 13:39:44, virt:      70] Timer3 started (50ms periodic)\n [[no newline]]\n([host: 01/25/2026 13:41:57, virt:   10004] Line containing &gt;&gt;Timer2 expired: PASS&lt;&lt; event: failure)\n\n' | mode='right' ]</msg>
<msg timestamp="20260125 13:41:57.321" level="TRACE">Return: 'InvalidOperationException: Terminal tester failed!\n\nFull report:\n([host: 01/25/2026 13:39:43, virt:       0] Attached to UART event: success)\n[host: 01/25/2026 13:39:43, virt:       0] Timer Peripheral Test\n[host: 01/25/2026 13:39:43, virt:       0] \n[host: 01/25/2026 13:39:43, virt:       0] Test 1: Timer2 Countdown\n([host: 01/25/2026 13:39:43, virt:     3.9] Line containing &gt;&gt;Test 1: Timer2 Countdown&lt;&lt; event: success)\n[host: 01/25/2026 13:39:43, virt:       0] Timer2 started (100ms)\n([host: 01/25/2026 13:39:43, virt:       4] Line containing &gt;&gt;Timer2 started&lt;&lt; event: success)\n[host: 01/25/2026 13:39:44, virt:      70] Timer2 timeout: FAIL\n[host: 01/25/2026 13:39:44, virt:      70] \n[host: 01/25/2026 13:39:44, virt:      70] Test 2: Timer3 Periodic\n[host: 01/25/2026 13:39:44, virt:      70] Timer3 started (50ms periodic)\n [[no newline]]\n([host: 01/25/2026 13:41:57, virt:   10004] Line containing &gt;&gt;Timer2 expired: PASS&lt;&lt; event: failure)'</msg>
<msg timestamp="20260125 13:41:57.321" level="INFO">${message} = InvalidOperationException: Terminal tester failed!

Full report:
([host: 01/25/2026 13:39:43, virt:       0] Attached to UART event: success)
[host: 01/25/2026 13:39:43, virt:       0] Timer Periphera...</msg>
<status status="PASS" starttime="20260125 13:41:57.321" endtime="20260125 13:41:57.321"/>
</kw>
<kw name="Set Test Message" library="BuiltIn">
<arg>${message}</arg>
<doc>Sets message for the current test case.</doc>
<msg timestamp="20260125 13:41:57.322" level="TRACE">Arguments: [ 'InvalidOperationException: Terminal tester failed!\n\nFull report:\n([host: 01/25/2026 13:39:43, virt:       0] Attached to UART event: success)\n[host: 01/25/2026 13:39:43, virt:       0] Timer Peripheral Test\n[host: 01/25/2026 13:39:43, virt:       0] \n[host: 01/25/2026 13:39:43, virt:       0] Test 1: Timer2 Countdown\n([host: 01/25/2026 13:39:43, virt:     3.9] Line containing &gt;&gt;Test 1: Timer2 Countdown&lt;&lt; event: success)\n[host: 01/25/2026 13:39:43, virt:       0] Timer2 started (100ms)\n([host: 01/25/2026 13:39:43, virt:       4] Line containing &gt;&gt;Timer2 started&lt;&lt; event: success)\n[host: 01/25/2026 13:39:44, virt:      70] Timer2 timeout: FAIL\n[host: 01/25/2026 13:39:44, virt:      70] \n[host: 01/25/2026 13:39:44, virt:      70] Test 2: Timer3 Periodic\n[host: 01/25/2026 13:39:44, virt:      70] Timer3 started (50ms periodic)\n [[no newline]]\n([host: 01/25/2026 13:41:57, virt:   10004] Line containing &gt;&gt;Timer2 expired: PASS&lt;&lt; event: failure)' ]</msg>
<msg timestamp="20260125 13:41:57.322" level="INFO">Set test message to:
InvalidOperationException: Terminal tester failed!

Full report:
([host: 01/25/2026 13:39:43, virt:       0] Attached to UART event: success)
[host: 01/25/2026 13:39:43, virt:       0] Timer Peripheral Test
[host: 01/25/2026 13:39:43, virt:       0] 
[host: 01/25/2026 13:39:43, virt:       0] Test 1: Timer2 Countdown
([host: 01/25/2026 13:39:43, virt:     3.9] Line containing &gt;&gt;Test 1: Timer2 Countdown&lt;&lt; event: success)
[host: 01/25/2026 13:39:43, virt:       0] Timer2 started (100ms)
([host: 01/25/2026 13:39:43, virt:       4] Line containing &gt;&gt;Timer2 started&lt;&lt; event: success)
[host: 01/25/2026 13:39:44, virt:      70] Timer2 timeout: FAIL
[host: 01/25/2026 13:39:44, virt:      70] 
[host: 01/25/2026 13:39:44, virt:      70] Test 2: Timer3 Periodic
[host: 01/25/2026 13:39:44, virt:      70] Timer3 started (50ms periodic)
 [[no newline]]
([host: 01/25/2026 13:41:57, virt:   10004] Line containing &gt;&gt;Timer2 expired: PASS&lt;&lt; event: failure)</msg>
<msg timestamp="20260125 13:41:57.322" level="TRACE">Return: None</msg>
<status status="PASS" starttime="20260125 13:41:57.322" endtime="20260125 13:41:57.322"/>
</kw>
<status status="PASS" starttime="20260125 13:41:57.321" endtime="20260125 13:41:57.322"/>
</branch>
<status status="PASS" starttime="20260125 13:41:57.321" endtime="20260125 13:41:57.322"/>
</if>
<kw name="Run Keyword If Timeout Occurred" library="BuiltIn">
<var>${timed_out}</var>
<arg>Set Variable</arg>
<arg>True</arg>
<doc>Runs the given keyword if either a test or a keyword timeout has occurred.</doc>
<msg timestamp="20260125 13:41:57.322" level="TRACE">Arguments: [ 'Set Variable' | 'True' ]</msg>
<msg timestamp="20260125 13:41:57.322" level="TRACE">Return: None</msg>
<msg timestamp="20260125 13:41:57.322" level="INFO">${timed_out} = None</msg>
<status status="PASS" starttime="20260125 13:41:57.322" endtime="20260125 13:41:57.322"/>
</kw>
<if>
<branch type="IF" condition="${timed_out}">
<return>
<status status="NOT RUN" starttime="20260125 13:41:57.322" endtime="20260125 13:41:57.322"/>
</return>
<status status="NOT RUN" starttime="20260125 13:41:57.322" endtime="20260125 13:41:57.322"/>
</branch>
<status status="PASS" starttime="20260125 13:41:57.322" endtime="20260125 13:41:57.322"/>
</if>
<if>
<branch type="IF" condition="${CREATE_SNAPSHOT_ON_FAIL}">
<kw name="Run Keyword If Test Failed" library="BuiltIn">
<arg>Create Snapshot Of Failed Test</arg>
<doc>Runs the given keyword with the given arguments, if the test failed.</doc>
<msg timestamp="20260125 13:41:57.322" level="TRACE">Arguments: [ 'Create Snapshot Of Failed Test' ]</msg>
<kw name="Create Snapshot Of Failed Test" library="renode-keywords">
<msg timestamp="20260125 13:41:57.322" level="TRACE">Arguments: [  ]</msg>
<kw name="Return From Keyword If" library="BuiltIn">
<arg>'skipped' in @{TEST TAGS}</arg>
<doc>Returns from the enclosing user keyword if ``condition`` is true.</doc>
<msg timestamp="20260125 13:41:57.322" level="TRACE">Arguments: [ "'skipped' in []" ]</msg>
<msg timestamp="20260125 13:41:57.322" level="TRACE">Return: None</msg>
<status status="PASS" starttime="20260125 13:41:57.322" endtime="20260125 13:41:57.322"/>
</kw>
<kw name="Get Variable Value" library="BuiltIn">
<var>${retry_index}</var>
<arg>\${RETRYFAILED_RETRY_INDEX}</arg>
<arg>0</arg>
<doc>Returns variable value or ``default`` if the variable does not exist.</doc>
<msg timestamp="20260125 13:41:57.322" level="TRACE">Arguments: [ '\\${RETRYFAILED_RETRY_INDEX}' | '0' ]</msg>
<msg timestamp="20260125 13:41:57.322" level="TRACE">Return: '0'</msg>
<msg timestamp="20260125 13:41:57.322" level="INFO">${retry_index} = 0</msg>
<status status="PASS" starttime="20260125 13:41:57.322" endtime="20260125 13:41:57.322"/>
</kw>
<kw name="Set Variable" library="BuiltIn">
<var>${test_name}</var>
<arg>${SUITE NAME}.${TEST NAME}.fail${retry_index}.save</arg>
<doc>Returns the given values which can then be assigned to a variables.</doc>
<msg timestamp="20260125 13:41:57.323" level="TRACE">Arguments: [ 'test-timer.Should Complete Timer2 Countdown.fail0.save' ]</msg>
<msg timestamp="20260125 13:41:57.323" level="TRACE">Return: 'test-timer.Should Complete Timer2 Countdown.fail0.save'</msg>
<msg timestamp="20260125 13:41:57.323" level="INFO">${test_name} = test-timer.Should Complete Timer2 Countdown.fail0.save</msg>
<status status="PASS" starttime="20260125 13:41:57.323" endtime="20260125 13:41:57.323"/>
</kw>
<kw name="Sanitize Test Name" library="renode-keywords">
<var>${test_name}</var>
<arg>${test_name}</arg>
<msg timestamp="20260125 13:41:57.323" level="TRACE">Arguments: [ ${test_name}='test-timer.Should Complete Timer2 Countdown.fail0.save' ]</msg>
<kw name="Replace String" library="String">
<var>${test_name}</var>
<arg>${test_name}</arg>
<arg>${SPACE}</arg>
<arg>_</arg>
<doc>Replaces ``search_for`` in the given ``string`` with ``replace_with``.</doc>
<msg timestamp="20260125 13:41:57.323" level="TRACE">Arguments: [ 'test-timer.Should Complete Timer2 Countdown.fail0.save' | ' ' | '_' ]</msg>
<msg timestamp="20260125 13:41:57.323" level="TRACE">Return: 'test-timer.Should_Complete_Timer2_Countdown.fail0.save'</msg>
<msg timestamp="20260125 13:41:57.323" level="INFO">${test_name} = test-timer.Should_Complete_Timer2_Countdown.fail0.save</msg>
<status status="PASS" starttime="20260125 13:41:57.323" endtime="20260125 13:41:57.323"/>
</kw>
<kw name="Replace String Using Regexp" library="String">
<var>${test_name}</var>
<arg>${test_name}</arg>
<arg>[/""]</arg>
<arg>-</arg>
<doc>Replaces ``pattern`` in the given ``string`` with ``replace_with``.</doc>
<msg timestamp="20260125 13:41:57.323" level="TRACE">Arguments: [ 'test-timer.Should_Complete_Timer2_Countdown.fail0.save' | '[/""]' | '-' ]</msg>
<msg timestamp="20260125 13:41:57.323" level="TRACE">Return: 'test-timer.Should_Complete_Timer2_Countdown.fail0.save'</msg>
<msg timestamp="20260125 13:41:57.323" level="INFO">${test_name} = test-timer.Should_Complete_Timer2_Countdown.fail0.save</msg>
<status status="PASS" starttime="20260125 13:41:57.323" endtime="20260125 13:41:57.323"/>
</kw>
<return>
<value>${test_name}</value>
<status status="PASS" starttime="20260125 13:41:57.323" endtime="20260125 13:41:57.323"/>
</return>
<msg timestamp="20260125 13:41:57.323" level="TRACE">Return: 'test-timer.Should_Complete_Timer2_Countdown.fail0.save'</msg>
<msg timestamp="20260125 13:41:57.323" level="INFO">${test_name} = test-timer.Should_Complete_Timer2_Countdown.fail0.save</msg>
<status status="PASS" starttime="20260125 13:41:57.323" endtime="20260125 13:41:57.323"/>
</kw>
<kw name="Set Variable" library="BuiltIn">
<var>${snapshots_dir}</var>
<arg>${RESULTS_DIRECTORY}/snapshots</arg>
<doc>Returns the given values which can then be assigned to a variables.</doc>
<msg timestamp="20260125 13:41:57.323" level="TRACE">Arguments: [ '/src/stm32f3-timer//snapshots' ]</msg>
<msg timestamp="20260125 13:41:57.323" level="TRACE">Return: '/src/stm32f3-timer//snapshots'</msg>
<msg timestamp="20260125 13:41:57.323" level="INFO">${snapshots_dir} = /src/stm32f3-timer//snapshots</msg>
<status status="PASS" starttime="20260125 13:41:57.323" endtime="20260125 13:41:57.323"/>
</kw>
<kw name="Create Directory" library="OperatingSystem">
<arg>${snapshots_dir}</arg>
<doc>Creates the specified directory.</doc>
<msg timestamp="20260125 13:41:57.323" level="TRACE">Arguments: [ '/src/stm32f3-timer//snapshots' ]</msg>
<msg timestamp="20260125 13:41:57.323" level="INFO" html="true">Directory '&lt;a href="file:///src/stm32f3-timer/snapshots"&gt;/src/stm32f3-timer/snapshots&lt;/a&gt;' already exists.</msg>
<msg timestamp="20260125 13:41:57.323" level="TRACE">Return: None</msg>
<status status="PASS" starttime="20260125 13:41:57.323" endtime="20260125 13:41:57.324"/>
</kw>
<kw name="Set Variable" library="BuiltIn">
<var>${snapshot_path}</var>
<arg>"${snapshots_dir}/${test_name}"</arg>
<doc>Returns the given values which can then be assigned to a variables.</doc>
<msg timestamp="20260125 13:41:57.324" level="TRACE">Arguments: [ '"/src/stm32f3-timer//snapshots/test-timer.Should_Complete_Timer2_Countdown.fail0.save"' ]</msg>
<msg timestamp="20260125 13:41:57.324" level="TRACE">Return: '"/src/stm32f3-timer//snapshots/test-timer.Should_Complete_Timer2_Countdown.fail0.save"'</msg>
<msg timestamp="20260125 13:41:57.324" level="INFO">${snapshot_path} = "/src/stm32f3-timer//snapshots/test-timer.Should_Complete_Timer2_Countdown.fail0.save"</msg>
<status status="PASS" starttime="20260125 13:41:57.324" endtime="20260125 13:41:57.324"/>
</kw>
<kw name="Execute Command" library="Remote">
<arg>Save ${snapshot_path}</arg>
<msg timestamp="20260125 13:41:57.324" level="TRACE">Arguments: [ 'Save "/src/stm32f3-timer//snapshots/test-timer.Should_Complete_Timer2_Countdown.fail0.save"' ]</msg>
<msg timestamp="20260125 13:41:57.568" level="TRACE">Return: ''</msg>
<status status="PASS" starttime="20260125 13:41:57.324" endtime="20260125 13:41:57.568"/>
</kw>
<kw name="Log To Console" library="BuiltIn">
<arg>!!!!! Emulation's state saved to ${snapshot_path}</arg>
<doc>Logs the given message to the console.</doc>
<msg timestamp="20260125 13:41:57.568" level="TRACE">Arguments: [ '!!!!! Emulation\'s state saved to "/src/stm32f3-timer//snapshots/test-timer.Should_Complete_Timer2_Countdown.fail0.save"' ]</msg>
<msg timestamp="20260125 13:41:57.568" level="TRACE">Return: None</msg>
<status status="PASS" starttime="20260125 13:41:57.568" endtime="20260125 13:41:57.568"/>
</kw>
<msg timestamp="20260125 13:41:57.568" level="TRACE">Return: None</msg>
<status status="PASS" starttime="20260125 13:41:57.322" endtime="20260125 13:41:57.568"/>
</kw>
<msg timestamp="20260125 13:41:57.568" level="TRACE">Return: None</msg>
<status status="PASS" starttime="20260125 13:41:57.322" endtime="20260125 13:41:57.568"/>
</kw>
<status status="PASS" starttime="20260125 13:41:57.322" endtime="20260125 13:41:57.568"/>
</branch>
<status status="PASS" starttime="20260125 13:41:57.322" endtime="20260125 13:41:57.568"/>
</if>
<if>
<branch type="IF" condition="${SAVE_LOGS}">
<if>
<branch type="IF" condition="&quot;${SAVE_LOGS_WHEN}&quot; == &quot;Always&quot;">
<kw name="Save Test Log" library="renode-keywords">
<status status="NOT RUN" starttime="20260125 13:41:57.568" endtime="20260125 13:41:57.568"/>
</kw>
<status status="NOT RUN" starttime="20260125 13:41:57.568" endtime="20260125 13:41:57.568"/>
</branch>
<branch type="ELSE IF" condition="&quot;${SAVE_LOGS_WHEN}&quot; == &quot;Fail&quot;">
<kw name="Run Keyword If Test Failed" library="BuiltIn">
<arg>Save Test Log</arg>
<doc>Runs the given keyword with the given arguments, if the test failed.</doc>
<msg timestamp="20260125 13:41:57.568" level="TRACE">Arguments: [ 'Save Test Log' ]</msg>
<kw name="Save Test Log" library="renode-keywords">
<msg timestamp="20260125 13:41:57.568" level="TRACE">Arguments: [  ]</msg>
<kw name="Return From Keyword If" library="BuiltIn">
<arg>'skipped' in @{TEST TAGS}</arg>
<doc>Returns from the enclosing user keyword if ``condition`` is true.</doc>
<msg timestamp="20260125 13:41:57.569" level="TRACE">Arguments: [ "'skipped' in []" ]</msg>
<msg timestamp="20260125 13:41:57.569" level="TRACE">Return: None</msg>
<status status="PASS" starttime="20260125 13:41:57.569" endtime="20260125 13:41:57.569"/>
</kw>
<kw name="Get Variable Value" library="BuiltIn">
<var>${retry_index}</var>
<arg>\${RETRYFAILED_RETRY_INDEX}</arg>
<arg>0</arg>
<doc>Returns variable value or ``default`` if the variable does not exist.</doc>
<msg timestamp="20260125 13:41:57.569" level="TRACE">Arguments: [ '\\${RETRYFAILED_RETRY_INDEX}' | '0' ]</msg>
<msg timestamp="20260125 13:41:57.569" level="TRACE">Return: '0'</msg>
<msg timestamp="20260125 13:41:57.569" level="INFO">${retry_index} = 0</msg>
<status status="PASS" starttime="20260125 13:41:57.569" endtime="20260125 13:41:57.569"/>
</kw>
<kw name="Set Variable" library="BuiltIn">
<var>${test_name}</var>
<arg>${SUITE NAME}.${TEST NAME}.fail${retry_index}</arg>
<doc>Returns the given values which can then be assigned to a variables.</doc>
<msg timestamp="20260125 13:41:57.569" level="TRACE">Arguments: [ 'test-timer.Should Complete Timer2 Countdown.fail0' ]</msg>
<msg timestamp="20260125 13:41:57.569" level="TRACE">Return: 'test-timer.Should Complete Timer2 Countdown.fail0'</msg>
<msg timestamp="20260125 13:41:57.569" level="INFO">${test_name} = test-timer.Should Complete Timer2 Countdown.fail0</msg>
<status status="PASS" starttime="20260125 13:41:57.569" endtime="20260125 13:41:57.569"/>
</kw>
<kw name="Sanitize Test Name" library="renode-keywords">
<var>${test_name}</var>
<arg>${test_name}</arg>
<msg timestamp="20260125 13:41:57.569" level="TRACE">Arguments: [ ${test_name}='test-timer.Should Complete Timer2 Countdown.fail0' ]</msg>
<kw name="Replace String" library="String">
<var>${test_name}</var>
<arg>${test_name}</arg>
<arg>${SPACE}</arg>
<arg>_</arg>
<doc>Replaces ``search_for`` in the given ``string`` with ``replace_with``.</doc>
<msg timestamp="20260125 13:41:57.569" level="TRACE">Arguments: [ 'test-timer.Should Complete Timer2 Countdown.fail0' | ' ' | '_' ]</msg>
<msg timestamp="20260125 13:41:57.569" level="TRACE">Return: 'test-timer.Should_Complete_Timer2_Countdown.fail0'</msg>
<msg timestamp="20260125 13:41:57.569" level="INFO">${test_name} = test-timer.Should_Complete_Timer2_Countdown.fail0</msg>
<status status="PASS" starttime="20260125 13:41:57.569" endtime="20260125 13:41:57.569"/>
</kw>
<kw name="Replace String Using Regexp" library="String">
<var>${test_name}</var>
<arg>${test_name}</arg>
<arg>[/""]</arg>
<arg>-</arg>
<doc>Replaces ``pattern`` in the given ``string`` with ``replace_with``.</doc>
<msg timestamp="20260125 13:41:57.569" level="TRACE">Arguments: [ 'test-timer.Should_Complete_Timer2_Countdown.fail0' | '[/""]' | '-' ]</msg>
<msg timestamp="20260125 13:41:57.570" level="TRACE">Return: 'test-timer.Should_Complete_Timer2_Countdown.fail0'</msg>
<msg timestamp="20260125 13:41:57.570" level="INFO">${test_name} = test-timer.Should_Complete_Timer2_Countdown.fail0</msg>
<status status="PASS" starttime="20260125 13:41:57.569" endtime="20260125 13:41:57.570"/>
</kw>
<return>
<value>${test_name}</value>
<status status="PASS" starttime="20260125 13:41:57.570" endtime="20260125 13:41:57.570"/>
</return>
<msg timestamp="20260125 13:41:57.570" level="TRACE">Return: 'test-timer.Should_Complete_Timer2_Countdown.fail0'</msg>
<msg timestamp="20260125 13:41:57.570" level="INFO">${test_name} = test-timer.Should_Complete_Timer2_Countdown.fail0</msg>
<status status="PASS" starttime="20260125 13:41:57.569" endtime="20260125 13:41:57.570"/>
</kw>
<kw name="Set Variable" library="BuiltIn">
<var>${logs_dir}</var>
<arg>${RESULTS_DIRECTORY}/logs</arg>
<doc>Returns the given values which can then be assigned to a variables.</doc>
<msg timestamp="20260125 13:41:57.570" level="TRACE">Arguments: [ '/src/stm32f3-timer//logs' ]</msg>
<msg timestamp="20260125 13:41:57.570" level="TRACE">Return: '/src/stm32f3-timer//logs'</msg>
<msg timestamp="20260125 13:41:57.570" level="INFO">${logs_dir} = /src/stm32f3-timer//logs</msg>
<status status="PASS" starttime="20260125 13:41:57.570" endtime="20260125 13:41:57.570"/>
</kw>
<kw name="Create Directory" library="OperatingSystem">
<arg>${logs_dir}</arg>
<doc>Creates the specified directory.</doc>
<msg timestamp="20260125 13:41:57.570" level="TRACE">Arguments: [ '/src/stm32f3-timer//logs' ]</msg>
<msg timestamp="20260125 13:41:57.570" level="INFO" html="true">Directory '&lt;a href="file:///src/stm32f3-timer/logs"&gt;/src/stm32f3-timer/logs&lt;/a&gt;' already exists.</msg>
<msg timestamp="20260125 13:41:57.570" level="TRACE">Return: None</msg>
<status status="PASS" starttime="20260125 13:41:57.570" endtime="20260125 13:41:57.570"/>
</kw>
<kw name="Set Variable" library="BuiltIn">
<var>${log_path}</var>
<arg>${logs_dir}/${test_name}.log</arg>
<doc>Returns the given values which can then be assigned to a variables.</doc>
<msg timestamp="20260125 13:41:57.570" level="TRACE">Arguments: [ '/src/stm32f3-timer//logs/test-timer.Should_Complete_Timer2_Countdown.fail0.log' ]</msg>
<msg timestamp="20260125 13:41:57.570" level="TRACE">Return: '/src/stm32f3-timer//logs/test-timer.Should_Complete_Timer2_Countdown.fail0.log'</msg>
<msg timestamp="20260125 13:41:57.570" level="INFO">${log_path} = /src/stm32f3-timer//logs/test-timer.Should_Complete_Timer2_Countdown.fail0.log</msg>
<status status="PASS" starttime="20260125 13:41:57.570" endtime="20260125 13:41:57.570"/>
</kw>
<kw name="Log To Console" library="BuiltIn">
<arg>!!!!! Log saved to "${log_path}"</arg>
<doc>Logs the given message to the console.</doc>
<msg timestamp="20260125 13:41:57.570" level="TRACE">Arguments: [ '!!!!! Log saved to "/src/stm32f3-timer//logs/test-timer.Should_Complete_Timer2_Countdown.fail0.log"' ]</msg>
<msg timestamp="20260125 13:41:57.570" level="TRACE">Return: None</msg>
<status status="PASS" starttime="20260125 13:41:57.570" endtime="20260125 13:41:57.570"/>
</kw>
<kw name="Save Cached Log" library="Remote">
<arg>${log_path}</arg>
<msg timestamp="20260125 13:41:57.570" level="TRACE">Arguments: [ '/src/stm32f3-timer//logs/test-timer.Should_Complete_Timer2_Countdown.fail0.log' ]</msg>
<msg timestamp="20260125 13:41:57.575" level="TRACE">Return: ''</msg>
<status status="PASS" starttime="20260125 13:41:57.570" endtime="20260125 13:41:57.575"/>
</kw>
<msg timestamp="20260125 13:41:57.575" level="TRACE">Return: None</msg>
<status status="PASS" starttime="20260125 13:41:57.568" endtime="20260125 13:41:57.575"/>
</kw>
<msg timestamp="20260125 13:41:57.575" level="TRACE">Return: None</msg>
<status status="PASS" starttime="20260125 13:41:57.568" endtime="20260125 13:41:57.575"/>
</kw>
<status status="PASS" starttime="20260125 13:41:57.568" endtime="20260125 13:41:57.575"/>
</branch>
<status status="PASS" starttime="20260125 13:41:57.568" endtime="20260125 13:41:57.575"/>
</if>
<status status="PASS" starttime="20260125 13:41:57.568" endtime="20260125 13:41:57.575"/>
</branch>
<status status="PASS" starttime="20260125 13:41:57.568" endtime="20260125 13:41:57.575"/>
</if>
<if>
<branch type="IF" condition="${HOLD_ON_ERROR}">
<kw name="Run Keyword If Test Failed" library="BuiltIn">
<var>${res}</var>
<arg>Run Keyword And Ignore Error</arg>
<arg>Import Library</arg>
<arg>Dialogs</arg>
<doc>Runs the given keyword with the given arguments, if the test failed.</doc>
<status status="NOT RUN" starttime="20260125 13:41:57.576" endtime="20260125 13:41:57.576"/>
</kw>
<kw name="Run Keyword If Test Failed" library="BuiltIn">
<arg>Run Keywords</arg>
<arg>Run Keyword If</arg>
<arg>'${res[0]}' == 'FAIL'</arg>
<arg>Log</arg>
<arg>Couldn't load the Dialogs library - interactive debugging is not possible</arg>
<arg>console=True</arg>
<arg>AND</arg>
<arg>Run Keyword If</arg>
<arg>'${res[0]}' != 'FAIL'</arg>
<arg>Open GUI</arg>
<arg>AND</arg>
<arg>Run Keyword If</arg>
<arg>'${res[0]}' != 'FAIL'</arg>
<arg>Pause Execution</arg>
<arg>Test failed. Press OK once done debugging.</arg>
<arg>AND</arg>
<arg>Run Keyword If</arg>
<arg>'${res[0]}' != 'FAIL'</arg>
<arg>Close GUI</arg>
<doc>Runs the given keyword with the given arguments, if the test failed.</doc>
<status status="NOT RUN" starttime="20260125 13:41:57.576" endtime="20260125 13:41:57.576"/>
</kw>
<status status="NOT RUN" starttime="20260125 13:41:57.575" endtime="20260125 13:41:57.576"/>
</branch>
<status status="PASS" starttime="20260125 13:41:57.575" endtime="20260125 13:41:57.576"/>
</if>
<kw name="Reset Emulation" library="Remote">
<msg timestamp="20260125 13:41:57.576" level="TRACE">Arguments: [  ]</msg>
<msg timestamp="20260125 13:41:57.580" level="TRACE">Return: ''</msg>
<status status="PASS" starttime="20260125 13:41:57.576" endtime="20260125 13:41:57.580"/>
</kw>
<kw name="Clear Cached Log" library="Remote">
<msg timestamp="20260125 13:41:57.580" level="TRACE">Arguments: [  ]</msg>
<msg timestamp="20260125 13:41:57.581" level="TRACE">Return: ''</msg>
<status status="PASS" starttime="20260125 13:41:57.580" endtime="20260125 13:41:57.581"/>
</kw>
<msg timestamp="20260125 13:41:57.581" level="TRACE">Return: None</msg>
<status status="PASS" starttime="20260125 13:41:57.320" endtime="20260125 13:41:57.581"/>
</kw>
<doc>Verify Timer2 countdown completes</doc>
<status status="FAIL" starttime="20260125 13:39:43.347" endtime="20260125 13:41:57.581">InvalidOperationException: Terminal tester failed!

Full report:
([host: 01/25/2026 13:39:43, virt:       0] Attached to UART event: success)
[host: 01/25/2026 13:39:43, virt:       0] Timer Peripheral Test
[host: 01/25/2026 13:39:43, virt:       0] 
[host: 01/25/2026 13:39:43, virt:       0] Test 1: Timer2 Countdown
([host: 01/25/2026 13:39:43, virt:     3.9] Line containing &gt;&gt;Test 1: Timer2 Countdown&lt;&lt; event: success)
[host: 01/25/2026 13:39:43, virt:       0] Timer2 started (100ms)
([host: 01/25/2026 13:39:43, virt:       4] Line containing &gt;&gt;Timer2 started&lt;&lt; event: success)
[host: 01/25/2026 13:39:44, virt:      70] Timer2 timeout: FAIL
[host: 01/25/2026 13:39:44, virt:      70] 
[host: 01/25/2026 13:39:44, virt:      70] Test 2: Timer3 Periodic
[host: 01/25/2026 13:39:44, virt:      70] Timer3 started (50ms periodic)
 [[no newline]]
([host: 01/25/2026 13:41:57, virt:   10004] Line containing &gt;&gt;Timer2 expired: PASS&lt;&lt; event: failure)</status>
</test>
<test id="s1-t3" name="Should Complete Timer3 Periodic" line="38">
<kw name="Reset Emulation" library="Remote" type="SETUP">
<msg timestamp="20260125 13:41:57.582" level="TRACE">Arguments: [  ]</msg>
<msg timestamp="20260125 13:41:57.582" level="TRACE">Return: ''</msg>
<status status="PASS" starttime="20260125 13:41:57.582" endtime="20260125 13:41:57.582"/>
</kw>
<kw name="Execute Command" library="Remote">
<arg>mach create</arg>
<msg timestamp="20260125 13:41:57.582" level="TRACE">Arguments: [ 'mach create' ]</msg>
<msg timestamp="20260125 13:41:57.583" level="TRACE">Return: ''</msg>
<status status="PASS" starttime="20260125 13:41:57.582" endtime="20260125 13:41:57.584"/>
</kw>
<kw name="Execute Command" library="Remote">
<arg>machine LoadPlatformDescription @${PLATFORM}</arg>
<msg timestamp="20260125 13:41:57.584" level="TRACE">Arguments: [ 'machine LoadPlatformDescription @/src/stm32f3-timer/stm32f3_timer.repl' ]</msg>
<msg timestamp="20260125 13:41:57.649" level="TRACE">Return: ''</msg>
<status status="PASS" starttime="20260125 13:41:57.584" endtime="20260125 13:41:57.649"/>
</kw>
<kw name="Execute Command" library="Remote">
<arg>sysbus LoadELF @${ELF}</arg>
<msg timestamp="20260125 13:41:57.650" level="TRACE">Arguments: [ 'sysbus LoadELF @/src/stm32f3-timer/target/thumbv7em-none-eabihf/release/stm32f3-timer' ]</msg>
<msg timestamp="20260125 13:41:57.656" level="TRACE">Return: ''</msg>
<status status="PASS" starttime="20260125 13:41:57.649" endtime="20260125 13:41:57.656"/>
</kw>
<kw name="Create Terminal Tester" library="Remote">
<arg>sysbus.usart1</arg>
<msg timestamp="20260125 13:41:57.656" level="TRACE">Arguments: [ 'sysbus.usart1' ]</msg>
<msg timestamp="20260125 13:41:57.657" level="TRACE">Return: 0</msg>
<status status="PASS" starttime="20260125 13:41:57.656" endtime="20260125 13:41:57.657"/>
</kw>
<kw name="Start Emulation" library="Remote">
<msg timestamp="20260125 13:41:57.657" level="TRACE">Arguments: [  ]</msg>
<msg timestamp="20260125 13:41:57.760" level="TRACE">Return: ''</msg>
<status status="PASS" starttime="20260125 13:41:57.657" endtime="20260125 13:41:57.760"/>
</kw>
<kw name="Wait For Line On Uart" library="Remote">
<arg>Test 2: Timer3 Periodic</arg>
<arg>timeout=5</arg>
<msg timestamp="20260125 13:41:57.760" level="TRACE">Arguments: [ 'Test 2: Timer3 Periodic' | 'timeout=5' ]</msg>
<msg timestamp="20260125 13:41:58.155" level="TRACE">Return: {'groups': [],
 'isFailingString': False,
 'line': 'Test 2: Timer3 Periodic',
 'timestamp': 70.0}</msg>
<status status="PASS" starttime="20260125 13:41:57.760" endtime="20260125 13:41:58.155"/>
</kw>
<kw name="Wait For Line On Uart" library="Remote">
<arg>Period 01 complete</arg>
<arg>timeout=10</arg>
<msg timestamp="20260125 13:41:58.155" level="TRACE">Arguments: [ 'Period 01 complete' | 'timeout=10' ]</msg>
<msg timestamp="20260125 13:44:14.490" level="FAIL">InvalidOperationException: Terminal tester failed!

Full report:
([host: 01/25/2026 13:41:57, virt:       0] Attached to UART event: success)
[host: 01/25/2026 13:41:57, virt:       0] Timer Peripheral Test
[host: 01/25/2026 13:41:57, virt:       0] 
[host: 01/25/2026 13:41:57, virt:       0] Test 1: Timer2 Countdown
[host: 01/25/2026 13:41:57, virt:       0] Timer2 started (100ms)
[host: 01/25/2026 13:41:58, virt:      70] Timer2 timeout: FAIL
[host: 01/25/2026 13:41:58, virt:      70] 
[host: 01/25/2026 13:41:58, virt:      70] Test 2: Timer3 Periodic
([host: 01/25/2026 13:41:58, virt:      70] Line containing &gt;&gt;Test 2: Timer3 Periodic&lt;&lt; event: success)
[host: 01/25/2026 13:41:58, virt:      70] Timer3 started (50ms periodic)
 [[no newline]]
([host: 01/25/2026 13:44:14, virt: 10070.1] Line containing &gt;&gt;Period 01 complete&lt;&lt; event: failure)

</msg>
<msg timestamp="20260125 13:44:14.490" level="DEBUG">InvalidOperationException:    at Antmicro.Renode.RobotFramework.UartKeywords.OperationFail(TerminalTester tester)
   at Antmicro.Renode.RobotFramework.UartKeywords.DoTest[T](Nullable`1 timeout, Nullable`1 testerId, Func`3 test, Boolean expectBinaryModeTester)
   at Antmicro.Renode.RobotFramework.UartKeywords.WaitForLineOnUart(String content, Nullable`1 timeout, Nullable`1 testerId, Boolean treatAsRegex, Boolean includeUnfinishedLine, Nullable`1 pauseEmulation, Nullable`1 matchNextLine)
   at InvokeStub_UartKeywords.WaitForLineOnUart(Object, Span`1)
   at System.Reflection.MethodBaseInvoker.InvokeWithManyArgs(Object obj, BindingFlags invokeAttr, Binder binder, Object[] parameters, CultureInfo culture)
</msg>
<status status="FAIL" starttime="20260125 13:41:58.155" endtime="20260125 13:44:14.490"/>
</kw>
<kw name="Wait For Line On Uart" library="Remote">
<arg>Period 02 complete</arg>
<arg>timeout=10</arg>
<status status="NOT RUN" starttime="20260125 13:44:14.490" endtime="20260125 13:44:14.490"/>
</kw>
<kw name="Wait For Line On Uart" library="Remote">
<arg>Period 03 complete</arg>
<arg>timeout=10</arg>
<status status="NOT RUN" starttime="20260125 13:44:14.490" endtime="20260125 13:44:14.490"/>
</kw>
<kw name="Test Teardown" library="renode-keywords" type="TEARDOWN">
<msg timestamp="20260125 13:44:14.490" level="TRACE">Arguments: [  ]</msg>
<kw name="Stop Profiler" library="renode-keywords">
<msg timestamp="20260125 13:44:14.490" level="TRACE">Arguments: [  ]</msg>
<if>
<branch type="IF" condition="${PROFILER_PROCESS}">
<kw name="Terminate Process" library="Process">
<arg>${PROFILER_PROCESS}</arg>
<doc>Stops the process gracefully or forcefully.</doc>
<status status="NOT RUN" starttime="20260125 13:44:14.490" endtime="20260125 13:44:14.490"/>
</kw>
<kw name="Set Test Variable" library="BuiltIn">
<arg>${PROFILER_PROCESS}</arg>
<arg>None</arg>
<doc>Makes a variable available everywhere within the scope of the current test.</doc>
<status status="NOT RUN" starttime="20260125 13:44:14.491" endtime="20260125 13:44:14.491"/>
</kw>
<status status="NOT RUN" starttime="20260125 13:44:14.490" endtime="20260125 13:44:14.491"/>
</branch>
<status status="PASS" starttime="20260125 13:44:14.490" endtime="20260125 13:44:14.491"/>
</if>
<msg timestamp="20260125 13:44:14.491" level="TRACE">Return: None</msg>
<status status="PASS" starttime="20260125 13:44:14.490" endtime="20260125 13:44:14.491"/>
</kw>
<kw name="Run Keyword If Test Failed" library="BuiltIn">
<var>${failed}</var>
<arg>Set Variable</arg>
<arg>True</arg>
<doc>Runs the given keyword with the given arguments, if the test failed.</doc>
<msg timestamp="20260125 13:44:14.491" level="TRACE">Arguments: [ 'Set Variable' | 'True' ]</msg>
<kw name="Set Variable" library="BuiltIn">
<arg>True</arg>
<doc>Returns the given values which can then be assigned to a variables.</doc>
<msg timestamp="20260125 13:44:14.491" level="TRACE">Arguments: [ 'True' ]</msg>
<msg timestamp="20260125 13:44:14.491" level="TRACE">Return: 'True'</msg>
<status status="PASS" starttime="20260125 13:44:14.491" endtime="20260125 13:44:14.491"/>
</kw>
<msg timestamp="20260125 13:44:14.491" level="TRACE">Return: 'True'</msg>
<msg timestamp="20260125 13:44:14.491" level="INFO">${failed} = True</msg>
<status status="PASS" starttime="20260125 13:44:14.491" endtime="20260125 13:44:14.491"/>
</kw>
<if>
<branch type="IF" condition="${failed}">
<kw name="Strip String" library="String">
<var>${message}</var>
<arg>${TEST_MESSAGE}</arg>
<arg>mode=right</arg>
<doc>Remove leading and/or trailing whitespaces from the given string.</doc>
<msg timestamp="20260125 13:44:14.491" level="TRACE">Arguments: [ 'InvalidOperationException: Terminal tester failed!\n\nFull report:\n([host: 01/25/2026 13:41:57, virt:       0] Attached to UART event: success)\n[host: 01/25/2026 13:41:57, virt:       0] Timer Peripheral Test\n[host: 01/25/2026 13:41:57, virt:       0] \n[host: 01/25/2026 13:41:57, virt:       0] Test 1: Timer2 Countdown\n[host: 01/25/2026 13:41:57, virt:       0] Timer2 started (100ms)\n[host: 01/25/2026 13:41:58, virt:      70] Timer2 timeout: FAIL\n[host: 01/25/2026 13:41:58, virt:      70] \n[host: 01/25/2026 13:41:58, virt:      70] Test 2: Timer3 Periodic\n([host: 01/25/2026 13:41:58, virt:      70] Line containing &gt;&gt;Test 2: Timer3 Periodic&lt;&lt; event: success)\n[host: 01/25/2026 13:41:58, virt:      70] Timer3 started (50ms periodic)\n [[no newline]]\n([host: 01/25/2026 13:44:14, virt: 10070.1] Line containing &gt;&gt;Period 01 complete&lt;&lt; event: failure)\n\n' | mode='right' ]</msg>
<msg timestamp="20260125 13:44:14.491" level="TRACE">Return: 'InvalidOperationException: Terminal tester failed!\n\nFull report:\n([host: 01/25/2026 13:41:57, virt:       0] Attached to UART event: success)\n[host: 01/25/2026 13:41:57, virt:       0] Timer Peripheral Test\n[host: 01/25/2026 13:41:57, virt:       0] \n[host: 01/25/2026 13:41:57, virt:       0] Test 1: Timer2 Countdown\n[host: 01/25/2026 13:41:57, virt:       0] Timer2 started (100ms)\n[host: 01/25/2026 13:41:58, virt:      70] Timer2 timeout: FAIL\n[host: 01/25/2026 13:41:58, virt:      70] \n[host: 01/25/2026 13:41:58, virt:      70] Test 2: Timer3 Periodic\n([host: 01/25/2026 13:41:58, virt:      70] Line containing &gt;&gt;Test 2: Timer3 Periodic&lt;&lt; event: success)\n[host: 01/25/2026 13:41:58, virt:      70] Timer3 started (50ms periodic)\n [[no newline]]\n([host: 01/25/2026 13:44:14, virt: 10070.1] Line containing &gt;&gt;Period 01 complete&lt;&lt; event: failure)'</msg>
<msg timestamp="20260125 13:44:14.492" level="INFO">${message} = InvalidOperationException: Terminal tester failed!

Full report:
([host: 01/25/2026 13:41:57, virt:       0] Attached to UART event: success)
[host: 01/25/2026 13:41:57, virt:       0] Timer Periphera...</msg>
<status status="PASS" starttime="20260125 13:44:14.491" endtime="20260125 13:44:14.492"/>
</kw>
<kw name="Set Test Message" library="BuiltIn">
<arg>${message}</arg>
<doc>Sets message for the current test case.</doc>
<msg timestamp="20260125 13:44:14.492" level="TRACE">Arguments: [ 'InvalidOperationException: Terminal tester failed!\n\nFull report:\n([host: 01/25/2026 13:41:57, virt:       0] Attached to UART event: success)\n[host: 01/25/2026 13:41:57, virt:       0] Timer Peripheral Test\n[host: 01/25/2026 13:41:57, virt:       0] \n[host: 01/25/2026 13:41:57, virt:       0] Test 1: Timer2 Countdown\n[host: 01/25/2026 13:41:57, virt:       0] Timer2 started (100ms)\n[host: 01/25/2026 13:41:58, virt:      70] Timer2 timeout: FAIL\n[host: 01/25/2026 13:41:58, virt:      70] \n[host: 01/25/2026 13:41:58, virt:      70] Test 2: Timer3 Periodic\n([host: 01/25/2026 13:41:58, virt:      70] Line containing &gt;&gt;Test 2: Timer3 Periodic&lt;&lt; event: success)\n[host: 01/25/2026 13:41:58, virt:      70] Timer3 started (50ms periodic)\n [[no newline]]\n([host: 01/25/2026 13:44:14, virt: 10070.1] Line containing &gt;&gt;Period 01 complete&lt;&lt; event: failure)' ]</msg>
<msg timestamp="20260125 13:44:14.492" level="INFO">Set test message to:
InvalidOperationException: Terminal tester failed!

Full report:
([host: 01/25/2026 13:41:57, virt:       0] Attached to UART event: success)
[host: 01/25/2026 13:41:57, virt:       0] Timer Peripheral Test
[host: 01/25/2026 13:41:57, virt:       0] 
[host: 01/25/2026 13:41:57, virt:       0] Test 1: Timer2 Countdown
[host: 01/25/2026 13:41:57, virt:       0] Timer2 started (100ms)
[host: 01/25/2026 13:41:58, virt:      70] Timer2 timeout: FAIL
[host: 01/25/2026 13:41:58, virt:      70] 
[host: 01/25/2026 13:41:58, virt:      70] Test 2: Timer3 Periodic
([host: 01/25/2026 13:41:58, virt:      70] Line containing &gt;&gt;Test 2: Timer3 Periodic&lt;&lt; event: success)
[host: 01/25/2026 13:41:58, virt:      70] Timer3 started (50ms periodic)
 [[no newline]]
([host: 01/25/2026 13:44:14, virt: 10070.1] Line containing &gt;&gt;Period 01 complete&lt;&lt; event: failure)</msg>
<msg timestamp="20260125 13:44:14.492" level="TRACE">Return: None</msg>
<status status="PASS" starttime="20260125 13:44:14.492" endtime="20260125 13:44:14.492"/>
</kw>
<status status="PASS" starttime="20260125 13:44:14.491" endtime="20260125 13:44:14.492"/>
</branch>
<status status="PASS" starttime="20260125 13:44:14.491" endtime="20260125 13:44:14.492"/>
</if>
<kw name="Run Keyword If Timeout Occurred" library="BuiltIn">
<var>${timed_out}</var>
<arg>Set Variable</arg>
<arg>True</arg>
<doc>Runs the given keyword if either a test or a keyword timeout has occurred.</doc>
<msg timestamp="20260125 13:44:14.492" level="TRACE">Arguments: [ 'Set Variable' | 'True' ]</msg>
<msg timestamp="20260125 13:44:14.492" level="TRACE">Return: None</msg>
<msg timestamp="20260125 13:44:14.492" level="INFO">${timed_out} = None</msg>
<status status="PASS" starttime="20260125 13:44:14.492" endtime="20260125 13:44:14.492"/>
</kw>
<if>
<branch type="IF" condition="${timed_out}">
<return>
<status status="NOT RUN" starttime="20260125 13:44:14.492" endtime="20260125 13:44:14.492"/>
</return>
<status status="NOT RUN" starttime="20260125 13:44:14.492" endtime="20260125 13:44:14.492"/>
</branch>
<status status="PASS" starttime="20260125 13:44:14.492" endtime="20260125 13:44:14.492"/>
</if>
<if>
<branch type="IF" condition="${CREATE_SNAPSHOT_ON_FAIL}">
<kw name="Run Keyword If Test Failed" library="BuiltIn">
<arg>Create Snapshot Of Failed Test</arg>
<doc>Runs the given keyword with the given arguments, if the test failed.</doc>
<msg timestamp="20260125 13:44:14.492" level="TRACE">Arguments: [ 'Create Snapshot Of Failed Test' ]</msg>
<kw name="Create Snapshot Of Failed Test" library="renode-keywords">
<msg timestamp="20260125 13:44:14.492" level="TRACE">Arguments: [  ]</msg>
<kw name="Return From Keyword If" library="BuiltIn">
<arg>'skipped' in @{TEST TAGS}</arg>
<doc>Returns from the enclosing user keyword if ``condition`` is true.</doc>
<msg timestamp="20260125 13:44:14.492" level="TRACE">Arguments: [ "'skipped' in []" ]</msg>
<msg timestamp="20260125 13:44:14.492" level="TRACE">Return: None</msg>
<status status="PASS" starttime="20260125 13:44:14.492" endtime="20260125 13:44:14.492"/>
</kw>
<kw name="Get Variable Value" library="BuiltIn">
<var>${retry_index}</var>
<arg>\${RETRYFAILED_RETRY_INDEX}</arg>
<arg>0</arg>
<doc>Returns variable value or ``default`` if the variable does not exist.</doc>
<msg timestamp="20260125 13:44:14.492" level="TRACE">Arguments: [ '\\${RETRYFAILED_RETRY_INDEX}' | '0' ]</msg>
<msg timestamp="20260125 13:44:14.493" level="TRACE">Return: '0'</msg>
<msg timestamp="20260125 13:44:14.493" level="INFO">${retry_index} = 0</msg>
<status status="PASS" starttime="20260125 13:44:14.492" endtime="20260125 13:44:14.493"/>
</kw>
<kw name="Set Variable" library="BuiltIn">
<var>${test_name}</var>
<arg>${SUITE NAME}.${TEST NAME}.fail${retry_index}.save</arg>
<doc>Returns the given values which can then be assigned to a variables.</doc>
<msg timestamp="20260125 13:44:14.493" level="TRACE">Arguments: [ 'test-timer.Should Complete Timer3 Periodic.fail0.save' ]</msg>
<msg timestamp="20260125 13:44:14.493" level="TRACE">Return: 'test-timer.Should Complete Timer3 Periodic.fail0.save'</msg>
<msg timestamp="20260125 13:44:14.493" level="INFO">${test_name} = test-timer.Should Complete Timer3 Periodic.fail0.save</msg>
<status status="PASS" starttime="20260125 13:44:14.493" endtime="20260125 13:44:14.493"/>
</kw>
<kw name="Sanitize Test Name" library="renode-keywords">
<var>${test_name}</var>
<arg>${test_name}</arg>
<msg timestamp="20260125 13:44:14.493" level="TRACE">Arguments: [ ${test_name}='test-timer.Should Complete Timer3 Periodic.fail0.save' ]</msg>
<kw name="Replace String" library="String">
<var>${test_name}</var>
<arg>${test_name}</arg>
<arg>${SPACE}</arg>
<arg>_</arg>
<doc>Replaces ``search_for`` in the given ``string`` with ``replace_with``.</doc>
<msg timestamp="20260125 13:44:14.493" level="TRACE">Arguments: [ 'test-timer.Should Complete Timer3 Periodic.fail0.save' | ' ' | '_' ]</msg>
<msg timestamp="20260125 13:44:14.493" level="TRACE">Return: 'test-timer.Should_Complete_Timer3_Periodic.fail0.save'</msg>
<msg timestamp="20260125 13:44:14.493" level="INFO">${test_name} = test-timer.Should_Complete_Timer3_Periodic.fail0.save</msg>
<status status="PASS" starttime="20260125 13:44:14.493" endtime="20260125 13:44:14.493"/>
</kw>
<kw name="Replace String Using Regexp" library="String">
<var>${test_name}</var>
<arg>${test_name}</arg>
<arg>[/""]</arg>
<arg>-</arg>
<doc>Replaces ``pattern`` in the given ``string`` with ``replace_with``.</doc>
<msg timestamp="20260125 13:44:14.493" level="TRACE">Arguments: [ 'test-timer.Should_Complete_Timer3_Periodic.fail0.save' | '[/""]' | '-' ]</msg>
<msg timestamp="20260125 13:44:14.493" level="TRACE">Return: 'test-timer.Should_Complete_Timer3_Periodic.fail0.save'</msg>
<msg timestamp="20260125 13:44:14.493" level="INFO">${test_name} = test-timer.Should_Complete_Timer3_Periodic.fail0.save</msg>
<status status="PASS" starttime="20260125 13:44:14.493" endtime="20260125 13:44:14.493"/>
</kw>
<return>
<value>${test_name}</value>
<status status="PASS" starttime="20260125 13:44:14.493" endtime="20260125 13:44:14.493"/>
</return>
<msg timestamp="20260125 13:44:14.493" level="TRACE">Return: 'test-timer.Should_Complete_Timer3_Periodic.fail0.save'</msg>
<msg timestamp="20260125 13:44:14.493" level="INFO">${test_name} = test-timer.Should_Complete_Timer3_Periodic.fail0.save</msg>
<status status="PASS" starttime="20260125 13:44:14.493" endtime="20260125 13:44:14.493"/>
</kw>
<kw name="Set Variable" library="BuiltIn">
<var>${snapshots_dir}</var>
<arg>${RESULTS_DIRECTORY}/snapshots</arg>
<doc>Returns the given values which can then be assigned to a variables.</doc>
<msg timestamp="20260125 13:44:14.493" level="TRACE">Arguments: [ '/src/stm32f3-timer//snapshots' ]</msg>
<msg timestamp="20260125 13:44:14.493" level="TRACE">Return: '/src/stm32f3-timer//snapshots'</msg>
<msg timestamp="20260125 13:44:14.493" level="INFO">${snapshots_dir} = /src/stm32f3-timer//snapshots</msg>
<status status="PASS" starttime="20260125 13:44:14.493" endtime="20260125 13:44:14.493"/>
</kw>
<kw name="Create Directory" library="OperatingSystem">
<arg>${snapshots_dir}</arg>
<doc>Creates the specified directory.</doc>
<msg timestamp="20260125 13:44:14.494" level="TRACE">Arguments: [ '/src/stm32f3-timer//snapshots' ]</msg>
<msg timestamp="20260125 13:44:14.494" level="INFO" html="true">Directory '&lt;a href="file:///src/stm32f3-timer/snapshots"&gt;/src/stm32f3-timer/snapshots&lt;/a&gt;' already exists.</msg>
<msg timestamp="20260125 13:44:14.494" level="TRACE">Return: None</msg>
<status status="PASS" starttime="20260125 13:44:14.494" endtime="20260125 13:44:14.494"/>
</kw>
<kw name="Set Variable" library="BuiltIn">
<var>${snapshot_path}</var>
<arg>"${snapshots_dir}/${test_name}"</arg>
<doc>Returns the given values which can then be assigned to a variables.</doc>
<msg timestamp="20260125 13:44:14.494" level="TRACE">Arguments: [ '"/src/stm32f3-timer//snapshots/test-timer.Should_Complete_Timer3_Periodic.fail0.save"' ]</msg>
<msg timestamp="20260125 13:44:14.494" level="TRACE">Return: '"/src/stm32f3-timer//snapshots/test-timer.Should_Complete_Timer3_Periodic.fail0.save"'</msg>
<msg timestamp="20260125 13:44:14.494" level="INFO">${snapshot_path} = "/src/stm32f3-timer//snapshots/test-timer.Should_Complete_Timer3_Periodic.fail0.save"</msg>
<status status="PASS" starttime="20260125 13:44:14.494" endtime="20260125 13:44:14.494"/>
</kw>
<kw name="Execute Command" library="Remote">
<arg>Save ${snapshot_path}</arg>
<msg timestamp="20260125 13:44:14.494" level="TRACE">Arguments: [ 'Save "/src/stm32f3-timer//snapshots/test-timer.Should_Complete_Timer3_Periodic.fail0.save"' ]</msg>
<msg timestamp="20260125 13:44:14.522" level="TRACE">Return: ''</msg>
<status status="PASS" starttime="20260125 13:44:14.494" endtime="20260125 13:44:14.522"/>
</kw>
<kw name="Log To Console" library="BuiltIn">
<arg>!!!!! Emulation's state saved to ${snapshot_path}</arg>
<doc>Logs the given message to the console.</doc>
<msg timestamp="20260125 13:44:14.522" level="TRACE">Arguments: [ '!!!!! Emulation\'s state saved to "/src/stm32f3-timer//snapshots/test-timer.Should_Complete_Timer3_Periodic.fail0.save"' ]</msg>
<msg timestamp="20260125 13:44:14.522" level="TRACE">Return: None</msg>
<status status="PASS" starttime="20260125 13:44:14.522" endtime="20260125 13:44:14.522"/>
</kw>
<msg timestamp="20260125 13:44:14.522" level="TRACE">Return: None</msg>
<status status="PASS" starttime="20260125 13:44:14.492" endtime="20260125 13:44:14.522"/>
</kw>
<msg timestamp="20260125 13:44:14.522" level="TRACE">Return: None</msg>
<status status="PASS" starttime="20260125 13:44:14.492" endtime="20260125 13:44:14.522"/>
</kw>
<status status="PASS" starttime="20260125 13:44:14.492" endtime="20260125 13:44:14.522"/>
</branch>
<status status="PASS" starttime="20260125 13:44:14.492" endtime="20260125 13:44:14.522"/>
</if>
<if>
<branch type="IF" condition="${SAVE_LOGS}">
<if>
<branch type="IF" condition="&quot;${SAVE_LOGS_WHEN}&quot; == &quot;Always&quot;">
<kw name="Save Test Log" library="renode-keywords">
<status status="NOT RUN" starttime="20260125 13:44:14.522" endtime="20260125 13:44:14.522"/>
</kw>
<status status="NOT RUN" starttime="20260125 13:44:14.522" endtime="20260125 13:44:14.522"/>
</branch>
<branch type="ELSE IF" condition="&quot;${SAVE_LOGS_WHEN}&quot; == &quot;Fail&quot;">
<kw name="Run Keyword If Test Failed" library="BuiltIn">
<arg>Save Test Log</arg>
<doc>Runs the given keyword with the given arguments, if the test failed.</doc>
<msg timestamp="20260125 13:44:14.522" level="TRACE">Arguments: [ 'Save Test Log' ]</msg>
<kw name="Save Test Log" library="renode-keywords">
<msg timestamp="20260125 13:44:14.522" level="TRACE">Arguments: [  ]</msg>
<kw name="Return From Keyword If" library="BuiltIn">
<arg>'skipped' in @{TEST TAGS}</arg>
<doc>Returns from the enclosing user keyword if ``condition`` is true.</doc>
<msg timestamp="20260125 13:44:14.522" level="TRACE">Arguments: [ "'skipped' in []" ]</msg>
<msg timestamp="20260125 13:44:14.522" level="TRACE">Return: None</msg>
<status status="PASS" starttime="20260125 13:44:14.522" endtime="20260125 13:44:14.522"/>
</kw>
<kw name="Get Variable Value" library="BuiltIn">
<var>${retry_index}</var>
<arg>\${RETRYFAILED_RETRY_INDEX}</arg>
<arg>0</arg>
<doc>Returns variable value or ``default`` if the variable does not exist.</doc>
<msg timestamp="20260125 13:44:14.522" level="TRACE">Arguments: [ '\\${RETRYFAILED_RETRY_INDEX}' | '0' ]</msg>
<msg timestamp="20260125 13:44:14.523" level="TRACE">Return: '0'</msg>
<msg timestamp="20260125 13:44:14.523" level="INFO">${retry_index} = 0</msg>
<status status="PASS" starttime="20260125 13:44:14.522" endtime="20260125 13:44:14.523"/>
</kw>
<kw name="Set Variable" library="BuiltIn">
<var>${test_name}</var>
<arg>${SUITE NAME}.${TEST NAME}.fail${retry_index}</arg>
<doc>Returns the given values which can then be assigned to a variables.</doc>
<msg timestamp="20260125 13:44:14.523" level="TRACE">Arguments: [ 'test-timer.Should Complete Timer3 Periodic.fail0' ]</msg>
<msg timestamp="20260125 13:44:14.523" level="TRACE">Return: 'test-timer.Should Complete Timer3 Periodic.fail0'</msg>
<msg timestamp="20260125 13:44:14.523" level="INFO">${test_name} = test-timer.Should Complete Timer3 Periodic.fail0</msg>
<status status="PASS" starttime="20260125 13:44:14.523" endtime="20260125 13:44:14.523"/>
</kw>
<kw name="Sanitize Test Name" library="renode-keywords">
<var>${test_name}</var>
<arg>${test_name}</arg>
<msg timestamp="20260125 13:44:14.523" level="TRACE">Arguments: [ ${test_name}='test-timer.Should Complete Timer3 Periodic.fail0' ]</msg>
<kw name="Replace String" library="String">
<var>${test_name}</var>
<arg>${test_name}</arg>
<arg>${SPACE}</arg>
<arg>_</arg>
<doc>Replaces ``search_for`` in the given ``string`` with ``replace_with``.</doc>
<msg timestamp="20260125 13:44:14.523" level="TRACE">Arguments: [ 'test-timer.Should Complete Timer3 Periodic.fail0' | ' ' | '_' ]</msg>
<msg timestamp="20260125 13:44:14.523" level="TRACE">Return: 'test-timer.Should_Complete_Timer3_Periodic.fail0'</msg>
<msg timestamp="20260125 13:44:14.523" level="INFO">${test_name} = test-timer.Should_Complete_Timer3_Periodic.fail0</msg>
<status status="PASS" starttime="20260125 13:44:14.523" endtime="20260125 13:44:14.523"/>
</kw>
<kw name="Replace String Using Regexp" library="String">
<var>${test_name}</var>
<arg>${test_name}</arg>
<arg>[/""]</arg>
<arg>-</arg>
<doc>Replaces ``pattern`` in the given ``string`` with ``replace_with``.</doc>
<msg timestamp="20260125 13:44:14.523" level="TRACE">Arguments: [ 'test-timer.Should_Complete_Timer3_Periodic.fail0' | '[/""]' | '-' ]</msg>
<msg timestamp="20260125 13:44:14.523" level="TRACE">Return: 'test-timer.Should_Complete_Timer3_Periodic.fail0'</msg>
<msg timestamp="20260125 13:44:14.523" level="INFO">${test_name} = test-timer.Should_Complete_Timer3_Periodic.fail0</msg>
<status status="PASS" starttime="20260125 13:44:14.523" endtime="20260125 13:44:14.523"/>
</kw>
<return>
<value>${test_name}</value>
<status status="PASS" starttime="20260125 13:44:14.524" endtime="20260125 13:44:14.524"/>
</return>
<msg timestamp="20260125 13:44:14.524" level="TRACE">Return: 'test-timer.Should_Complete_Timer3_Periodic.fail0'</msg>
<msg timestamp="20260125 13:44:14.524" level="INFO">${test_name} = test-timer.Should_Complete_Timer3_Periodic.fail0</msg>
<status status="PASS" starttime="20260125 13:44:14.523" endtime="20260125 13:44:14.524"/>
</kw>
<kw name="Set Variable" library="BuiltIn">
<var>${logs_dir}</var>
<arg>${RESULTS_DIRECTORY}/logs</arg>
<doc>Returns the given values which can then be assigned to a variables.</doc>
<msg timestamp="20260125 13:44:14.524" level="TRACE">Arguments: [ '/src/stm32f3-timer//logs' ]</msg>
<msg timestamp="20260125 13:44:14.524" level="TRACE">Return: '/src/stm32f3-timer//logs'</msg>
<msg timestamp="20260125 13:44:14.524" level="INFO">${logs_dir} = /src/stm32f3-timer//logs</msg>
<status status="PASS" starttime="20260125 13:44:14.524" endtime="20260125 13:44:14.524"/>
</kw>
<kw name="Create Directory" library="OperatingSystem">
<arg>${logs_dir}</arg>
<doc>Creates the specified directory.</doc>
<msg timestamp="20260125 13:44:14.524" level="TRACE">Arguments: [ '/src/stm32f3-timer//logs' ]</msg>
<msg timestamp="20260125 13:44:14.524" level="INFO" html="true">Directory '&lt;a href="file:///src/stm32f3-timer/logs"&gt;/src/stm32f3-timer/logs&lt;/a&gt;' already exists.</msg>
<msg timestamp="20260125 13:44:14.524" level="TRACE">Return: None</msg>
<status status="PASS" starttime="20260125 13:44:14.524" endtime="20260125 13:44:14.524"/>
</kw>
<kw name="Set Variable" library="BuiltIn">
<var>${log_path}</var>
<arg>${logs_dir}/${test_name}.log</arg>
<doc>Returns the given values which can then be assigned to a variables.</doc>
<msg timestamp="20260125 13:44:14.524" level="TRACE">Arguments: [ '/src/stm32f3-timer//logs/test-timer.Should_Complete_Timer3_Periodic.fail0.log' ]</msg>
<msg timestamp="20260125 13:44:14.524" level="TRACE">Return: '/src/stm32f3-timer//logs/test-timer.Should_Complete_Timer3_Periodic.fail0.log'</msg>
<msg timestamp="20260125 13:44:14.524" level="INFO">${log_path} = /src/stm32f3-timer//logs/test-timer.Should_Complete_Timer3_Periodic.fail0.log</msg>
<status status="PASS" starttime="20260125 13:44:14.524" endtime="20260125 13:44:14.525"/>
</kw>
<kw name="Log To Console" library="BuiltIn">
<arg>!!!!! Log saved to "${log_path}"</arg>
<doc>Logs the given message to the console.</doc>
<msg timestamp="20260125 13:44:14.525" level="TRACE">Arguments: [ '!!!!! Log saved to "/src/stm32f3-timer//logs/test-timer.Should_Complete_Timer3_Periodic.fail0.log"' ]</msg>
<msg timestamp="20260125 13:44:14.525" level="TRACE">Return: None</msg>
<status status="PASS" starttime="20260125 13:44:14.525" endtime="20260125 13:44:14.525"/>
</kw>
<kw name="Save Cached Log" library="Remote">
<arg>${log_path}</arg>
<msg timestamp="20260125 13:44:14.525" level="TRACE">Arguments: [ '/src/stm32f3-timer//logs/test-timer.Should_Complete_Timer3_Periodic.fail0.log' ]</msg>
<msg timestamp="20260125 13:44:14.527" level="TRACE">Return: ''</msg>
<status status="PASS" starttime="20260125 13:44:14.525" endtime="20260125 13:44:14.527"/>
</kw>
<msg timestamp="20260125 13:44:14.527" level="TRACE">Return: None</msg>
<status status="PASS" starttime="20260125 13:44:14.522" endtime="20260125 13:44:14.527"/>
</kw>
<msg timestamp="20260125 13:44:14.527" level="TRACE">Return: None</msg>
<status status="PASS" starttime="20260125 13:44:14.522" endtime="20260125 13:44:14.527"/>
</kw>
<status status="PASS" starttime="20260125 13:44:14.522" endtime="20260125 13:44:14.527"/>
</branch>
<status status="PASS" starttime="20260125 13:44:14.522" endtime="20260125 13:44:14.527"/>
</if>
<status status="PASS" starttime="20260125 13:44:14.522" endtime="20260125 13:44:14.527"/>
</branch>
<status status="PASS" starttime="20260125 13:44:14.522" endtime="20260125 13:44:14.527"/>
</if>
<if>
<branch type="IF" condition="${HOLD_ON_ERROR}">
<kw name="Run Keyword If Test Failed" library="BuiltIn">
<var>${res}</var>
<arg>Run Keyword And Ignore Error</arg>
<arg>Import Library</arg>
<arg>Dialogs</arg>
<doc>Runs the given keyword with the given arguments, if the test failed.</doc>
<status status="NOT RUN" starttime="20260125 13:44:14.528" endtime="20260125 13:44:14.528"/>
</kw>
<kw name="Run Keyword If Test Failed" library="BuiltIn">
<arg>Run Keywords</arg>
<arg>Run Keyword If</arg>
<arg>'${res[0]}' == 'FAIL'</arg>
<arg>Log</arg>
<arg>Couldn't load the Dialogs library - interactive debugging is not possible</arg>
<arg>console=True</arg>
<arg>AND</arg>
<arg>Run Keyword If</arg>
<arg>'${res[0]}' != 'FAIL'</arg>
<arg>Open GUI</arg>
<arg>AND</arg>
<arg>Run Keyword If</arg>
<arg>'${res[0]}' != 'FAIL'</arg>
<arg>Pause Execution</arg>
<arg>Test failed. Press OK once done debugging.</arg>
<arg>AND</arg>
<arg>Run Keyword If</arg>
<arg>'${res[0]}' != 'FAIL'</arg>
<arg>Close GUI</arg>
<doc>Runs the given keyword with the given arguments, if the test failed.</doc>
<status status="NOT RUN" starttime="20260125 13:44:14.528" endtime="20260125 13:44:14.528"/>
</kw>
<status status="NOT RUN" starttime="20260125 13:44:14.528" endtime="20260125 13:44:14.528"/>
</branch>
<status status="PASS" starttime="20260125 13:44:14.528" endtime="20260125 13:44:14.528"/>
</if>
<kw name="Reset Emulation" library="Remote">
<msg timestamp="20260125 13:44:14.528" level="TRACE">Arguments: [  ]</msg>
<msg timestamp="20260125 13:44:14.533" level="TRACE">Return: ''</msg>
<status status="PASS" starttime="20260125 13:44:14.528" endtime="20260125 13:44:14.533"/>
</kw>
<kw name="Clear Cached Log" library="Remote">
<msg timestamp="20260125 13:44:14.533" level="TRACE">Arguments: [  ]</msg>
<msg timestamp="20260125 13:44:14.535" level="TRACE">Return: ''</msg>
<status status="PASS" starttime="20260125 13:44:14.533" endtime="20260125 13:44:14.535"/>
</kw>
<msg timestamp="20260125 13:44:14.535" level="TRACE">Return: None</msg>
<status status="PASS" starttime="20260125 13:44:14.490" endtime="20260125 13:44:14.535"/>
</kw>
<doc>Verify Timer3 periodic mode works</doc>
<status status="FAIL" starttime="20260125 13:41:57.581" endtime="20260125 13:44:14.535">InvalidOperationException: Terminal tester failed!

Full report:
([host: 01/25/2026 13:41:57, virt:       0] Attached to UART event: success)
[host: 01/25/2026 13:41:57, virt:       0] Timer Peripheral Test
[host: 01/25/2026 13:41:57, virt:       0] 
[host: 01/25/2026 13:41:57, virt:       0] Test 1: Timer2 Countdown
[host: 01/25/2026 13:41:57, virt:       0] Timer2 started (100ms)
[host: 01/25/2026 13:41:58, virt:      70] Timer2 timeout: FAIL
[host: 01/25/2026 13:41:58, virt:      70] 
[host: 01/25/2026 13:41:58, virt:      70] Test 2: Timer3 Periodic
([host: 01/25/2026 13:41:58, virt:      70] Line containing &gt;&gt;Test 2: Timer3 Periodic&lt;&lt; event: success)
[host: 01/25/2026 13:41:58, virt:      70] Timer3 started (50ms periodic)
 [[no newline]]
([host: 01/25/2026 13:44:14, virt: 10070.1] Line containing &gt;&gt;Period 01 complete&lt;&lt; event: failure)</status>
</test>
<test id="s1-t4" name="Should Increment Timer4 Counter" line="53">
<kw name="Reset Emulation" library="Remote" type="SETUP">
<msg timestamp="20260125 13:44:14.535" level="TRACE">Arguments: [  ]</msg>
<msg timestamp="20260125 13:44:14.536" level="TRACE">Return: ''</msg>
<status status="PASS" starttime="20260125 13:44:14.535" endtime="20260125 13:44:14.536"/>
</kw>
<kw name="Execute Command" library="Remote">
<arg>mach create</arg>
<msg timestamp="20260125 13:44:14.536" level="TRACE">Arguments: [ 'mach create' ]</msg>
<msg timestamp="20260125 13:44:14.537" level="TRACE">Return: ''</msg>
<status status="PASS" starttime="20260125 13:44:14.536" endtime="20260125 13:44:14.537"/>
</kw>
<kw name="Execute Command" library="Remote">
<arg>machine LoadPlatformDescription @${PLATFORM}</arg>
<msg timestamp="20260125 13:44:14.537" level="TRACE">Arguments: [ 'machine LoadPlatformDescription @/src/stm32f3-timer/stm32f3_timer.repl' ]</msg>
<msg timestamp="20260125 13:44:14.625" level="TRACE">Return: ''</msg>
