<?xml version="1.0" encoding="UTF-8"?>
<robot generator="Rebot 6.1 (Python 3.11.2 on linux)" generated="20260125 13:39:27.427" rpa="false" schemaversion="4">
<suite id="s1" name="Test Suite" source="/src/stm32f3-timer/tests/test-timer.robot">
<kw name="Setup" library="renode-keywords" type="SETUP">
<msg timestamp="20260125 13:39:26.948" level="TRACE">Arguments: [  ]</msg>
<kw name="Evaluate" library="BuiltIn">
<var>${SYSTEM}</var>
<arg>platform.system()</arg>
<arg>modules=platform</arg>
<doc>Evaluates the given expression in Python and returns the result.</doc>
<msg timestamp="20260125 13:39:26.948" level="TRACE">Arguments: [ 'platform.system()' | modules='platform' ]</msg>
<msg timestamp="20260125 13:39:26.948" level="TRACE">Return: 'Linux'</msg>
<msg timestamp="20260125 13:39:26.948" level="INFO">${SYSTEM} = Linux</msg>
<status status="PASS" starttime="20260125 13:39:26.948" endtime="20260125 13:39:26.948"/>
</kw>
<kw name="Set Variable If" library="BuiltIn">
<var>${CONFIGURATION}</var>
<arg>not ${SKIP_RUNNING_SERVER} and ${SERVER_REMOTE_DEBUG}</arg>
<arg>Debug</arg>
<arg>${CONFIGURATION}</arg>
<doc>Sets variable based on the given condition.</doc>
<msg timestamp="20260125 13:39:26.948" level="TRACE">Arguments: [ 'not True and False' | 'Debug' | '${CONFIGURATION}' ]</msg>
<msg timestamp="20260125 13:39:26.948" level="TRACE">Return: 'Release'</msg>
<msg timestamp="20260125 13:39:26.948" level="INFO">${CONFIGURATION} = Release</msg>
<status status="PASS" starttime="20260125 13:39:26.948" endtime="20260125 13:39:26.948"/>
</kw>
<kw name="Create List" library="BuiltIn">
<var>@{PARAMS}</var>
<arg>--robot-server-port</arg>
<arg>${PORT_NUMBER}</arg>
<arg>--hide-log</arg>
<doc>Returns a list containing given items.</doc>
<msg timestamp="20260125 13:39:26.948" level="TRACE">Arguments: [ '--robot-server-port' | '49152' | '--hide-log' ]</msg>
<msg timestamp="20260125 13:39:26.948" level="TRACE">Return: ['--robot-server-port', '49152', '--hide-log']</msg>
<msg timestamp="20260125 13:39:26.948" level="INFO">@{PARAMS} = [ --robot-server-port | 49152 | --hide-log ]</msg>
<status status="PASS" starttime="20260125 13:39:26.948" endtime="20260125 13:39:26.948"/>
</kw>
<if>
<branch type="IF" condition="${DISABLE_GUI}">
<kw name="Insert Into List" library="Collections">
<arg>${PARAMS}</arg>
<arg>0</arg>
<arg>--disable-gui</arg>
<doc>Inserts ``value`` into ``list`` to the position specified with ``index``.</doc>
<status status="NOT RUN" starttime="20260125 13:39:26.948" endtime="20260125 13:39:26.948"/>
</kw>
<status status="NOT RUN" starttime="20260125 13:39:26.948" endtime="20260125 13:39:26.948"/>
</branch>
<status status="PASS" starttime="20260125 13:39:26.948" endtime="20260125 13:39:26.948"/>
</if>
<if>
<branch type="IF" condition="not ${SKIP_RUNNING_SERVER}">
<kw name="File Should Exist" library="OperatingSystem">
<arg>${DIRECTORY}/${BINARY_NAME}</arg>
<arg>msg=Robot Framework remote server binary not found (${DIRECTORY}/${BINARY_NAME}). Did you forget to build it in ${CONFIGURATION} configuration?</arg>
<doc>Fails unless the given ``path`` points to an existing file.</doc>
<status status="NOT RUN" starttime="20260125 13:39:26.948" endtime="20260125 13:39:26.948"/>
</kw>
<status status="NOT RUN" starttime="20260125 13:39:26.948" endtime="20260125 13:39:26.948"/>
</branch>
<status status="PASS" starttime="20260125 13:39:26.948" endtime="20260125 13:39:26.948"/>
</if>
<if>
<branch type="IF" condition="not ${SKIP_RUNNING_SERVER} and not ${SERVER_REMOTE_DEBUG} and not '${SYSTEM}' == 'Windows' and not ${NET_PLATFORM}">
<kw name="Start Process" library="Process">
<arg>mono</arg>
<arg>${BINARY_NAME}</arg>
<arg>@{PARAMS}</arg>
<arg>cwd=${DIRECTORY}</arg>
<doc>Starts a new process on background.</doc>
<status status="NOT RUN" starttime="20260125 13:39:26.948" endtime="20260125 13:39:26.948"/>
</kw>
<status status="NOT RUN" starttime="20260125 13:39:26.948" endtime="20260125 13:39:26.948"/>
</branch>
<status status="PASS" starttime="20260125 13:39:26.948" endtime="20260125 13:39:26.948"/>
</if>
<if>
<branch type="IF" condition="not ${SKIP_RUNNING_SERVER} and not ${SERVER_REMOTE_DEBUG} and '${SYSTEM}' == 'Windows'">
<kw name="Start Process" library="Process">
<arg>${BINARY_NAME}</arg>
<arg>@{PARAMS}</arg>
<arg>cwd=${DIRECTORY}</arg>
<arg>shell=true</arg>
<doc>Starts a new process on background.</doc>
<status status="NOT RUN" starttime="20260125 13:39:26.948" endtime="20260125 13:39:26.948"/>
</kw>
<status status="NOT RUN" starttime="20260125 13:39:26.948" endtime="20260125 13:39:26.948"/>
</branch>
<status status="PASS" starttime="20260125 13:39:26.948" endtime="20260125 13:39:26.949"/>
</if>
<if>
<branch type="IF" condition="not ${SKIP_RUNNING_SERVER} and not ${SERVER_REMOTE_DEBUG} and ${NET_PLATFORM}">
<kw name="Start Process" library="Process">
<arg>dotnet ${BINARY_NAME}</arg>
<arg>@{PARAMS}</arg>
<arg>cwd=${DIRECTORY}</arg>
<arg>shell=true</arg>
<doc>Starts a new process on background.</doc>
<status status="NOT RUN" starttime="20260125 13:39:26.949" endtime="20260125 13:39:26.949"/>
</kw>
<status status="NOT RUN" starttime="20260125 13:39:26.949" endtime="20260125 13:39:26.949"/>
</branch>
<status status="PASS" starttime="20260125 13:39:26.949" endtime="20260125 13:39:26.949"/>
</if>
<if>
<branch type="IF" condition="not ${SKIP_RUNNING_SERVER} and ${SERVER_REMOTE_DEBUG} and not '${SYSTEM}' == 'Windows' and not ${NET_PLATFORM}">
<kw name="Start Process" library="Process">
<arg>mono</arg>
<arg>--debug</arg>
<arg>--debugger-agent\=transport\=dt_socket,address\=0.0.0.0:${SERVER_REMOTE_PORT},server\=y,suspend\=${SERVER_REMOTE_SUSPEND}</arg>
<arg>${BINARY_NAME}</arg>
<arg>@{PARAMS}</arg>
<arg>cwd=${DIRECTORY}</arg>
<doc>Starts a new process on background.</doc>
<status status="NOT RUN" starttime="20260125 13:39:26.949" endtime="20260125 13:39:26.949"/>
</kw>
<status status="NOT RUN" starttime="20260125 13:39:26.949" endtime="20260125 13:39:26.949"/>
</branch>
<status status="PASS" starttime="20260125 13:39:26.949" endtime="20260125 13:39:26.949"/>
</if>
<if>
<branch type="IF" condition="not ${SKIP_RUNNING_SERVER} and ${SERVER_REMOTE_DEBUG} and '${SYSTEM}' == 'Windows'">
<kw name="Fatal Error" library="BuiltIn">
<arg>Windows doesn't support server remote debug option.</arg>
<doc>Stops the whole test execution.</doc>
<status status="NOT RUN" starttime="20260125 13:39:26.949" endtime="20260125 13:39:26.949"/>
</kw>
<status status="NOT RUN" starttime="20260125 13:39:26.949" endtime="20260125 13:39:26.949"/>
</branch>
<status status="PASS" starttime="20260125 13:39:26.949" endtime="20260125 13:39:26.949"/>
</if>
<if>
<branch type="IF" condition="not '${SYSTEM}' == 'Windows'">
<kw name="Wait Until Keyword Succeeds" library="BuiltIn">
<arg>60s</arg>
<arg>1s</arg>
<arg>Import Library</arg>
<arg>Remote</arg>
<arg>http://127.0.0.1:${PORT_NUMBER}/</arg>
<doc>Runs the specified keyword and retries if it fails.</doc>
<msg timestamp="20260125 13:39:26.949" level="TRACE">Arguments: [ '60s' | '1s' | 'Import Library' | 'Remote' | 'http://127.0.0.1:${PORT_NUMBER}/' ]</msg>
<kw name="Import Library" library="BuiltIn">
<arg>Remote</arg>
<arg>http://127.0.0.1:${PORT_NUMBER}/</arg>
<doc>Imports a library with the given name and optional arguments.</doc>
<msg timestamp="20260125 13:39:26.949" level="TRACE">Arguments: [ 'Remote' | 'http://127.0.0.1:${PORT_NUMBER}/' ]</msg>
<msg timestamp="20260125 13:39:27.056" level="TRACE">Return: None</msg>
<status status="PASS" starttime="20260125 13:39:26.949" endtime="20260125 13:39:27.056"/>
</kw>
<msg timestamp="20260125 13:39:27.056" level="TRACE">Return: None</msg>
<status status="PASS" starttime="20260125 13:39:26.949" endtime="20260125 13:39:27.056"/>
</kw>
<status status="PASS" starttime="20260125 13:39:26.949" endtime="20260125 13:39:27.056"/>
</branch>
<status status="PASS" starttime="20260125 13:39:26.949" endtime="20260125 13:39:27.056"/>
</if>
<if>
<branch type="IF" condition="'${SYSTEM}' == 'Windows'">
<kw name="Wait Until Keyword Succeeds" library="BuiltIn">
<arg>60s</arg>
<arg>1s</arg>
<arg>Import Library</arg>
<arg>Remote</arg>
<arg>http://localhost:${PORT_NUMBER}/</arg>
<doc>Runs the specified keyword and retries if it fails.</doc>
<status status="NOT RUN" starttime="20260125 13:39:27.056" endtime="20260125 13:39:27.056"/>
</kw>
<status status="NOT RUN" starttime="20260125 13:39:27.056" endtime="20260125 13:39:27.056"/>
</branch>
<status status="PASS" starttime="20260125 13:39:27.056" endtime="20260125 13:39:27.056"/>
</if>
<kw name="Setup Renode" library="renode-keywords">
<msg timestamp="20260125 13:39:27.057" level="TRACE">Arguments: [  ]</msg>
<kw name="Set Default Uart Timeout" library="Remote">
<arg>${DEFAULT_UART_TIMEOUT}</arg>
<msg timestamp="20260125 13:39:27.057" level="TRACE">Arguments: [ '8' ]</msg>
<msg timestamp="20260125 13:39:27.066" level="TRACE">Return: ''</msg>
<status status="PASS" starttime="20260125 13:39:27.057" endtime="20260125 13:39:27.066"/>
</kw>
<if>
<branch type="IF" condition="${SAVE_LOGS}">
<kw name="Enable Logging To Cache" library="Remote">
<msg timestamp="20260125 13:39:27.066" level="TRACE">Arguments: [  ]</msg>
<msg timestamp="20260125 13:39:27.068" level="TRACE">Return: ''</msg>
<status status="PASS" starttime="20260125 13:39:27.066" endtime="20260125 13:39:27.069"/>
</kw>
<status status="PASS" starttime="20260125 13:39:27.066" endtime="20260125 13:39:27.069"/>
</branch>
<status status="PASS" starttime="20260125 13:39:27.066" endtime="20260125 13:39:27.069"/>
</if>
<kw name="Set Variable" library="BuiltIn">
<var>${allowed_chars}</var>
<arg>abcdefghijklmnopqrstuvwxyz01234567890_-</arg>
<doc>Returns the given values which can then be assigned to a variables.</doc>
<msg timestamp="20260125 13:39:27.069" level="TRACE">Arguments: [ 'abcdefghijklmnopqrstuvwxyz01234567890_-' ]</msg>
<msg timestamp="20260125 13:39:27.069" level="TRACE">Return: 'abcdefghijklmnopqrstuvwxyz01234567890_-'</msg>
<msg timestamp="20260125 13:39:27.069" level="INFO">${allowed_chars} = abcdefghijklmnopqrstuvwxyz01234567890_-</msg>
<status status="PASS" starttime="20260125 13:39:27.069" endtime="20260125 13:39:27.069"/>
</kw>
<kw name="Convert To Lower Case" library="String">
<var>${metrics_fname}</var>
<arg>${SUITE_NAME}</arg>
<doc>Converts string to lower case.</doc>
<msg timestamp="20260125 13:39:27.069" level="TRACE">Arguments: [ 'test-timer' ]</msg>
<msg timestamp="20260125 13:39:27.069" level="TRACE">Return: 'test-timer'</msg>
<msg timestamp="20260125 13:39:27.069" level="INFO">${metrics_fname} = test-timer</msg>
<status status="PASS" starttime="20260125 13:39:27.069" endtime="20260125 13:39:27.069"/>
</kw>
<kw name="Replace String" library="String">
<var>${metrics_fname}</var>
<arg>${metrics_fname}</arg>
<arg>${SPACE}</arg>
<arg>_</arg>
<doc>Replaces ``search_for`` in the given ``string`` with ``replace_with``.</doc>
<msg timestamp="20260125 13:39:27.069" level="TRACE">Arguments: [ 'test-timer' | ' ' | '_' ]</msg>
<msg timestamp="20260125 13:39:27.069" level="TRACE">Return: 'test-timer'</msg>
<msg timestamp="20260125 13:39:27.069" level="INFO">${metrics_fname} = test-timer</msg>
<status status="PASS" starttime="20260125 13:39:27.069" endtime="20260125 13:39:27.069"/>
</kw>
<kw name="Replace String Using Regexp" library="String">
<var>${metrics_fname}</var>
<arg>${metrics_fname}</arg>
<arg>[^${allowed_chars}]+</arg>
<arg>${EMPTY}</arg>
<doc>Replaces ``pattern`` in the given ``string`` with ``replace_with``.</doc>
<msg timestamp="20260125 13:39:27.069" level="TRACE">Arguments: [ 'test-timer' | '[^abcdefghijklmnopqrstuvwxyz01234567890_-]+' | '' ]</msg>
<msg timestamp="20260125 13:39:27.069" level="TRACE">Return: 'test-timer'</msg>
<msg timestamp="20260125 13:39:27.069" level="INFO">${metrics_fname} = test-timer</msg>
<status status="PASS" starttime="20260125 13:39:27.069" endtime="20260125 13:39:27.069"/>
</kw>
<kw name="Join Path" library="OperatingSystem">
<var>${metrics_path}</var>
<arg>${RESULTS_DIRECTORY}</arg>
<arg>profiler-${metrics_fname}</arg>
<doc>Joins the given path part(s) to the given base path.</doc>
<msg timestamp="20260125 13:39:27.069" level="TRACE">Arguments: [ '/src/stm32f3-timer/' | 'profiler-test-timer' ]</msg>
<msg timestamp="20260125 13:39:27.069" level="TRACE">Return: '/src/stm32f3-timer/profiler-test-timer'</msg>
<msg timestamp="20260125 13:39:27.069" level="INFO">${metrics_path} = /src/stm32f3-timer/profiler-test-timer</msg>
<status status="PASS" starttime="20260125 13:39:27.069" endtime="20260125 13:39:27.069"/>
</kw>
<if>
<branch type="IF" condition="${CREATE_EXECUTION_METRICS}">
<kw name="Execute Command" library="Remote">
<arg>EnableProfilerGlobally "${metrics_path}"</arg>
<status status="NOT RUN" starttime="20260125 13:39:27.069" endtime="20260125 13:39:27.069"/>
</kw>
<status status="NOT RUN" starttime="20260125 13:39:27.069" endtime="20260125 13:39:27.069"/>
</branch>
<status status="PASS" starttime="20260125 13:39:27.069" endtime="20260125 13:39:27.069"/>
</if>
<kw name="Reset Emulation" library="Remote">
<msg timestamp="20260125 13:39:27.070" level="TRACE">Arguments: [  ]</msg>
<msg timestamp="20260125 13:39:27.073" level="TRACE">Return: ''</msg>
<status status="PASS" starttime="20260125 13:39:27.070" endtime="20260125 13:39:27.073"/>
</kw>
<msg timestamp="20260125 13:39:27.073" level="TRACE">Return: None</msg>
<status status="PASS" starttime="20260125 13:39:27.056" endtime="20260125 13:39:27.073"/>
</kw>
<msg timestamp="20260125 13:39:27.073" level="TRACE">Return: None</msg>
<status status="PASS" starttime="20260125 13:39:26.948" endtime="20260125 13:39:27.073"/>
</kw>
<test id="s1-t1" name="Should Initialize Timer And Report" line="12">
<kw name="Reset Emulation" library="Remote" type="SETUP">
<msg timestamp="20260125 13:39:27.073" level="TRACE">Arguments: [  ]</msg>
<msg timestamp="20260125 13:39:27.074" level="TRACE">Return: ''</msg>
<status status="PASS" starttime="20260125 13:39:27.073" endtime="20260125 13:39:27.074"/>
</kw>
<kw name="Execute Command" library="Remote">
<arg>mach create</arg>
<msg timestamp="20260125 13:39:27.074" level="TRACE">Arguments: [ 'mach create' ]</msg>
<msg timestamp="20260125 13:39:27.093" level="TRACE">Return: ''</msg>
<status status="PASS" starttime="20260125 13:39:27.074" endtime="20260125 13:39:27.093"/>
</kw>
<kw name="Execute Command" library="Remote">
<arg>machine LoadPlatformDescription @${PLATFORM}</arg>
<msg timestamp="20260125 13:39:27.094" level="TRACE">Arguments: [ 'machine LoadPlatformDescription @/src/renode-research/stm32f3-timer/stm32f3_timer.repl' ]</msg>
<msg timestamp="20260125 13:39:27.198" level="FAIL">KeywordException: Could not execute command 'machine LoadPlatformDescription @/src/renode-research/stm32f3-timer/stm32f3_timer.repl': There was an error executing command 'machine LoadPlatformDescription @/src/renode-research/stm32f3-timer/stm32f3_timer.repl'Could not find file '/src/renode-research/stm32f3-timer/stm32f3_timer.repl'.
</msg>
<msg timestamp="20260125 13:39:27.198" level="DEBUG">KeywordException:    at Antmicro.Renode.RobotFramework.RenodeKeywords.ExecuteCommand(String command, String machine)
   at InvokeStub_RenodeKeywords.ExecuteCommand(Object, Span`1)
   at System.Reflection.MethodBaseInvoker.InvokeWithFewArgs(Object obj, BindingFlags invokeAttr, Binder binder, Object[] parameters, CultureInfo culture)
</msg>
<status status="FAIL" starttime="20260125 13:39:27.093" endtime="20260125 13:39:27.198"/>
</kw>
<kw name="Execute Command" library="Remote">
<arg>sysbus LoadELF @${ELF}</arg>
<status status="NOT RUN" starttime="20260125 13:39:27.198" endtime="20260125 13:39:27.198"/>
</kw>
<kw name="Create Terminal Tester" library="Remote">
<arg>sysbus.usart1</arg>
<status status="NOT RUN" starttime="20260125 13:39:27.198" endtime="20260125 13:39:27.198"/>
</kw>
<kw name="Start Emulation" library="Remote">
<status status="NOT RUN" starttime="20260125 13:39:27.198" endtime="20260125 13:39:27.198"/>
</kw>
<kw name="Wait For Line On Uart" library="Remote">
<arg>Timer Peripheral Test</arg>
<arg>timeout=5</arg>
<status status="NOT RUN" starttime="20260125 13:39:27.198" endtime="20260125 13:39:27.198"/>
</kw>
<kw name="Test Teardown" library="renode-keywords" type="TEARDOWN">
<msg timestamp="20260125 13:39:27.198" level="TRACE">Arguments: [  ]</msg>
<kw name="Stop Profiler" library="renode-keywords">
<msg timestamp="20260125 13:39:27.198" level="TRACE">Arguments: [  ]</msg>
<if>
<branch type="IF" condition="${PROFILER_PROCESS}">
<kw name="Terminate Process" library="Process">
<arg>${PROFILER_PROCESS}</arg>
<doc>Stops the process gracefully or forcefully.</doc>
<status status="NOT RUN" starttime="20260125 13:39:27.199" endtime="20260125 13:39:27.199"/>
</kw>
<kw name="Set Test Variable" library="BuiltIn">
<arg>${PROFILER_PROCESS}</arg>
<arg>None</arg>
<doc>Makes a variable available everywhere within the scope of the current test.</doc>
<status status="NOT RUN" starttime="20260125 13:39:27.199" endtime="20260125 13:39:27.199"/>
</kw>
<status status="NOT RUN" starttime="20260125 13:39:27.199" endtime="20260125 13:39:27.199"/>
</branch>
<status status="PASS" starttime="20260125 13:39:27.199" endtime="20260125 13:39:27.199"/>
</if>
<msg timestamp="20260125 13:39:27.199" level="TRACE">Return: None</msg>
<status status="PASS" starttime="20260125 13:39:27.198" endtime="20260125 13:39:27.199"/>
</kw>
<kw name="Run Keyword If Test Failed" library="BuiltIn">
<var>${failed}</var>
<arg>Set Variable</arg>
<arg>True</arg>
<doc>Runs the given keyword with the given arguments, if the test failed.</doc>
<msg timestamp="20260125 13:39:27.199" level="TRACE">Arguments: [ 'Set Variable' | 'True' ]</msg>
<kw name="Set Variable" library="BuiltIn">
<arg>True</arg>
<doc>Returns the given values which can then be assigned to a variables.</doc>
<msg timestamp="20260125 13:39:27.199" level="TRACE">Arguments: [ 'True' ]</msg>
<msg timestamp="20260125 13:39:27.199" level="TRACE">Return: 'True'</msg>
<status status="PASS" starttime="20260125 13:39:27.199" endtime="20260125 13:39:27.199"/>
</kw>
<msg timestamp="20260125 13:39:27.199" level="TRACE">Return: 'True'</msg>
<msg timestamp="20260125 13:39:27.199" level="INFO">${failed} = True</msg>
<status status="PASS" starttime="20260125 13:39:27.199" endtime="20260125 13:39:27.199"/>
</kw>
<if>
<branch type="IF" condition="${failed}">
<kw name="Strip String" library="String">
<var>${message}</var>
<arg>${TEST_MESSAGE}</arg>
<arg>mode=right</arg>
<doc>Remove leading and/or trailing whitespaces from the given string.</doc>
<msg timestamp="20260125 13:39:27.199" level="TRACE">Arguments: [ "KeywordException: Could not execute command 'machine LoadPlatformDescription @/src/renode-research/stm32f3-timer/stm32f3_timer.repl': There was an error executing command 'machine LoadPlatformDescription @/src/renode-research/stm32f3-timer/stm32f3_timer.repl'Could not find file '/src/renode-research/stm32f3-timer/stm32f3_timer.repl'.\n" | mode='right' ]</msg>
<msg timestamp="20260125 13:39:27.199" level="TRACE">Return: "KeywordException: Could not execute command 'machine LoadPlatformDescription @/src/renode-research/stm32f3-timer/stm32f3_timer.repl': There was an error executing command 'machine LoadPlatformDescription @/src/renode-research/stm32f3-timer/stm32f3_timer.repl'Could not find file '/src/renode-research/stm32f3-timer/stm32f3_timer.repl'."</msg>
<msg timestamp="20260125 13:39:27.199" level="INFO">${message} = KeywordException: Could not execute command 'machine LoadPlatformDescription @/src/renode-research/stm32f3-timer/stm32f3_timer.repl': There was an error executing command 'machine LoadPlatformDescript...</msg>
<status status="PASS" starttime="20260125 13:39:27.199" endtime="20260125 13:39:27.199"/>
</kw>
<kw name="Set Test Message" library="BuiltIn">
<arg>${message}</arg>
<doc>Sets message for the current test case.</doc>
<msg timestamp="20260125 13:39:27.199" level="TRACE">Arguments: [ "KeywordException: Could not execute command 'machine LoadPlatformDescription @/src/renode-research/stm32f3-timer/stm32f3_timer.repl': There was an error executing command 'machine LoadPlatformDescription @/src/renode-research/stm32f3-timer/stm32f3_timer.repl'Could not find file '/src/renode-research/stm32f3-timer/stm32f3_timer.repl'." ]</msg>
<msg timestamp="20260125 13:39:27.199" level="INFO">Set test message to:
KeywordException: Could not execute command 'machine LoadPlatformDescription @/src/renode-research/stm32f3-timer/stm32f3_timer.repl': There was an error executing command 'machine LoadPlatformDescription @/src/renode-research/stm32f3-timer/stm32f3_timer.repl'Could not find file '/src/renode-research/stm32f3-timer/stm32f3_timer.repl'.</msg>
<msg timestamp="20260125 13:39:27.199" level="TRACE">Return: None</msg>
<status status="PASS" starttime="20260125 13:39:27.199" endtime="20260125 13:39:27.199"/>
</kw>
<status status="PASS" starttime="20260125 13:39:27.199" endtime="20260125 13:39:27.199"/>
</branch>
<status status="PASS" starttime="20260125 13:39:27.199" endtime="20260125 13:39:27.199"/>
</if>
<kw name="Run Keyword If Timeout Occurred" library="BuiltIn">
<var>${timed_out}</var>
<arg>Set Variable</arg>
<arg>True</arg>
<doc>Runs the given keyword if either a test or a keyword timeout has occurred.</doc>
<msg timestamp="20260125 13:39:27.199" level="TRACE">Arguments: [ 'Set Variable' | 'True' ]</msg>
<msg timestamp="20260125 13:39:27.199" level="TRACE">Return: None</msg>
<msg timestamp="20260125 13:39:27.199" level="INFO">${timed_out} = None</msg>
<status status="PASS" starttime="20260125 13:39:27.199" endtime="20260125 13:39:27.199"/>
</kw>
<if>
<branch type="IF" condition="${timed_out}">
<return>
<status status="NOT RUN" starttime="20260125 13:39:27.199" endtime="20260125 13:39:27.199"/>
</return>
<status status="NOT RUN" starttime="20260125 13:39:27.199" endtime="20260125 13:39:27.199"/>
</branch>
<status status="PASS" starttime="20260125 13:39:27.199" endtime="20260125 13:39:27.199"/>
</if>
<if>
<branch type="IF" condition="${CREATE_SNAPSHOT_ON_FAIL}">
<kw name="Run Keyword If Test Failed" library="BuiltIn">
<arg>Create Snapshot Of Failed Test</arg>
<doc>Runs the given keyword with the given arguments, if the test failed.</doc>
<msg timestamp="20260125 13:39:27.200" level="TRACE">Arguments: [ 'Create Snapshot Of Failed Test' ]</msg>
<kw name="Create Snapshot Of Failed Test" library="renode-keywords">
<msg timestamp="20260125 13:39:27.200" level="TRACE">Arguments: [  ]</msg>
<kw name="Return From Keyword If" library="BuiltIn">
<arg>'skipped' in @{TEST TAGS}</arg>
<doc>Returns from the enclosing user keyword if ``condition`` is true.</doc>
<msg timestamp="20260125 13:39:27.200" level="TRACE">Arguments: [ "'skipped' in []" ]</msg>
<msg timestamp="20260125 13:39:27.200" level="TRACE">Return: None</msg>
<status status="PASS" starttime="20260125 13:39:27.200" endtime="20260125 13:39:27.200"/>
</kw>
<kw name="Get Variable Value" library="BuiltIn">
<var>${retry_index}</var>
<arg>\${RETRYFAILED_RETRY_INDEX}</arg>
<arg>0</arg>
<doc>Returns variable value or ``default`` if the variable does not exist.</doc>
<msg timestamp="20260125 13:39:27.200" level="TRACE">Arguments: [ '\\${RETRYFAILED_RETRY_INDEX}' | '0' ]</msg>
<msg timestamp="20260125 13:39:27.200" level="TRACE">Return: '0'</msg>
<msg timestamp="20260125 13:39:27.200" level="INFO">${retry_index} = 0</msg>
<status status="PASS" starttime="20260125 13:39:27.200" endtime="20260125 13:39:27.200"/>
</kw>
<kw name="Set Variable" library="BuiltIn">
<var>${test_name}</var>
<arg>${SUITE NAME}.${TEST NAME}.fail${retry_index}.save</arg>
<doc>Returns the given values which can then be assigned to a variables.</doc>
<msg timestamp="20260125 13:39:27.200" level="TRACE">Arguments: [ 'test-timer.Should Initialize Timer And Report.fail0.save' ]</msg>
<msg timestamp="20260125 13:39:27.200" level="TRACE">Return: 'test-timer.Should Initialize Timer And Report.fail0.save'</msg>
<msg timestamp="20260125 13:39:27.200" level="INFO">${test_name} = test-timer.Should Initialize Timer And Report.fail0.save</msg>
<status status="PASS" starttime="20260125 13:39:27.200" endtime="20260125 13:39:27.200"/>
</kw>
<kw name="Sanitize Test Name" library="renode-keywords">
<var>${test_name}</var>
<arg>${test_name}</arg>
<msg timestamp="20260125 13:39:27.200" level="TRACE">Arguments: [ ${test_name}='test-timer.Should Initialize Timer And Report.fail0.save' ]</msg>
<kw name="Replace String" library="String">
<var>${test_name}</var>
<arg>${test_name}</arg>
<arg>${SPACE}</arg>
<arg>_</arg>
<doc>Replaces ``search_for`` in the given ``string`` with ``replace_with``.</doc>
<msg timestamp="20260125 13:39:27.200" level="TRACE">Arguments: [ 'test-timer.Should Initialize Timer And Report.fail0.save' | ' ' | '_' ]</msg>
<msg timestamp="20260125 13:39:27.201" level="TRACE">Return: 'test-timer.Should_Initialize_Timer_And_Report.fail0.save'</msg>
<msg timestamp="20260125 13:39:27.201" level="INFO">${test_name} = test-timer.Should_Initialize_Timer_And_Report.fail0.save</msg>
<status status="PASS" starttime="20260125 13:39:27.200" endtime="20260125 13:39:27.201"/>
</kw>
<kw name="Replace String Using Regexp" library="String">
<var>${test_name}</var>
<arg>${test_name}</arg>
<arg>[/""]</arg>
<arg>-</arg>
<doc>Replaces ``pattern`` in the given ``string`` with ``replace_with``.</doc>
<msg timestamp="20260125 13:39:27.201" level="TRACE">Arguments: [ 'test-timer.Should_Initialize_Timer_And_Report.fail0.save' | '[/""]' | '-' ]</msg>
<msg timestamp="20260125 13:39:27.201" level="TRACE">Return: 'test-timer.Should_Initialize_Timer_And_Report.fail0.save'</msg>
<msg timestamp="20260125 13:39:27.201" level="INFO">${test_name} = test-timer.Should_Initialize_Timer_And_Report.fail0.save</msg>
<status status="PASS" starttime="20260125 13:39:27.201" endtime="20260125 13:39:27.201"/>
</kw>
<return>
<value>${test_name}</value>
<status status="PASS" starttime="20260125 13:39:27.201" endtime="20260125 13:39:27.201"/>
</return>
<msg timestamp="20260125 13:39:27.201" level="TRACE">Return: 'test-timer.Should_Initialize_Timer_And_Report.fail0.save'</msg>
<msg timestamp="20260125 13:39:27.201" level="INFO">${test_name} = test-timer.Should_Initialize_Timer_And_Report.fail0.save</msg>
<status status="PASS" starttime="20260125 13:39:27.200" endtime="20260125 13:39:27.201"/>
</kw>
<kw name="Set Variable" library="BuiltIn">
<var>${snapshots_dir}</var>
<arg>${RESULTS_DIRECTORY}/snapshots</arg>
<doc>Returns the given values which can then be assigned to a variables.</doc>
<msg timestamp="20260125 13:39:27.201" level="TRACE">Arguments: [ '/src/stm32f3-timer//snapshots' ]</msg>
<msg timestamp="20260125 13:39:27.201" level="TRACE">Return: '/src/stm32f3-timer//snapshots'</msg>
<msg timestamp="20260125 13:39:27.201" level="INFO">${snapshots_dir} = /src/stm32f3-timer//snapshots</msg>
<status status="PASS" starttime="20260125 13:39:27.201" endtime="20260125 13:39:27.201"/>
</kw>
<kw name="Create Directory" library="OperatingSystem">
<arg>${snapshots_dir}</arg>
<doc>Creates the specified directory.</doc>
<msg timestamp="20260125 13:39:27.201" level="TRACE">Arguments: [ '/src/stm32f3-timer//snapshots' ]</msg>
<msg timestamp="20260125 13:39:27.201" level="INFO" html="true">Created directory '&lt;a href="file:///src/stm32f3-timer/snapshots"&gt;/src/stm32f3-timer/snapshots&lt;/a&gt;'.</msg>
<msg timestamp="20260125 13:39:27.201" level="TRACE">Return: None</msg>
<status status="PASS" starttime="20260125 13:39:27.201" endtime="20260125 13:39:27.201"/>
</kw>
<kw name="Set Variable" library="BuiltIn">
<var>${snapshot_path}</var>
<arg>"${snapshots_dir}/${test_name}"</arg>
<doc>Returns the given values which can then be assigned to a variables.</doc>
<msg timestamp="20260125 13:39:27.201" level="TRACE">Arguments: [ '"/src/stm32f3-timer//snapshots/test-timer.Should_Initialize_Timer_And_Report.fail0.save"' ]</msg>
<msg timestamp="20260125 13:39:27.201" level="TRACE">Return: '"/src/stm32f3-timer//snapshots/test-timer.Should_Initialize_Timer_And_Report.fail0.save"'</msg>
<msg timestamp="20260125 13:39:27.201" level="INFO">${snapshot_path} = "/src/stm32f3-timer//snapshots/test-timer.Should_Initialize_Timer_And_Report.fail0.save"</msg>
<status status="PASS" starttime="20260125 13:39:27.201" endtime="20260125 13:39:27.201"/>
</kw>
<kw name="Execute Command" library="Remote">
<arg>Save ${snapshot_path}</arg>
<msg timestamp="20260125 13:39:27.202" level="TRACE">Arguments: [ 'Save "/src/stm32f3-timer//snapshots/test-timer.Should_Initialize_Timer_And_Report.fail0.save"' ]</msg>
<msg timestamp="20260125 13:39:27.320" level="TRACE">Return: ''</msg>
<status status="PASS" starttime="20260125 13:39:27.201" endtime="20260125 13:39:27.321"/>
</kw>
<kw name="Log To Console" library="BuiltIn">
<arg>!!!!! Emulation's state saved to ${snapshot_path}</arg>
<doc>Logs the given message to the console.</doc>
<msg timestamp="20260125 13:39:27.321" level="TRACE">Arguments: [ '!!!!! Emulation\'s state saved to "/src/stm32f3-timer//snapshots/test-timer.Should_Initialize_Timer_And_Report.fail0.save"' ]</msg>
<msg timestamp="20260125 13:39:27.321" level="TRACE">Return: None</msg>
<status status="PASS" starttime="20260125 13:39:27.321" endtime="20260125 13:39:27.321"/>
</kw>
<msg timestamp="20260125 13:39:27.321" level="TRACE">Return: None</msg>
<status status="PASS" starttime="20260125 13:39:27.200" endtime="20260125 13:39:27.321"/>
</kw>
<msg timestamp="20260125 13:39:27.321" level="TRACE">Return: None</msg>
<status status="PASS" starttime="20260125 13:39:27.200" endtime="20260125 13:39:27.321"/>
</kw>
<status status="PASS" starttime="20260125 13:39:27.200" endtime="20260125 13:39:27.321"/>
</branch>
<status status="PASS" starttime="20260125 13:39:27.200" endtime="20260125 13:39:27.321"/>
</if>
<if>
<branch type="IF" condition="${SAVE_LOGS}">
<if>
<branch type="IF" condition="&quot;${SAVE_LOGS_WHEN}&quot; == &quot;Always&quot;">
<kw name="Save Test Log" library="renode-keywords">
<status status="NOT RUN" starttime="20260125 13:39:27.321" endtime="20260125 13:39:27.321"/>
</kw>
<status status="NOT RUN" starttime="20260125 13:39:27.321" endtime="20260125 13:39:27.321"/>
</branch>
<branch type="ELSE IF" condition="&quot;${SAVE_LOGS_WHEN}&quot; == &quot;Fail&quot;">
<kw name="Run Keyword If Test Failed" library="BuiltIn">
<arg>Save Test Log</arg>
<doc>Runs the given keyword with the given arguments, if the test failed.</doc>
<msg timestamp="20260125 13:39:27.321" level="TRACE">Arguments: [ 'Save Test Log' ]</msg>
<kw name="Save Test Log" library="renode-keywords">
<msg timestamp="20260125 13:39:27.321" level="TRACE">Arguments: [  ]</msg>
<kw name="Return From Keyword If" library="BuiltIn">
<arg>'skipped' in @{TEST TAGS}</arg>
<doc>Returns from the enclosing user keyword if ``condition`` is true.</doc>
<msg timestamp="20260125 13:39:27.321" level="TRACE">Arguments: [ "'skipped' in []" ]</msg>
<msg timestamp="20260125 13:39:27.321" level="TRACE">Return: None</msg>
<status status="PASS" starttime="20260125 13:39:27.321" endtime="20260125 13:39:27.321"/>
</kw>
<kw name="Get Variable Value" library="BuiltIn">
<var>${retry_index}</var>
<arg>\${RETRYFAILED_RETRY_INDEX}</arg>
<arg>0</arg>
<doc>Returns variable value or ``default`` if the variable does not exist.</doc>
<msg timestamp="20260125 13:39:27.321" level="TRACE">Arguments: [ '\\${RETRYFAILED_RETRY_INDEX}' | '0' ]</msg>
<msg timestamp="20260125 13:39:27.322" level="TRACE">Return: '0'</msg>
<msg timestamp="20260125 13:39:27.322" level="INFO">${retry_index} = 0</msg>
<status status="PASS" starttime="20260125 13:39:27.321" endtime="20260125 13:39:27.322"/>
</kw>
<kw name="Set Variable" library="BuiltIn">
<var>${test_name}</var>
<arg>${SUITE NAME}.${TEST NAME}.fail${retry_index}</arg>
<doc>Returns the given values which can then be assigned to a variables.</doc>
<msg timestamp="20260125 13:39:27.322" level="TRACE">Arguments: [ 'test-timer.Should Initialize Timer And Report.fail0' ]</msg>
<msg timestamp="20260125 13:39:27.322" level="TRACE">Return: 'test-timer.Should Initialize Timer And Report.fail0'</msg>
<msg timestamp="20260125 13:39:27.322" level="INFO">${test_name} = test-timer.Should Initialize Timer And Report.fail0</msg>
<status status="PASS" starttime="20260125 13:39:27.322" endtime="20260125 13:39:27.322"/>
</kw>
<kw name="Sanitize Test Name" library="renode-keywords">
<var>${test_name}</var>
<arg>${test_name}</arg>
<msg timestamp="20260125 13:39:27.322" level="TRACE">Arguments: [ ${test_name}='test-timer.Should Initialize Timer And Report.fail0' ]</msg>
<kw name="Replace String" library="String">
<var>${test_name}</var>
<arg>${test_name}</arg>
<arg>${SPACE}</arg>
<arg>_</arg>
<doc>Replaces ``search_for`` in the given ``string`` with ``replace_with``.</doc>
<msg timestamp="20260125 13:39:27.322" level="TRACE">Arguments: [ 'test-timer.Should Initialize Timer And Report.fail0' | ' ' | '_' ]</msg>
<msg timestamp="20260125 13:39:27.322" level="TRACE">Return: 'test-timer.Should_Initialize_Timer_And_Report.fail0'</msg>
<msg timestamp="20260125 13:39:27.322" level="INFO">${test_name} = test-timer.Should_Initialize_Timer_And_Report.fail0</msg>
<status status="PASS" starttime="20260125 13:39:27.322" endtime="20260125 13:39:27.322"/>
</kw>
<kw name="Replace String Using Regexp" library="String">
<var>${test_name}</var>
<arg>${test_name}</arg>
<arg>[/""]</arg>
<arg>-</arg>
<doc>Replaces ``pattern`` in the given ``string`` with ``replace_with``.</doc>
<msg timestamp="20260125 13:39:27.322" level="TRACE">Arguments: [ 'test-timer.Should_Initialize_Timer_And_Report.fail0' | '[/""]' | '-' ]</msg>
<msg timestamp="20260125 13:39:27.322" level="TRACE">Return: 'test-timer.Should_Initialize_Timer_And_Report.fail0'</msg>
<msg timestamp="20260125 13:39:27.322" level="INFO">${test_name} = test-timer.Should_Initialize_Timer_And_Report.fail0</msg>
<status status="PASS" starttime="20260125 13:39:27.322" endtime="20260125 13:39:27.322"/>
</kw>
<return>
<value>${test_name}</value>
<status status="PASS" starttime="20260125 13:39:27.322" endtime="20260125 13:39:27.322"/>
</return>
<msg timestamp="20260125 13:39:27.322" level="TRACE">Return: 'test-timer.Should_Initialize_Timer_And_Report.fail0'</msg>
<msg timestamp="20260125 13:39:27.322" level="INFO">${test_name} = test-timer.Should_Initialize_Timer_And_Report.fail0</msg>
<status status="PASS" starttime="20260125 13:39:27.322" endtime="20260125 13:39:27.322"/>
</kw>
<kw name="Set Variable" library="BuiltIn">
<var>${logs_dir}</var>
<arg>${RESULTS_DIRECTORY}/logs</arg>
<doc>Returns the given values which can then be assigned to a variables.</doc>
<msg timestamp="20260125 13:39:27.322" level="TRACE">Arguments: [ '/src/stm32f3-timer//logs' ]</msg>
<msg timestamp="20260125 13:39:27.322" level="TRACE">Return: '/src/stm32f3-timer//logs'</msg>
<msg timestamp="20260125 13:39:27.322" level="INFO">${logs_dir} = /src/stm32f3-timer//logs</msg>
<status status="PASS" starttime="20260125 13:39:27.322" endtime="20260125 13:39:27.322"/>
</kw>
<kw name="Create Directory" library="OperatingSystem">
<arg>${logs_dir}</arg>
<doc>Creates the specified directory.</doc>
<msg timestamp="20260125 13:39:27.322" level="TRACE">Arguments: [ '/src/stm32f3-timer//logs' ]</msg>
<msg timestamp="20260125 13:39:27.323" level="INFO" html="true">Created directory '&lt;a href="file:///src/stm32f3-timer/logs"&gt;/src/stm32f3-timer/logs&lt;/a&gt;'.</msg>
<msg timestamp="20260125 13:39:27.323" level="TRACE">Return: None</msg>
<status status="PASS" starttime="20260125 13:39:27.322" endtime="20260125 13:39:27.323"/>
</kw>
<kw name="Set Variable" library="BuiltIn">
<var>${log_path}</var>
<arg>${logs_dir}/${test_name}.log</arg>
<doc>Returns the given values which can then be assigned to a variables.</doc>
<msg timestamp="20260125 13:39:27.323" level="TRACE">Arguments: [ '/src/stm32f3-timer//logs/test-timer.Should_Initialize_Timer_And_Report.fail0.log' ]</msg>
<msg timestamp="20260125 13:39:27.323" level="TRACE">Return: '/src/stm32f3-timer//logs/test-timer.Should_Initialize_Timer_And_Report.fail0.log'</msg>
<msg timestamp="20260125 13:39:27.323" level="INFO">${log_path} = /src/stm32f3-timer//logs/test-timer.Should_Initialize_Timer_And_Report.fail0.log</msg>
<status status="PASS" starttime="20260125 13:39:27.323" endtime="20260125 13:39:27.323"/>
</kw>
<kw name="Log To Console" library="BuiltIn">
<arg>!!!!! Log saved to "${log_path}"</arg>
<doc>Logs the given message to the console.</doc>
<msg timestamp="20260125 13:39:27.323" level="TRACE">Arguments: [ '!!!!! Log saved to "/src/stm32f3-timer//logs/test-timer.Should_Initialize_Timer_And_Report.fail0.log"' ]</msg>
<msg timestamp="20260125 13:39:27.323" level="TRACE">Return: None</msg>
<status status="PASS" starttime="20260125 13:39:27.323" endtime="20260125 13:39:27.323"/>
</kw>
<kw name="Save Cached Log" library="Remote">
<arg>${log_path}</arg>
<msg timestamp="20260125 13:39:27.323" level="TRACE">Arguments: [ '/src/stm32f3-timer//logs/test-timer.Should_Initialize_Timer_And_Report.fail0.log' ]</msg>
<msg timestamp="20260125 13:39:27.325" level="TRACE">Return: ''</msg>
<status status="PASS" starttime="20260125 13:39:27.323" endtime="20260125 13:39:27.325"/>
</kw>
<msg timestamp="20260125 13:39:27.325" level="TRACE">Return: None</msg>
<status status="PASS" starttime="20260125 13:39:27.321" endtime="20260125 13:39:27.325"/>
</kw>
<msg timestamp="20260125 13:39:27.325" level="TRACE">Return: None</msg>
<status status="PASS" starttime="20260125 13:39:27.321" endtime="20260125 13:39:27.325"/>
</kw>
<status status="PASS" starttime="20260125 13:39:27.321" endtime="20260125 13:39:27.325"/>
</branch>
<status status="PASS" starttime="20260125 13:39:27.321" endtime="20260125 13:39:27.325"/>
</if>
<status status="PASS" starttime="20260125 13:39:27.321" endtime="20260125 13:39:27.325"/>
</branch>
<status status="PASS" starttime="20260125 13:39:27.321" endtime="20260125 13:39:27.325"/>
</if>
<if>
<branch type="IF" condition="${HOLD_ON_ERROR}">
<kw name="Run Keyword If Test Failed" library="BuiltIn">
<var>${res}</var>
<arg>Run Keyword And Ignore Error</arg>
<arg>Import Library</arg>
<arg>Dialogs</arg>
<doc>Runs the given keyword with the given arguments, if the test failed.</doc>
<status status="NOT RUN" starttime="20260125 13:39:27.325" endtime="20260125 13:39:27.325"/>
</kw>
<kw name="Run Keyword If Test Failed" library="BuiltIn">
<arg>Run Keywords</arg>
<arg>Run Keyword If</arg>
<arg>'${res[0]}' == 'FAIL'</arg>
<arg>Log</arg>
<arg>Couldn't load the Dialogs library - interactive debugging is not possible</arg>
<arg>console=True</arg>
<arg>AND</arg>
<arg>Run Keyword If</arg>
<arg>'${res[0]}' != 'FAIL'</arg>
<arg>Open GUI</arg>
<arg>AND</arg>
<arg>Run Keyword If</arg>
<arg>'${res[0]}' != 'FAIL'</arg>
<arg>Pause Execution</arg>
<arg>Test failed. Press OK once done debugging.</arg>
<arg>AND</arg>
<arg>Run Keyword If</arg>
<arg>'${res[0]}' != 'FAIL'</arg>
<arg>Close GUI</arg>
<doc>Runs the given keyword with the given arguments, if the test failed.</doc>
<status status="NOT RUN" starttime="20260125 13:39:27.325" endtime="20260125 13:39:27.325"/>
</kw>
<status status="NOT RUN" starttime="20260125 13:39:27.325" endtime="20260125 13:39:27.325"/>
</branch>
<status status="PASS" starttime="20260125 13:39:27.325" endtime="20260125 13:39:27.325"/>
</if>
<kw name="Reset Emulation" library="Remote">
<msg timestamp="20260125 13:39:27.325" level="TRACE">Arguments: [  ]</msg>
<msg timestamp="20260125 13:39:27.329" level="TRACE">Return: ''</msg>
<status status="PASS" starttime="20260125 13:39:27.325" endtime="20260125 13:39:27.329"/>
</kw>
<kw name="Clear Cached Log" library="Remote">
<msg timestamp="20260125 13:39:27.329" level="TRACE">Arguments: [  ]</msg>
<msg timestamp="20260125 13:39:27.333" level="TRACE">Return: ''</msg>
<status status="PASS" starttime="20260125 13:39:27.329" endtime="20260125 13:39:27.333"/>
</kw>
<msg timestamp="20260125 13:39:27.333" level="TRACE">Return: None</msg>
<status status="PASS" starttime="20260125 13:39:27.198" endtime="20260125 13:39:27.333"/>
</kw>
<doc>Verify Timer test initializes and reports on UART</doc>
<status status="FAIL" starttime="20260125 13:39:27.073" endtime="20260125 13:39:27.333">KeywordException: Could not execute command 'machine LoadPlatformDescription @/src/renode-research/stm32f3-timer/stm32f3_timer.repl': There was an error executing command 'machine LoadPlatformDescription @/src/renode-research/stm32f3-timer/stm32f3_timer.repl'Could not find file '/src/renode-research/stm32f3-timer/stm32f3_timer.repl'.</status>
</test>
<test id="s1-t2" name="Should Complete Timer2 Countdown" line="24">
<kw name="Reset Emulation" library="Remote" type="SETUP">
<msg timestamp="20260125 13:39:27.333" level="TRACE">Arguments: [  ]</msg>
<msg timestamp="20260125 13:39:27.334" level="TRACE">Return: ''</msg>
<status status="PASS" starttime="20260125 13:39:27.333" endtime="20260125 13:39:27.334"/>
</kw>
<kw name="Execute Command" library="Remote">
<arg>mach create</arg>
<msg timestamp="20260125 13:39:27.334" level="TRACE">Arguments: [ 'mach create' ]</msg>
<msg timestamp="20260125 13:39:27.336" level="TRACE">Return: ''</msg>
<status status="PASS" starttime="20260125 13:39:27.334" endtime="20260125 13:39:27.336"/>
</kw>
<kw name="Execute Command" library="Remote">
<arg>machine LoadPlatformDescription @${PLATFORM}</arg>
<msg timestamp="20260125 13:39:27.336" level="TRACE">Arguments: [ 'machine LoadPlatformDescription @/src/renode-research/stm32f3-timer/stm32f3_timer.repl' ]</msg>
<msg timestamp="20260125 13:39:27.338" level="FAIL">KeywordException: Could not execute command 'machine LoadPlatformDescription @/src/renode-research/stm32f3-timer/stm32f3_timer.repl': There was an error executing command 'machine LoadPlatformDescription @/src/renode-research/stm32f3-timer/stm32f3_timer.repl'Could not find file '/src/renode-research/stm32f3-timer/stm32f3_timer.repl'.
</msg>
<msg timestamp="20260125 13:39:27.338" level="DEBUG">KeywordException:    at Antmicro.Renode.RobotFramework.RenodeKeywords.ExecuteCommand(String command, String machine)
   at InvokeStub_RenodeKeywords.ExecuteCommand(Object, Span`1)
   at System.Reflection.MethodBaseInvoker.InvokeWithFewArgs(Object obj, BindingFlags invokeAttr, Binder binder, Object[] parameters, CultureInfo culture)
</msg>
<status status="FAIL" starttime="20260125 13:39:27.336" endtime="20260125 13:39:27.338"/>
</kw>
<kw name="Execute Command" library="Remote">
<arg>sysbus LoadELF @${ELF}</arg>
<status status="NOT RUN" starttime="20260125 13:39:27.338" endtime="20260125 13:39:27.338"/>
</kw>
<kw name="Create Terminal Tester" library="Remote">
<arg>sysbus.usart1</arg>
<status status="NOT RUN" starttime="20260125 13:39:27.338" endtime="20260125 13:39:27.338"/>
</kw>
<kw name="Start Emulation" library="Remote">
<status status="NOT RUN" starttime="20260125 13:39:27.338" endtime="20260125 13:39:27.338"/>
</kw>
<kw name="Wait For Line On Uart" library="Remote">
<arg>Test 1: Timer2 Countdown</arg>
<arg>timeout=5</arg>
<status status="NOT RUN" starttime="20260125 13:39:27.338" endtime="20260125 13:39:27.338"/>
</kw>
<kw name="Wait For Line On Uart" library="Remote">
<arg>Timer2 started</arg>
<arg>timeout=5</arg>
<status status="NOT RUN" starttime="20260125 13:39:27.338" endtime="20260125 13:39:27.338"/>
</kw>
<kw name="Wait For Line On Uart" library="Remote">
<arg>Timer2 expired: PASS</arg>
<arg>timeout=10</arg>
<status status="NOT RUN" starttime="20260125 13:39:27.338" endtime="20260125 13:39:27.338"/>
</kw>
<kw name="Test Teardown" library="renode-keywords" type="TEARDOWN">
<msg timestamp="20260125 13:39:27.338" level="TRACE">Arguments: [  ]</msg>
<kw name="Stop Profiler" library="renode-keywords">
<msg timestamp="20260125 13:39:27.338" level="TRACE">Arguments: [  ]</msg>
<if>
<branch type="IF" condition="${PROFILER_PROCESS}">
<kw name="Terminate Process" library="Process">
<arg>${PROFILER_PROCESS}</arg>
<doc>Stops the process gracefully or forcefully.</doc>
<status status="NOT RUN" starttime="20260125 13:39:27.338" endtime="20260125 13:39:27.338"/>
</kw>
<kw name="Set Test Variable" library="BuiltIn">
<arg>${PROFILER_PROCESS}</arg>
<arg>None</arg>
<doc>Makes a variable available everywhere within the scope of the current test.</doc>
<status status="NOT RUN" starttime="20260125 13:39:27.338" endtime="20260125 13:39:27.338"/>
</kw>
<status status="NOT RUN" starttime="20260125 13:39:27.338" endtime="20260125 13:39:27.338"/>
</branch>
<status status="PASS" starttime="20260125 13:39:27.338" endtime="20260125 13:39:27.338"/>
</if>
<msg timestamp="20260125 13:39:27.338" level="TRACE">Return: None</msg>
<status status="PASS" starttime="20260125 13:39:27.338" endtime="20260125 13:39:27.338"/>
</kw>
<kw name="Run Keyword If Test Failed" library="BuiltIn">
<var>${failed}</var>
<arg>Set Variable</arg>
<arg>True</arg>
<doc>Runs the given keyword with the given arguments, if the test failed.</doc>
<msg timestamp="20260125 13:39:27.338" level="TRACE">Arguments: [ 'Set Variable' | 'True' ]</msg>
<kw name="Set Variable" library="BuiltIn">
<arg>True</arg>
<doc>Returns the given values which can then be assigned to a variables.</doc>
<msg timestamp="20260125 13:39:27.339" level="TRACE">Arguments: [ 'True' ]</msg>
<msg timestamp="20260125 13:39:27.339" level="TRACE">Return: 'True'</msg>
<status status="PASS" starttime="20260125 13:39:27.339" endtime="20260125 13:39:27.339"/>
</kw>
<msg timestamp="20260125 13:39:27.339" level="TRACE">Return: 'True'</msg>
<msg timestamp="20260125 13:39:27.339" level="INFO">${failed} = True</msg>
<status status="PASS" starttime="20260125 13:39:27.338" endtime="20260125 13:39:27.339"/>
</kw>
<if>
<branch type="IF" condition="${failed}">
<kw name="Strip String" library="String">
<var>${message}</var>
<arg>${TEST_MESSAGE}</arg>
<arg>mode=right</arg>
<doc>Remove leading and/or trailing whitespaces from the given string.</doc>
<msg timestamp="20260125 13:39:27.339" level="TRACE">Arguments: [ "KeywordException: Could not execute command 'machine LoadPlatformDescription @/src/renode-research/stm32f3-timer/stm32f3_timer.repl': There was an error executing command 'machine LoadPlatformDescription @/src/renode-research/stm32f3-timer/stm32f3_timer.repl'Could not find file '/src/renode-research/stm32f3-timer/stm32f3_timer.repl'.\n" | mode='right' ]</msg>
<msg timestamp="20260125 13:39:27.339" level="TRACE">Return: "KeywordException: Could not execute command 'machine LoadPlatformDescription @/src/renode-research/stm32f3-timer/stm32f3_timer.repl': There was an error executing command 'machine LoadPlatformDescription @/src/renode-research/stm32f3-timer/stm32f3_timer.repl'Could not find file '/src/renode-research/stm32f3-timer/stm32f3_timer.repl'."</msg>
<msg timestamp="20260125 13:39:27.339" level="INFO">${message} = KeywordException: Could not execute command 'machine LoadPlatformDescription @/src/renode-research/stm32f3-timer/stm32f3_timer.repl': There was an error executing command 'machine LoadPlatformDescript...</msg>
<status status="PASS" starttime="20260125 13:39:27.339" endtime="20260125 13:39:27.339"/>
</kw>
<kw name="Set Test Message" library="BuiltIn">
<arg>${message}</arg>
<doc>Sets message for the current test case.</doc>
<msg timestamp="20260125 13:39:27.339" level="TRACE">Arguments: [ "KeywordException: Could not execute command 'machine LoadPlatformDescription @/src/renode-research/stm32f3-timer/stm32f3_timer.repl': There was an error executing command 'machine LoadPlatformDescription @/src/renode-research/stm32f3-timer/stm32f3_timer.repl'Could not find file '/src/renode-research/stm32f3-timer/stm32f3_timer.repl'." ]</msg>
<msg timestamp="20260125 13:39:27.339" level="INFO">Set test message to:
KeywordException: Could not execute command 'machine LoadPlatformDescription @/src/renode-research/stm32f3-timer/stm32f3_timer.repl': There was an error executing command 'machine LoadPlatformDescription @/src/renode-research/stm32f3-timer/stm32f3_timer.repl'Could not find file '/src/renode-research/stm32f3-timer/stm32f3_timer.repl'.</msg>
<msg timestamp="20260125 13:39:27.339" level="TRACE">Return: None</msg>
<status status="PASS" starttime="20260125 13:39:27.339" endtime="20260125 13:39:27.339"/>
</kw>
<status status="PASS" starttime="20260125 13:39:27.339" endtime="20260125 13:39:27.339"/>
</branch>
<status status="PASS" starttime="20260125 13:39:27.339" endtime="20260125 13:39:27.339"/>
</if>
<kw name="Run Keyword If Timeout Occurred" library="BuiltIn">
<var>${timed_out}</var>
<arg>Set Variable</arg>
<arg>True</arg>
<doc>Runs the given keyword if either a test or a keyword timeout has occurred.</doc>
<msg timestamp="20260125 13:39:27.339" level="TRACE">Arguments: [ 'Set Variable' | 'True' ]</msg>
<msg timestamp="20260125 13:39:27.339" level="TRACE">Return: None</msg>
<msg timestamp="20260125 13:39:27.339" level="INFO">${timed_out} = None</msg>
<status status="PASS" starttime="20260125 13:39:27.339" endtime="20260125 13:39:27.339"/>
</kw>
<if>
<branch type="IF" condition="${timed_out}">
<return>
<status status="NOT RUN" starttime="20260125 13:39:27.339" endtime="20260125 13:39:27.339"/>
</return>
<status status="NOT RUN" starttime="20260125 13:39:27.339" endtime="20260125 13:39:27.339"/>
</branch>
<status status="PASS" starttime="20260125 13:39:27.339" endtime="20260125 13:39:27.339"/>
</if>
<if>
<branch type="IF" condition="${CREATE_SNAPSHOT_ON_FAIL}">
<kw name="Run Keyword If Test Failed" library="BuiltIn">
<arg>Create Snapshot Of Failed Test</arg>
<doc>Runs the given keyword with the given arguments, if the test failed.</doc>
<msg timestamp="20260125 13:39:27.339" level="TRACE">Arguments: [ 'Create Snapshot Of Failed Test' ]</msg>
<kw name="Create Snapshot Of Failed Test" library="renode-keywords">
<msg timestamp="20260125 13:39:27.340" level="TRACE">Arguments: [  ]</msg>
<kw name="Return From Keyword If" library="BuiltIn">
<arg>'skipped' in @{TEST TAGS}</arg>
<doc>Returns from the enclosing user keyword if ``condition`` is true.</doc>
<msg timestamp="20260125 13:39:27.340" level="TRACE">Arguments: [ "'skipped' in []" ]</msg>
<msg timestamp="20260125 13:39:27.340" level="TRACE">Return: None</msg>
<status status="PASS" starttime="20260125 13:39:27.340" endtime="20260125 13:39:27.340"/>
</kw>
<kw name="Get Variable Value" library="BuiltIn">
<var>${retry_index}</var>
<arg>\${RETRYFAILED_RETRY_INDEX}</arg>
<arg>0</arg>
<doc>Returns variable value or ``default`` if the variable does not exist.</doc>
<msg timestamp="20260125 13:39:27.340" level="TRACE">Arguments: [ '\\${RETRYFAILED_RETRY_INDEX}' | '0' ]</msg>
<msg timestamp="20260125 13:39:27.340" level="TRACE">Return: '0'</msg>
<msg timestamp="20260125 13:39:27.340" level="INFO">${retry_index} = 0</msg>
<status status="PASS" starttime="20260125 13:39:27.340" endtime="20260125 13:39:27.340"/>
</kw>
<kw name="Set Variable" library="BuiltIn">
<var>${test_name}</var>
<arg>${SUITE NAME}.${TEST NAME}.fail${retry_index}.save</arg>
<doc>Returns the given values which can then be assigned to a variables.</doc>
<msg timestamp="20260125 13:39:27.340" level="TRACE">Arguments: [ 'test-timer.Should Complete Timer2 Countdown.fail0.save' ]</msg>
<msg timestamp="20260125 13:39:27.340" level="TRACE">Return: 'test-timer.Should Complete Timer2 Countdown.fail0.save'</msg>
<msg timestamp="20260125 13:39:27.340" level="INFO">${test_name} = test-timer.Should Complete Timer2 Countdown.fail0.save</msg>
<status status="PASS" starttime="20260125 13:39:27.340" endtime="20260125 13:39:27.340"/>
</kw>
<kw name="Sanitize Test Name" library="renode-keywords">
<var>${test_name}</var>
<arg>${test_name}</arg>
<msg timestamp="20260125 13:39:27.340" level="TRACE">Arguments: [ ${test_name}='test-timer.Should Complete Timer2 Countdown.fail0.save' ]</msg>
<kw name="Replace String" library="String">
<var>${test_name}</var>
<arg>${test_name}</arg>
<arg>${SPACE}</arg>
<arg>_</arg>
<doc>Replaces ``search_for`` in the given ``string`` with ``replace_with``.</doc>
<msg timestamp="20260125 13:39:27.340" level="TRACE">Arguments: [ 'test-timer.Should Complete Timer2 Countdown.fail0.save' | ' ' | '_' ]</msg>
<msg timestamp="20260125 13:39:27.340" level="TRACE">Return: 'test-timer.Should_Complete_Timer2_Countdown.fail0.save'</msg>
<msg timestamp="20260125 13:39:27.340" level="INFO">${test_name} = test-timer.Should_Complete_Timer2_Countdown.fail0.save</msg>
<status status="PASS" starttime="20260125 13:39:27.340" endtime="20260125 13:39:27.340"/>
</kw>
<kw name="Replace String Using Regexp" library="String">
<var>${test_name}</var>
<arg>${test_name}</arg>
<arg>[/""]</arg>
<arg>-</arg>
<doc>Replaces ``pattern`` in the given ``string`` with ``replace_with``.</doc>
<msg timestamp="20260125 13:39:27.340" level="TRACE">Arguments: [ 'test-timer.Should_Complete_Timer2_Countdown.fail0.save' | '[/""]' | '-' ]</msg>
<msg timestamp="20260125 13:39:27.340" level="TRACE">Return: 'test-timer.Should_Complete_Timer2_Countdown.fail0.save'</msg>
<msg timestamp="20260125 13:39:27.340" level="INFO">${test_name} = test-timer.Should_Complete_Timer2_Countdown.fail0.save</msg>
<status status="PASS" starttime="20260125 13:39:27.340" endtime="20260125 13:39:27.340"/>
</kw>
<return>
<value>${test_name}</value>
<status status="PASS" starttime="20260125 13:39:27.340" endtime="20260125 13:39:27.340"/>
</return>
<msg timestamp="20260125 13:39:27.340" level="TRACE">Return: 'test-timer.Should_Complete_Timer2_Countdown.fail0.save'</msg>
<msg timestamp="20260125 13:39:27.340" level="INFO">${test_name} = test-timer.Should_Complete_Timer2_Countdown.fail0.save</msg>
<status status="PASS" starttime="20260125 13:39:27.340" endtime="20260125 13:39:27.340"/>
</kw>
<kw name="Set Variable" library="BuiltIn">
<var>${snapshots_dir}</var>
<arg>${RESULTS_DIRECTORY}/snapshots</arg>
<doc>Returns the given values which can then be assigned to a variables.</doc>
<msg timestamp="20260125 13:39:27.341" level="TRACE">Arguments: [ '/src/stm32f3-timer//snapshots' ]</msg>
<msg timestamp="20260125 13:39:27.341" level="TRACE">Return: '/src/stm32f3-timer//snapshots'</msg>
<msg timestamp="20260125 13:39:27.341" level="INFO">${snapshots_dir} = /src/stm32f3-timer//snapshots</msg>
<status status="PASS" starttime="20260125 13:39:27.340" endtime="20260125 13:39:27.341"/>
</kw>
<kw name="Create Directory" library="OperatingSystem">
<arg>${snapshots_dir}</arg>
<doc>Creates the specified directory.</doc>
<msg timestamp="20260125 13:39:27.341" level="TRACE">Arguments: [ '/src/stm32f3-timer//snapshots' ]</msg>
<msg timestamp="20260125 13:39:27.341" level="INFO" html="true">Directory '&lt;a href="file:///src/stm32f3-timer/snapshots"&gt;/src/stm32f3-timer/snapshots&lt;/a&gt;' already exists.</msg>
<msg timestamp="20260125 13:39:27.341" level="TRACE">Return: None</msg>
<status status="PASS" starttime="20260125 13:39:27.341" endtime="20260125 13:39:27.341"/>
</kw>
<kw name="Set Variable" library="BuiltIn">
<var>${snapshot_path}</var>
<arg>"${snapshots_dir}/${test_name}"</arg>
<doc>Returns the given values which can then be assigned to a variables.</doc>
<msg timestamp="20260125 13:39:27.341" level="TRACE">Arguments: [ '"/src/stm32f3-timer//snapshots/test-timer.Should_Complete_Timer2_Countdown.fail0.save"' ]</msg>
<msg timestamp="20260125 13:39:27.341" level="TRACE">Return: '"/src/stm32f3-timer//snapshots/test-timer.Should_Complete_Timer2_Countdown.fail0.save"'</msg>
<msg timestamp="20260125 13:39:27.341" level="INFO">${snapshot_path} = "/src/stm32f3-timer//snapshots/test-timer.Should_Complete_Timer2_Countdown.fail0.save"</msg>
<status status="PASS" starttime="20260125 13:39:27.341" endtime="20260125 13:39:27.341"/>
</kw>
<kw name="Execute Command" library="Remote">
<arg>Save ${snapshot_path}</arg>
<msg timestamp="20260125 13:39:27.341" level="TRACE">Arguments: [ 'Save "/src/stm32f3-timer//snapshots/test-timer.Should_Complete_Timer2_Countdown.fail0.save"' ]</msg>
<msg timestamp="20260125 13:39:27.347" level="TRACE">Return: ''</msg>
<status status="PASS" starttime="20260125 13:39:27.341" endtime="20260125 13:39:27.348"/>
</kw>
<kw name="Log To Console" library="BuiltIn">
<arg>!!!!! Emulation's state saved to ${snapshot_path}</arg>
<doc>Logs the given message to the console.</doc>
<msg timestamp="20260125 13:39:27.348" level="TRACE">Arguments: [ '!!!!! Emulation\'s state saved to "/src/stm32f3-timer//snapshots/test-timer.Should_Complete_Timer2_Countdown.fail0.save"' ]</msg>
<msg timestamp="20260125 13:39:27.348" level="TRACE">Return: None</msg>
<status status="PASS" starttime="20260125 13:39:27.348" endtime="20260125 13:39:27.348"/>
</kw>
<msg timestamp="20260125 13:39:27.348" level="TRACE">Return: None</msg>
<status status="PASS" starttime="20260125 13:39:27.340" endtime="20260125 13:39:27.348"/>
</kw>
<msg timestamp="20260125 13:39:27.348" level="TRACE">Return: None</msg>
<status status="PASS" starttime="20260125 13:39:27.339" endtime="20260125 13:39:27.348"/>
</kw>
<status status="PASS" starttime="20260125 13:39:27.339" endtime="20260125 13:39:27.348"/>
</branch>
<status status="PASS" starttime="20260125 13:39:27.339" endtime="20260125 13:39:27.348"/>
</if>
<if>
<branch type="IF" condition="${SAVE_LOGS}">
<if>
<branch type="IF" condition="&quot;${SAVE_LOGS_WHEN}&quot; == &quot;Always&quot;">
<kw name="Save Test Log" library="renode-keywords">
<status status="NOT RUN" starttime="20260125 13:39:27.348" endtime="20260125 13:39:27.348"/>
</kw>
<status status="NOT RUN" starttime="20260125 13:39:27.348" endtime="20260125 13:39:27.349"/>
</branch>
<branch type="ELSE IF" condition="&quot;${SAVE_LOGS_WHEN}&quot; == &quot;Fail&quot;">
<kw name="Run Keyword If Test Failed" library="BuiltIn">
<arg>Save Test Log</arg>
<doc>Runs the given keyword with the given arguments, if the test failed.</doc>
<msg timestamp="20260125 13:39:27.349" level="TRACE">Arguments: [ 'Save Test Log' ]</msg>
<kw name="Save Test Log" library="renode-keywords">
<msg timestamp="20260125 13:39:27.349" level="TRACE">Arguments: [  ]</msg>
<kw name="Return From Keyword If" library="BuiltIn">
<arg>'skipped' in @{TEST TAGS}</arg>
<doc>Returns from the enclosing user keyword if ``condition`` is true.</doc>
<msg timestamp="20260125 13:39:27.349" level="TRACE">Arguments: [ "'skipped' in []" ]</msg>
<msg timestamp="20260125 13:39:27.349" level="TRACE">Return: None</msg>
<status status="PASS" starttime="20260125 13:39:27.349" endtime="20260125 13:39:27.349"/>
</kw>
<kw name="Get Variable Value" library="BuiltIn">
<var>${retry_index}</var>
<arg>\${RETRYFAILED_RETRY_INDEX}</arg>
<arg>0</arg>
<doc>Returns variable value or ``default`` if the variable does not exist.</doc>
<msg timestamp="20260125 13:39:27.349" level="TRACE">Arguments: [ '\\${RETRYFAILED_RETRY_INDEX}' | '0' ]</msg>
<msg timestamp="20260125 13:39:27.349" level="TRACE">Return: '0'</msg>
<msg timestamp="20260125 13:39:27.349" level="INFO">${retry_index} = 0</msg>
<status status="PASS" starttime="20260125 13:39:27.349" endtime="20260125 13:39:27.349"/>
</kw>
<kw name="Set Variable" library="BuiltIn">
<var>${test_name}</var>
<arg>${SUITE NAME}.${TEST NAME}.fail${retry_index}</arg>
<doc>Returns the given values which can then be assigned to a variables.</doc>
<msg timestamp="20260125 13:39:27.349" level="TRACE">Arguments: [ 'test-timer.Should Complete Timer2 Countdown.fail0' ]</msg>
<msg timestamp="20260125 13:39:27.349" level="TRACE">Return: 'test-timer.Should Complete Timer2 Countdown.fail0'</msg>
<msg timestamp="20260125 13:39:27.349" level="INFO">${test_name} = test-timer.Should Complete Timer2 Countdown.fail0</msg>
<status status="PASS" starttime="20260125 13:39:27.349" endtime="20260125 13:39:27.349"/>
</kw>
<kw name="Sanitize Test Name" library="renode-keywords">
<var>${test_name}</var>
<arg>${test_name}</arg>
<msg timestamp="20260125 13:39:27.349" level="TRACE">Arguments: [ ${test_name}='test-timer.Should Complete Timer2 Countdown.fail0' ]</msg>
<kw name="Replace String" library="String">
<var>${test_name}</var>
<arg>${test_name}</arg>
<arg>${SPACE}</arg>
<arg>_</arg>
<doc>Replaces ``search_for`` in the given ``string`` with ``replace_with``.</doc>
<msg timestamp="20260125 13:39:27.349" level="TRACE">Arguments: [ 'test-timer.Should Complete Timer2 Countdown.fail0' | ' ' | '_' ]</msg>
<msg timestamp="20260125 13:39:27.350" level="TRACE">Return: 'test-timer.Should_Complete_Timer2_Countdown.fail0'</msg>
<msg timestamp="20260125 13:39:27.350" level="INFO">${test_name} = test-timer.Should_Complete_Timer2_Countdown.fail0</msg>
<status status="PASS" starttime="20260125 13:39:27.349" endtime="20260125 13:39:27.350"/>
</kw>
<kw name="Replace String Using Regexp" library="String">
<var>${test_name}</var>
<arg>${test_name}</arg>
<arg>[/""]</arg>
<arg>-</arg>
<doc>Replaces ``pattern`` in the given ``string`` with ``replace_with``.</doc>
<msg timestamp="20260125 13:39:27.350" level="TRACE">Arguments: [ 'test-timer.Should_Complete_Timer2_Countdown.fail0' | '[/""]' | '-' ]</msg>
<msg timestamp="20260125 13:39:27.350" level="TRACE">Return: 'test-timer.Should_Complete_Timer2_Countdown.fail0'</msg>
<msg timestamp="20260125 13:39:27.350" level="INFO">${test_name} = test-timer.Should_Complete_Timer2_Countdown.fail0</msg>
<status status="PASS" starttime="20260125 13:39:27.350" endtime="20260125 13:39:27.350"/>
</kw>
<return>
<value>${test_name}</value>
<status status="PASS" starttime="20260125 13:39:27.350" endtime="20260125 13:39:27.350"/>
</return>
<msg timestamp="20260125 13:39:27.350" level="TRACE">Return: 'test-timer.Should_Complete_Timer2_Countdown.fail0'</msg>
<msg timestamp="20260125 13:39:27.350" level="INFO">${test_name} = test-timer.Should_Complete_Timer2_Countdown.fail0</msg>
<status status="PASS" starttime="20260125 13:39:27.349" endtime="20260125 13:39:27.350"/>
</kw>
<kw name="Set Variable" library="BuiltIn">
<var>${logs_dir}</var>
<arg>${RESULTS_DIRECTORY}/logs</arg>
<doc>Returns the given values which can then be assigned to a variables.</doc>
<msg timestamp="20260125 13:39:27.350" level="TRACE">Arguments: [ '/src/stm32f3-timer//logs' ]</msg>
<msg timestamp="20260125 13:39:27.350" level="TRACE">Return: '/src/stm32f3-timer//logs'</msg>
<msg timestamp="20260125 13:39:27.350" level="INFO">${logs_dir} = /src/stm32f3-timer//logs</msg>
<status status="PASS" starttime="20260125 13:39:27.350" endtime="20260125 13:39:27.350"/>
</kw>
<kw name="Create Directory" library="OperatingSystem">
<arg>${logs_dir}</arg>
<doc>Creates the specified directory.</doc>
<msg timestamp="20260125 13:39:27.350" level="TRACE">Arguments: [ '/src/stm32f3-timer//logs' ]</msg>
<msg timestamp="20260125 13:39:27.350" level="INFO" html="true">Directory '&lt;a href="file:///src/stm32f3-timer/logs"&gt;/src/stm32f3-timer/logs&lt;/a&gt;' already exists.</msg>
<msg timestamp="20260125 13:39:27.350" level="TRACE">Return: None</msg>
<status status="PASS" starttime="20260125 13:39:27.350" endtime="20260125 13:39:27.350"/>
</kw>
<kw name="Set Variable" library="BuiltIn">
<var>${log_path}</var>
<arg>${logs_dir}/${test_name}.log</arg>
<doc>Returns the given values which can then be assigned to a variables.</doc>
<msg timestamp="20260125 13:39:27.351" level="TRACE">Arguments: [ '/src/stm32f3-timer//logs/test-timer.Should_Complete_Timer2_Countdown.fail0.log' ]</msg>
<msg timestamp="20260125 13:39:27.351" level="TRACE">Return: '/src/stm32f3-timer//logs/test-timer.Should_Complete_Timer2_Countdown.fail0.log'</msg>
<msg timestamp="20260125 13:39:27.351" level="INFO">${log_path} = /src/stm32f3-timer//logs/test-timer.Should_Complete_Timer2_Countdown.fail0.log</msg>
<status status="PASS" starttime="20260125 13:39:27.350" endtime="20260125 13:39:27.351"/>
</kw>
<kw name="Log To Console" library="BuiltIn">
<arg>!!!!! Log saved to "${log_path}"</arg>
<doc>Logs the given message to the console.</doc>
<msg timestamp="20260125 13:39:27.352" level="TRACE">Arguments: [ '!!!!! Log saved to "/src/stm32f3-timer//logs/test-timer.Should_Complete_Timer2_Countdown.fail0.log"' ]</msg>
<msg timestamp="20260125 13:39:27.352" level="TRACE">Return: None</msg>
<status status="PASS" starttime="20260125 13:39:27.352" endtime="20260125 13:39:27.352"/>
</kw>
<kw name="Save Cached Log" library="Remote">
<arg>${log_path}</arg>
<msg timestamp="20260125 13:39:27.352" level="TRACE">Arguments: [ '/src/stm32f3-timer//logs/test-timer.Should_Complete_Timer2_Countdown.fail0.log' ]</msg>
<msg timestamp="20260125 13:39:27.356" level="TRACE">Return: ''</msg>
<status status="PASS" starttime="20260125 13:39:27.352" endtime="20260125 13:39:27.356"/>
</kw>
<msg timestamp="20260125 13:39:27.356" level="TRACE">Return: None</msg>
<status status="PASS" starttime="20260125 13:39:27.349" endtime="20260125 13:39:27.356"/>
</kw>
<msg timestamp="20260125 13:39:27.356" level="TRACE">Return: None</msg>
<status status="PASS" starttime="20260125 13:39:27.349" endtime="20260125 13:39:27.356"/>
</kw>
<status status="PASS" starttime="20260125 13:39:27.349" endtime="20260125 13:39:27.356"/>
</branch>
<status status="PASS" starttime="20260125 13:39:27.348" endtime="20260125 13:39:27.356"/>
</if>
<status status="PASS" starttime="20260125 13:39:27.348" endtime="20260125 13:39:27.356"/>
</branch>
<status status="PASS" starttime="20260125 13:39:27.348" endtime="20260125 13:39:27.356"/>
</if>
<if>
<branch type="IF" condition="${HOLD_ON_ERROR}">
<kw name="Run Keyword If Test Failed" library="BuiltIn">
<var>${res}</var>
<arg>Run Keyword And Ignore Error</arg>
<arg>Import Library</arg>
<arg>Dialogs</arg>
<doc>Runs the given keyword with the given arguments, if the test failed.</doc>
<status status="NOT RUN" starttime="20260125 13:39:27.356" endtime="20260125 13:39:27.356"/>
</kw>
<kw name="Run Keyword If Test Failed" library="BuiltIn">
<arg>Run Keywords</arg>
<arg>Run Keyword If</arg>
<arg>'${res[0]}' == 'FAIL'</arg>
<arg>Log</arg>
<arg>Couldn't load the Dialogs library - interactive debugging is not possible</arg>
<arg>console=True</arg>
<arg>AND</arg>
<arg>Run Keyword If</arg>
<arg>'${res[0]}' != 'FAIL'</arg>
<arg>Open GUI</arg>
<arg>AND</arg>
<arg>Run Keyword If</arg>
<arg>'${res[0]}' != 'FAIL'</arg>
<arg>Pause Execution</arg>
<arg>Test failed. Press OK once done debugging.</arg>
<arg>AND</arg>
<arg>Run Keyword If</arg>
<arg>'${res[0]}' != 'FAIL'</arg>
<arg>Close GUI</arg>
<doc>Runs the given keyword with the given arguments, if the test failed.</doc>
<status status="NOT RUN" starttime="20260125 13:39:27.357" endtime="20260125 13:39:27.357"/>
</kw>
<status status="NOT RUN" starttime="20260125 13:39:27.356" endtime="20260125 13:39:27.357"/>
</branch>
<status status="PASS" starttime="20260125 13:39:27.356" endtime="20260125 13:39:27.357"/>
</if>
<kw name="Reset Emulation" library="Remote">
<msg timestamp="20260125 13:39:27.357" level="TRACE">Arguments: [  ]</msg>
<msg timestamp="20260125 13:39:27.358" level="TRACE">Return: ''</msg>
<status status="PASS" starttime="20260125 13:39:27.357" endtime="20260125 13:39:27.358"/>
</kw>
<kw name="Clear Cached Log" library="Remote">
<msg timestamp="20260125 13:39:27.358" level="TRACE">Arguments: [  ]</msg>
<msg timestamp="20260125 13:39:27.359" level="TRACE">Return: ''</msg>
<status status="PASS" starttime="20260125 13:39:27.358" endtime="20260125 13:39:27.359"/>
</kw>
<msg timestamp="20260125 13:39:27.359" level="TRACE">Return: None</msg>
<status status="PASS" starttime="20260125 13:39:27.338" endtime="20260125 13:39:27.359"/>
</kw>
<doc>Verify Timer2 countdown completes</doc>
<status status="FAIL" starttime="20260125 13:39:27.333" endtime="20260125 13:39:27.359">KeywordException: Could not execute command 'machine LoadPlatformDescription @/src/renode-research/stm32f3-timer/stm32f3_timer.repl': There was an error executing command 'machine LoadPlatformDescription @/src/renode-research/stm32f3-timer/stm32f3_timer.repl'Could not find file '/src/renode-research/stm32f3-timer/stm32f3_timer.repl'.</status>
</test>
<test id="s1-t3" name="Should Complete Timer3 Periodic" line="38">
<kw name="Reset Emulation" library="Remote" type="SETUP">
<msg timestamp="20260125 13:39:27.360" level="TRACE">Arguments: [  ]</msg>
<msg timestamp="20260125 13:39:27.361" level="TRACE">Return: ''</msg>
<status status="PASS" starttime="20260125 13:39:27.360" endtime="20260125 13:39:27.361"/>
</kw>
<kw name="Execute Command" library="Remote">
<arg>mach create</arg>
<msg timestamp="20260125 13:39:27.361" level="TRACE">Arguments: [ 'mach create' ]</msg>
<msg timestamp="20260125 13:39:27.362" level="TRACE">Return: ''</msg>
<status status="PASS" starttime="20260125 13:39:27.361" endtime="20260125 13:39:27.362"/>
</kw>
<kw name="Execute Command" library="Remote">
<arg>machine LoadPlatformDescription @${PLATFORM}</arg>
<msg timestamp="20260125 13:39:27.362" level="TRACE">Arguments: [ 'machine LoadPlatformDescription @/src/renode-research/stm32f3-timer/stm32f3_timer.repl' ]</msg>
<msg timestamp="20260125 13:39:27.364" level="FAIL">KeywordException: Could not execute command 'machine LoadPlatformDescription @/src/renode-research/stm32f3-timer/stm32f3_timer.repl': There was an error executing command 'machine LoadPlatformDescription @/src/renode-research/stm32f3-timer/stm32f3_timer.repl'Could not find file '/src/renode-research/stm32f3-timer/stm32f3_timer.repl'.
</msg>
<msg timestamp="20260125 13:39:27.364" level="DEBUG">KeywordException:    at Antmicro.Renode.RobotFramework.RenodeKeywords.ExecuteCommand(String command, String machine)
   at InvokeStub_RenodeKeywords.ExecuteCommand(Object, Span`1)
   at System.Reflection.MethodBaseInvoker.InvokeWithFewArgs(Object obj, BindingFlags invokeAttr, Binder binder, Object[] parameters, CultureInfo culture)
</msg>
<status status="FAIL" starttime="20260125 13:39:27.362" endtime="20260125 13:39:27.364"/>
</kw>
<kw name="Execute Command" library="Remote">
<arg>sysbus LoadELF @${ELF}</arg>
<status status="NOT RUN" starttime="20260125 13:39:27.364" endtime="20260125 13:39:27.364"/>
</kw>
<kw name="Create Terminal Tester" library="Remote">
<arg>sysbus.usart1</arg>
<status status="NOT RUN" starttime="20260125 13:39:27.364" endtime="20260125 13:39:27.364"/>
</kw>
<kw name="Start Emulation" library="Remote">
<status status="NOT RUN" starttime="20260125 13:39:27.364" endtime="20260125 13:39:27.364"/>
</kw>
<kw name="Wait For Line On Uart" library="Remote">
<arg>Test 2: Timer3 Periodic</arg>
<arg>timeout=5</arg>
<status status="NOT RUN" starttime="20260125 13:39:27.364" endtime="20260125 13:39:27.364"/>
</kw>
<kw name="Wait For Line On Uart" library="Remote">
<arg>Period 01 complete</arg>
<arg>timeout=10</arg>
<status status="NOT RUN" starttime="20260125 13:39:27.364" endtime="20260125 13:39:27.364"/>
</kw>
<kw name="Wait For Line On Uart" library="Remote">
<arg>Period 02 complete</arg>
<arg>timeout=10</arg>
<status status="NOT RUN" starttime="20260125 13:39:27.364" endtime="20260125 13:39:27.364"/>
</kw>
<kw name="Wait For Line On Uart" library="Remote">
<arg>Period 03 complete</arg>
<arg>timeout=10</arg>
<status status="NOT RUN" starttime="20260125 13:39:27.364" endtime="20260125 13:39:27.364"/>
</kw>
<kw name="Test Teardown" library="renode-keywords" type="TEARDOWN">
<msg timestamp="20260125 13:39:27.364" level="TRACE">Arguments: [  ]</msg>
<kw name="Stop Profiler" library="renode-keywords">
<msg timestamp="20260125 13:39:27.364" level="TRACE">Arguments: [  ]</msg>
<if>
<branch type="IF" condition="${PROFILER_PROCESS}">
<kw name="Terminate Process" library="Process">
<arg>${PROFILER_PROCESS}</arg>
<doc>Stops the process gracefully or forcefully.</doc>
<status status="NOT RUN" starttime="20260125 13:39:27.364" endtime="20260125 13:39:27.364"/>
</kw>
<kw name="Set Test Variable" library="BuiltIn">
<arg>${PROFILER_PROCESS}</arg>
<arg>None</arg>
<doc>Makes a variable available everywhere within the scope of the current test.</doc>
<status status="NOT RUN" starttime="20260125 13:39:27.364" endtime="20260125 13:39:27.364"/>
</kw>
<status status="NOT RUN" starttime="20260125 13:39:27.364" endtime="20260125 13:39:27.364"/>
</branch>
<status status="PASS" starttime="20260125 13:39:27.364" endtime="20260125 13:39:27.364"/>
</if>
<msg timestamp="20260125 13:39:27.364" level="TRACE">Return: None</msg>
<status status="PASS" starttime="20260125 13:39:27.364" endtime="20260125 13:39:27.364"/>
</kw>
<kw name="Run Keyword If Test Failed" library="BuiltIn">
<var>${failed}</var>
<arg>Set Variable</arg>
<arg>True</arg>
<doc>Runs the given keyword with the given arguments, if the test failed.</doc>
<msg timestamp="20260125 13:39:27.364" level="TRACE">Arguments: [ 'Set Variable' | 'True' ]</msg>
<kw name="Set Variable" library="BuiltIn">
<arg>True</arg>
<doc>Returns the given values which can then be assigned to a variables.</doc>
<msg timestamp="20260125 13:39:27.364" level="TRACE">Arguments: [ 'True' ]</msg>
<msg timestamp="20260125 13:39:27.364" level="TRACE">Return: 'True'</msg>
<status status="PASS" starttime="20260125 13:39:27.364" endtime="20260125 13:39:27.364"/>
</kw>
<msg timestamp="20260125 13:39:27.364" level="TRACE">Return: 'True'</msg>
<msg timestamp="20260125 13:39:27.364" level="INFO">${failed} = True</msg>
<status status="PASS" starttime="20260125 13:39:27.364" endtime="20260125 13:39:27.364"/>
</kw>
<if>
<branch type="IF" condition="${failed}">
<kw name="Strip String" library="String">
<var>${message}</var>
<arg>${TEST_MESSAGE}</arg>
<arg>mode=right</arg>
<doc>Remove leading and/or trailing whitespaces from the given string.</doc>
<msg timestamp="20260125 13:39:27.364" level="TRACE">Arguments: [ "KeywordException: Could not execute command 'machine LoadPlatformDescription @/src/renode-research/stm32f3-timer/stm32f3_timer.repl': There was an error executing command 'machine LoadPlatformDescription @/src/renode-research/stm32f3-timer/stm32f3_timer.repl'Could not find file '/src/renode-research/stm32f3-timer/stm32f3_timer.repl'.\n" | mode='right' ]</msg>
<msg timestamp="20260125 13:39:27.365" level="TRACE">Return: "KeywordException: Could not execute command 'machine LoadPlatformDescription @/src/renode-research/stm32f3-timer/stm32f3_timer.repl': There was an error executing command 'machine LoadPlatformDescription @/src/renode-research/stm32f3-timer/stm32f3_timer.repl'Could not find file '/src/renode-research/stm32f3-timer/stm32f3_timer.repl'."</msg>
<msg timestamp="20260125 13:39:27.365" level="INFO">${message} = KeywordException: Could not execute command 'machine LoadPlatformDescription @/src/renode-research/stm32f3-timer/stm32f3_timer.repl': There was an error executing command 'machine LoadPlatformDescript...</msg>
<status status="PASS" starttime="20260125 13:39:27.364" endtime="20260125 13:39:27.365"/>
</kw>
<kw name="Set Test Message" library="BuiltIn">
<arg>${message}</arg>
<doc>Sets message for the current test case.</doc>
<msg timestamp="20260125 13:39:27.365" level="TRACE">Arguments: [ "KeywordException: Could not execute command 'machine LoadPlatformDescription @/src/renode-research/stm32f3-timer/stm32f3_timer.repl': There was an error executing command 'machine LoadPlatformDescription @/src/renode-research/stm32f3-timer/stm32f3_timer.repl'Could not find file '/src/renode-research/stm32f3-timer/stm32f3_timer.repl'." ]</msg>
<msg timestamp="20260125 13:39:27.365" level="INFO">Set test message to:
KeywordException: Could not execute command 'machine LoadPlatformDescription @/src/renode-research/stm32f3-timer/stm32f3_timer.repl': There was an error executing command 'machine LoadPlatformDescription @/src/renode-research/stm32f3-timer/stm32f3_timer.repl'Could not find file '/src/renode-research/stm32f3-timer/stm32f3_timer.repl'.</msg>
<msg timestamp="20260125 13:39:27.365" level="TRACE">Return: None</msg>
<status status="PASS" starttime="20260125 13:39:27.365" endtime="20260125 13:39:27.365"/>
</kw>
<status status="PASS" starttime="20260125 13:39:27.364" endtime="20260125 13:39:27.365"/>
</branch>
<status status="PASS" starttime="20260125 13:39:27.364" endtime="20260125 13:39:27.365"/>
</if>
<kw name="Run Keyword If Timeout Occurred" library="BuiltIn">
<var>${timed_out}</var>
<arg>Set Variable</arg>
<arg>True</arg>
<doc>Runs the given keyword if either a test or a keyword timeout has occurred.</doc>
<msg timestamp="20260125 13:39:27.365" level="TRACE">Arguments: [ 'Set Variable' | 'True' ]</msg>
<msg timestamp="20260125 13:39:27.365" level="TRACE">Return: None</msg>
<msg timestamp="20260125 13:39:27.365" level="INFO">${timed_out} = None</msg>
<status status="PASS" starttime="20260125 13:39:27.365" endtime="20260125 13:39:27.365"/>
</kw>
<if>
<branch type="IF" condition="${timed_out}">
<return>
<status status="NOT RUN" starttime="20260125 13:39:27.365" endtime="20260125 13:39:27.365"/>
</return>
<status status="NOT RUN" starttime="20260125 13:39:27.365" endtime="20260125 13:39:27.365"/>
</branch>
<status status="PASS" starttime="20260125 13:39:27.365" endtime="20260125 13:39:27.365"/>
</if>
<if>
<branch type="IF" condition="${CREATE_SNAPSHOT_ON_FAIL}">
<kw name="Run Keyword If Test Failed" library="BuiltIn">
<arg>Create Snapshot Of Failed Test</arg>
<doc>Runs the given keyword with the given arguments, if the test failed.</doc>
<msg timestamp="20260125 13:39:27.365" level="TRACE">Arguments: [ 'Create Snapshot Of Failed Test' ]</msg>
<kw name="Create Snapshot Of Failed Test" library="renode-keywords">
<msg timestamp="20260125 13:39:27.365" level="TRACE">Arguments: [  ]</msg>
<kw name="Return From Keyword If" library="BuiltIn">
<arg>'skipped' in @{TEST TAGS}</arg>
<doc>Returns from the enclosing user keyword if ``condition`` is true.</doc>
<msg timestamp="20260125 13:39:27.365" level="TRACE">Arguments: [ "'skipped' in []" ]</msg>
<msg timestamp="20260125 13:39:27.365" level="TRACE">Return: None</msg>
<status status="PASS" starttime="20260125 13:39:27.365" endtime="20260125 13:39:27.365"/>
</kw>
<kw name="Get Variable Value" library="BuiltIn">
<var>${retry_index}</var>
<arg>\${RETRYFAILED_RETRY_INDEX}</arg>
<arg>0</arg>
<doc>Returns variable value or ``default`` if the variable does not exist.</doc>
<msg timestamp="20260125 13:39:27.365" level="TRACE">Arguments: [ '\\${RETRYFAILED_RETRY_INDEX}' | '0' ]</msg>
<msg timestamp="20260125 13:39:27.366" level="TRACE">Return: '0'</msg>
<msg timestamp="20260125 13:39:27.366" level="INFO">${retry_index} = 0</msg>
<status status="PASS" starttime="20260125 13:39:27.365" endtime="20260125 13:39:27.366"/>
</kw>
<kw name="Set Variable" library="BuiltIn">
<var>${test_name}</var>
<arg>${SUITE NAME}.${TEST NAME}.fail${retry_index}.save</arg>
<doc>Returns the given values which can then be assigned to a variables.</doc>
<msg timestamp="20260125 13:39:27.366" level="TRACE">Arguments: [ 'test-timer.Should Complete Timer3 Periodic.fail0.save' ]</msg>
<msg timestamp="20260125 13:39:27.366" level="TRACE">Return: 'test-timer.Should Complete Timer3 Periodic.fail0.save'</msg>
<msg timestamp="20260125 13:39:27.366" level="INFO">${test_name} = test-timer.Should Complete Timer3 Periodic.fail0.save</msg>
<status status="PASS" starttime="20260125 13:39:27.366" endtime="20260125 13:39:27.366"/>
</kw>
<kw name="Sanitize Test Name" library="renode-keywords">
<var>${test_name}</var>
<arg>${test_name}</arg>
<msg timestamp="20260125 13:39:27.366" level="TRACE">Arguments: [ ${test_name}='test-timer.Should Complete Timer3 Periodic.fail0.save' ]</msg>
<kw name="Replace String" library="String">
<var>${test_name}</var>
<arg>${test_name}</arg>
<arg>${SPACE}</arg>
<arg>_</arg>
<doc>Replaces ``search_for`` in the given ``string`` with ``replace_with``.</doc>
<msg timestamp="20260125 13:39:27.366" level="TRACE">Arguments: [ 'test-timer.Should Complete Timer3 Periodic.fail0.save' | ' ' | '_' ]</msg>
<msg timestamp="20260125 13:39:27.366" level="TRACE">Return: 'test-timer.Should_Complete_Timer3_Periodic.fail0.save'</msg>
<msg timestamp="20260125 13:39:27.366" level="INFO">${test_name} = test-timer.Should_Complete_Timer3_Periodic.fail0.save</msg>
<status status="PASS" starttime="20260125 13:39:27.366" endtime="20260125 13:39:27.366"/>
</kw>
<kw name="Replace String Using Regexp" library="String">
<var>${test_name}</var>
<arg>${test_name}</arg>
<arg>[/""]</arg>
<arg>-</arg>
<doc>Replaces ``pattern`` in the given ``string`` with ``replace_with``.</doc>
<msg timestamp="20260125 13:39:27.366" level="TRACE">Arguments: [ 'test-timer.Should_Complete_Timer3_Periodic.fail0.save' | '[/""]' | '-' ]</msg>
<msg timestamp="20260125 13:39:27.366" level="TRACE">Return: 'test-timer.Should_Complete_Timer3_Periodic.fail0.save'</msg>
<msg timestamp="20260125 13:39:27.366" level="INFO">${test_name} = test-timer.Should_Complete_Timer3_Periodic.fail0.save</msg>
<status status="PASS" starttime="20260125 13:39:27.366" endtime="20260125 13:39:27.366"/>
</kw>
<return>
<value>${test_name}</value>
<status status="PASS" starttime="20260125 13:39:27.366" endtime="20260125 13:39:27.366"/>
</return>
<msg timestamp="20260125 13:39:27.366" level="TRACE">Return: 'test-timer.Should_Complete_Timer3_Periodic.fail0.save'</msg>
<msg timestamp="20260125 13:39:27.366" level="INFO">${test_name} = test-timer.Should_Complete_Timer3_Periodic.fail0.save</msg>
<status status="PASS" starttime="20260125 13:39:27.366" endtime="20260125 13:39:27.366"/>
</kw>
<kw name="Set Variable" library="BuiltIn">
<var>${snapshots_dir}</var>
<arg>${RESULTS_DIRECTORY}/snapshots</arg>
<doc>Returns the given values which can then be assigned to a variables.</doc>
<msg timestamp="20260125 13:39:27.366" level="TRACE">Arguments: [ '/src/stm32f3-timer//snapshots' ]</msg>
<msg timestamp="20260125 13:39:27.366" level="TRACE">Return: '/src/stm32f3-timer//snapshots'</msg>
<msg timestamp="20260125 13:39:27.366" level="INFO">${snapshots_dir} = /src/stm32f3-timer//snapshots</msg>
<status status="PASS" starttime="20260125 13:39:27.366" endtime="20260125 13:39:27.366"/>
</kw>
<kw name="Create Directory" library="OperatingSystem">
<arg>${snapshots_dir}</arg>
<doc>Creates the specified directory.</doc>
<msg timestamp="20260125 13:39:27.366" level="TRACE">Arguments: [ '/src/stm32f3-timer//snapshots' ]</msg>
<msg timestamp="20260125 13:39:27.366" level="INFO" html="true">Directory '&lt;a href="file:///src/stm32f3-timer/snapshots"&gt;/src/stm32f3-timer/snapshots&lt;/a&gt;' already exists.</msg>
<msg timestamp="20260125 13:39:27.366" level="TRACE">Return: None</msg>
<status status="PASS" starttime="20260125 13:39:27.366" endtime="20260125 13:39:27.366"/>
</kw>
<kw name="Set Variable" library="BuiltIn">
<var>${snapshot_path}</var>
<arg>"${snapshots_dir}/${test_name}"</arg>
<doc>Returns the given values which can then be assigned to a variables.</doc>
<msg timestamp="20260125 13:39:27.366" level="TRACE">Arguments: [ '"/src/stm32f3-timer//snapshots/test-timer.Should_Complete_Timer3_Periodic.fail0.save"' ]</msg>
<msg timestamp="20260125 13:39:27.366" level="TRACE">Return: '"/src/stm32f3-timer//snapshots/test-timer.Should_Complete_Timer3_Periodic.fail0.save"'</msg>
<msg timestamp="20260125 13:39:27.367" level="INFO">${snapshot_path} = "/src/stm32f3-timer//snapshots/test-timer.Should_Complete_Timer3_Periodic.fail0.save"</msg>
<status status="PASS" starttime="20260125 13:39:27.366" endtime="20260125 13:39:27.367"/>
</kw>
<kw name="Execute Command" library="Remote">
<arg>Save ${snapshot_path}</arg>
<msg timestamp="20260125 13:39:27.367" level="TRACE">Arguments: [ 'Save "/src/stm32f3-timer//snapshots/test-timer.Should_Complete_Timer3_Periodic.fail0.save"' ]</msg>
<msg timestamp="20260125 13:39:27.371" level="TRACE">Return: ''</msg>
<status status="PASS" starttime="20260125 13:39:27.367" endtime="20260125 13:39:27.371"/>
</kw>
<kw name="Log To Console" library="BuiltIn">
<arg>!!!!! Emulation's state saved to ${snapshot_path}</arg>
<doc>Logs the given message to the console.</doc>
<msg timestamp="20260125 13:39:27.371" level="TRACE">Arguments: [ '!!!!! Emulation\'s state saved to "/src/stm32f3-timer//snapshots/test-timer.Should_Complete_Timer3_Periodic.fail0.save"' ]</msg>
<msg timestamp="20260125 13:39:27.371" level="TRACE">Return: None</msg>
<status status="PASS" starttime="20260125 13:39:27.371" endtime="20260125 13:39:27.371"/>
</kw>
<msg timestamp="20260125 13:39:27.371" level="TRACE">Return: None</msg>
<status status="PASS" starttime="20260125 13:39:27.365" endtime="20260125 13:39:27.371"/>
</kw>
<msg timestamp="20260125 13:39:27.371" level="TRACE">Return: None</msg>
<status status="PASS" starttime="20260125 13:39:27.365" endtime="20260125 13:39:27.371"/>
</kw>
<status status="PASS" starttime="20260125 13:39:27.365" endtime="20260125 13:39:27.371"/>
</branch>
<status status="PASS" starttime="20260125 13:39:27.365" endtime="20260125 13:39:27.371"/>
</if>
<if>
<branch type="IF" condition="${SAVE_LOGS}">
<if>
<branch type="IF" condition="&quot;${SAVE_LOGS_WHEN}&quot; == &quot;Always&quot;">
<kw name="Save Test Log" library="renode-keywords">
<status status="NOT RUN" starttime="20260125 13:39:27.371" endtime="20260125 13:39:27.371"/>
</kw>
<status status="NOT RUN" starttime="20260125 13:39:27.371" endtime="20260125 13:39:27.371"/>
</branch>
<branch type="ELSE IF" condition="&quot;${SAVE_LOGS_WHEN}&quot; == &quot;Fail&quot;">
<kw name="Run Keyword If Test Failed" library="BuiltIn">
<arg>Save Test Log</arg>
<doc>Runs the given keyword with the given arguments, if the test failed.</doc>
<msg timestamp="20260125 13:39:27.371" level="TRACE">Arguments: [ 'Save Test Log' ]</msg>
<kw name="Save Test Log" library="renode-keywords">
<msg timestamp="20260125 13:39:27.371" level="TRACE">Arguments: [  ]</msg>
<kw name="Return From Keyword If" library="BuiltIn">
<arg>'skipped' in @{TEST TAGS}</arg>
<doc>Returns from the enclosing user keyword if ``condition`` is true.</doc>
<msg timestamp="20260125 13:39:27.371" level="TRACE">Arguments: [ "'skipped' in []" ]</msg>
<msg timestamp="20260125 13:39:27.371" level="TRACE">Return: None</msg>
<status status="PASS" starttime="20260125 13:39:27.371" endtime="20260125 13:39:27.371"/>
</kw>
<kw name="Get Variable Value" library="BuiltIn">
<var>${retry_index}</var>
<arg>\${RETRYFAILED_RETRY_INDEX}</arg>
<arg>0</arg>
<doc>Returns variable value or ``default`` if the variable does not exist.</doc>
<msg timestamp="20260125 13:39:27.371" level="TRACE">Arguments: [ '\\${RETRYFAILED_RETRY_INDEX}' | '0' ]</msg>
<msg timestamp="20260125 13:39:27.372" level="TRACE">Return: '0'</msg>
<msg timestamp="20260125 13:39:27.372" level="INFO">${retry_index} = 0</msg>
<status status="PASS" starttime="20260125 13:39:27.371" endtime="20260125 13:39:27.372"/>
</kw>
<kw name="Set Variable" library="BuiltIn">
<var>${test_name}</var>
<arg>${SUITE NAME}.${TEST NAME}.fail${retry_index}</arg>
<doc>Returns the given values which can then be assigned to a variables.</doc>
<msg timestamp="20260125 13:39:27.372" level="TRACE">Arguments: [ 'test-timer.Should Complete Timer3 Periodic.fail0' ]</msg>
<msg timestamp="20260125 13:39:27.372" level="TRACE">Return: 'test-timer.Should Complete Timer3 Periodic.fail0'</msg>
<msg timestamp="20260125 13:39:27.372" level="INFO">${test_name} = test-timer.Should Complete Timer3 Periodic.fail0</msg>
<status status="PASS" starttime="20260125 13:39:27.372" endtime="20260125 13:39:27.372"/>
</kw>
<kw name="Sanitize Test Name" library="renode-keywords">
<var>${test_name}</var>
<arg>${test_name}</arg>
<msg timestamp="20260125 13:39:27.372" level="TRACE">Arguments: [ ${test_name}='test-timer.Should Complete Timer3 Periodic.fail0' ]</msg>
<kw name="Replace String" library="String">
<var>${test_name}</var>
<arg>${test_name}</arg>
<arg>${SPACE}</arg>
<arg>_</arg>
<doc>Replaces ``search_for`` in the given ``string`` with ``replace_with``.</doc>
<msg timestamp="20260125 13:39:27.372" level="TRACE">Arguments: [ 'test-timer.Should Complete Timer3 Periodic.fail0' | ' ' | '_' ]</msg>
<msg timestamp="20260125 13:39:27.372" level="TRACE">Return: 'test-timer.Should_Complete_Timer3_Periodic.fail0'</msg>
<msg timestamp="20260125 13:39:27.372" level="INFO">${test_name} = test-timer.Should_Complete_Timer3_Periodic.fail0</msg>
<status status="PASS" starttime="20260125 13:39:27.372" endtime="20260125 13:39:27.372"/>
</kw>
<kw name="Replace String Using Regexp" library="String">
<var>${test_name}</var>
<arg>${test_name}</arg>
<arg>[/""]</arg>
<arg>-</arg>
<doc>Replaces ``pattern`` in the given ``string`` with ``replace_with``.</doc>
<msg timestamp="20260125 13:39:27.372" level="TRACE">Arguments: [ 'test-timer.Should_Complete_Timer3_Periodic.fail0' | '[/""]' | '-' ]</msg>
<msg timestamp="20260125 13:39:27.372" level="TRACE">Return: 'test-timer.Should_Complete_Timer3_Periodic.fail0'</msg>
<msg timestamp="20260125 13:39:27.372" level="INFO">${test_name} = test-timer.Should_Complete_Timer3_Periodic.fail0</msg>
<status status="PASS" starttime="20260125 13:39:27.372" endtime="20260125 13:39:27.372"/>
</kw>
<return>
<value>${test_name}</value>
<status status="PASS" starttime="20260125 13:39:27.372" endtime="20260125 13:39:27.372"/>
</return>
<msg timestamp="20260125 13:39:27.372" level="TRACE">Return: 'test-timer.Should_Complete_Timer3_Periodic.fail0'</msg>
<msg timestamp="20260125 13:39:27.372" level="INFO">${test_name} = test-timer.Should_Complete_Timer3_Periodic.fail0</msg>
<status status="PASS" starttime="20260125 13:39:27.372" endtime="20260125 13:39:27.372"/>
</kw>
<kw name="Set Variable" library="BuiltIn">
<var>${logs_dir}</var>
<arg>${RESULTS_DIRECTORY}/logs</arg>
<doc>Returns the given values which can then be assigned to a variables.</doc>
<msg timestamp="20260125 13:39:27.372" level="TRACE">Arguments: [ '/src/stm32f3-timer//logs' ]</msg>
<msg timestamp="20260125 13:39:27.372" level="TRACE">Return: '/src/stm32f3-timer//logs'</msg>
<msg timestamp="20260125 13:39:27.372" level="INFO">${logs_dir} = /src/stm32f3-timer//logs</msg>
<status status="PASS" starttime="20260125 13:39:27.372" endtime="20260125 13:39:27.372"/>
</kw>
<kw name="Create Directory" library="OperatingSystem">
<arg>${logs_dir}</arg>
<doc>Creates the specified directory.</doc>
<msg timestamp="20260125 13:39:27.373" level="TRACE">Arguments: [ '/src/stm32f3-timer//logs' ]</msg>
<msg timestamp="20260125 13:39:27.373" level="INFO" html="true">Directory '&lt;a href="file:///src/stm32f3-timer/logs"&gt;/src/stm32f3-timer/logs&lt;/a&gt;' already exists.</msg>
<msg timestamp="20260125 13:39:27.373" level="TRACE">Return: None</msg>
<status status="PASS" starttime="20260125 13:39:27.372" endtime="20260125 13:39:27.373"/>
</kw>
<kw name="Set Variable" library="BuiltIn">
<var>${log_path}</var>
<arg>${logs_dir}/${test_name}.log</arg>
<doc>Returns the given values which can then be assigned to a variables.</doc>
<msg timestamp="20260125 13:39:27.373" level="TRACE">Arguments: [ '/src/stm32f3-timer//logs/test-timer.Should_Complete_Timer3_Periodic.fail0.log' ]</msg>
<msg timestamp="20260125 13:39:27.373" level="TRACE">Return: '/src/stm32f3-timer//logs/test-timer.Should_Complete_Timer3_Periodic.fail0.log'</msg>
<msg timestamp="20260125 13:39:27.373" level="INFO">${log_path} = /src/stm32f3-timer//logs/test-timer.Should_Complete_Timer3_Periodic.fail0.log</msg>
<status status="PASS" starttime="20260125 13:39:27.373" endtime="20260125 13:39:27.373"/>
</kw>
<kw name="Log To Console" library="BuiltIn">
<arg>!!!!! Log saved to "${log_path}"</arg>
<doc>Logs the given message to the console.</doc>
<msg timestamp="20260125 13:39:27.373" level="TRACE">Arguments: [ '!!!!! Log saved to "/src/stm32f3-timer//logs/test-timer.Should_Complete_Timer3_Periodic.fail0.log"' ]</msg>
<msg timestamp="20260125 13:39:27.373" level="TRACE">Return: None</msg>
<status status="PASS" starttime="20260125 13:39:27.373" endtime="20260125 13:39:27.373"/>
</kw>
<kw name="Save Cached Log" library="Remote">
<arg>${log_path}</arg>
<msg timestamp="20260125 13:39:27.373" level="TRACE">Arguments: [ '/src/stm32f3-timer//logs/test-timer.Should_Complete_Timer3_Periodic.fail0.log' ]</msg>
<msg timestamp="20260125 13:39:27.374" level="TRACE">Return: ''</msg>
<status status="PASS" starttime="20260125 13:39:27.373" endtime="20260125 13:39:27.374"/>
</kw>
<msg timestamp="20260125 13:39:27.374" level="TRACE">Return: None</msg>
<status status="PASS" starttime="20260125 13:39:27.371" endtime="20260125 13:39:27.374"/>
</kw>
<msg timestamp="20260125 13:39:27.374" level="TRACE">Return: None</msg>
<status status="PASS" starttime="20260125 13:39:27.371" endtime="20260125 13:39:27.374"/>
</kw>
<status status="PASS" starttime="20260125 13:39:27.371" endtime="20260125 13:39:27.374"/>
</branch>
<status status="PASS" starttime="20260125 13:39:27.371" endtime="20260125 13:39:27.374"/>
</if>
<status status="PASS" starttime="20260125 13:39:27.371" endtime="20260125 13:39:27.374"/>
</branch>
<status status="PASS" starttime="20260125 13:39:27.371" endtime="20260125 13:39:27.375"/>
</if>
<if>
<branch type="IF" condition="${HOLD_ON_ERROR}">
<kw name="Run Keyword If Test Failed" library="BuiltIn">
<var>${res}</var>
<arg>Run Keyword And Ignore Error</arg>
<arg>Import Library</arg>
<arg>Dialogs</arg>
<doc>Runs the given keyword with the given arguments, if the test failed.</doc>
<status status="NOT RUN" starttime="20260125 13:39:27.375" endtime="20260125 13:39:27.375"/>
</kw>
<kw name="Run Keyword If Test Failed" library="BuiltIn">
<arg>Run Keywords</arg>
<arg>Run Keyword If</arg>
<arg>'${res[0]}' == 'FAIL'</arg>
<arg>Log</arg>
<arg>Couldn't load the Dialogs library - interactive debugging is not possible</arg>
<arg>console=True</arg>
<arg>AND</arg>
<arg>Run Keyword If</arg>
<arg>'${res[0]}' != 'FAIL'</arg>
<arg>Open GUI</arg>
<arg>AND</arg>
<arg>Run Keyword If</arg>
<arg>'${res[0]}' != 'FAIL'</arg>
<arg>Pause Execution</arg>
<arg>Test failed. Press OK once done debugging.</arg>
<arg>AND</arg>
<arg>Run Keyword If</arg>
<arg>'${res[0]}' != 'FAIL'</arg>
<arg>Close GUI</arg>
<doc>Runs the given keyword with the given arguments, if the test failed.</doc>
<status status="NOT RUN" starttime="20260125 13:39:27.375" endtime="20260125 13:39:27.375"/>
</kw>
<status status="NOT RUN" starttime="20260125 13:39:27.375" endtime="20260125 13:39:27.375"/>
</branch>
<status status="PASS" starttime="20260125 13:39:27.375" endtime="20260125 13:39:27.375"/>
</if>
<kw name="Reset Emulation" library="Remote">
<msg timestamp="20260125 13:39:27.375" level="TRACE">Arguments: [  ]</msg>
<msg timestamp="20260125 13:39:27.376" level="TRACE">Return: ''</msg>
<status status="PASS" starttime="20260125 13:39:27.375" endtime="20260125 13:39:27.376"/>
</kw>
<kw name="Clear Cached Log" library="Remote">
<msg timestamp="20260125 13:39:27.376" level="TRACE">Arguments: [  ]</msg>
<msg timestamp="20260125 13:39:27.376" level="TRACE">Return: ''</msg>
<status status="PASS" starttime="20260125 13:39:27.376" endtime="20260125 13:39:27.376"/>
</kw>
<msg timestamp="20260125 13:39:27.376" level="TRACE">Return: None</msg>
<status status="PASS" starttime="20260125 13:39:27.364" endtime="20260125 13:39:27.376"/>
</kw>
<doc>Verify Timer3 periodic mode works</doc>
<status status="FAIL" starttime="20260125 13:39:27.360" endtime="20260125 13:39:27.376">KeywordException: Could not execute command 'machine LoadPlatformDescription @/src/renode-research/stm32f3-timer/stm32f3_timer.repl': There was an error executing command 'machine LoadPlatformDescription @/src/renode-research/stm32f3-timer/stm32f3_timer.repl'Could not find file '/src/renode-research/stm32f3-timer/stm32f3_timer.repl'.</status>
</test>
<test id="s1-t4" name="Should Increment Timer4 Counter" line="53">
<kw name="Reset Emulation" library="Remote" type="SETUP">
<msg timestamp="20260125 13:39:27.377" level="TRACE">Arguments: [  ]</msg>
<msg timestamp="20260125 13:39:27.377" level="TRACE">Return: ''</msg>
<status status="PASS" starttime="20260125 13:39:27.377" endtime="20260125 13:39:27.377"/>
</kw>
<kw name="Execute Command" library="Remote">
<arg>mach create</arg>
<msg timestamp="20260125 13:39:27.377" level="TRACE">Arguments: [ 'mach create' ]</msg>
<msg timestamp="20260125 13:39:27.378" level="TRACE">Return: ''</msg>
<status status="PASS" starttime="20260125 13:39:27.377" endtime="20260125 13:39:27.378"/>
</kw>
<kw name="Execute Command" library="Remote">
<arg>machine LoadPlatformDescription @${PLATFORM}</arg>
<msg timestamp="20260125 13:39:27.379" level="TRACE">Arguments: [ 'machine LoadPlatformDescription @/src/renode-research/stm32f3-timer/stm32f3_timer.repl' ]</msg>
<msg timestamp="20260125 13:39:27.380" level="FAIL">KeywordException: Could not execute command 'machine LoadPlatformDescription @/src/renode-research/stm32f3-timer/stm32f3_timer.repl': There was an error executing command 'machine LoadPlatformDescription @/src/renode-research/stm32f3-timer/stm32f3_timer.repl'Could not find file '/src/renode-research/stm32f3-timer/stm32f3_timer.repl'.
</msg>
<msg timestamp="20260125 13:39:27.380" level="DEBUG">KeywordException:    at Antmicro.Renode.RobotFramework.RenodeKeywords.ExecuteCommand(String command, String machine)
   at InvokeStub_RenodeKeywords.ExecuteCommand(Object, Span`1)
   at System.Reflection.MethodBaseInvoker.InvokeWithFewArgs(Object obj, BindingFlags invokeAttr, Binder binder, Object[] parameters, CultureInfo culture)
</msg>
<status status="FAIL" starttime="20260125 13:39:27.378" endtime="20260125 13:39:27.380"/>
</kw>
<kw name="Execute Command" library="Remote">
<arg>sysbus LoadELF @${ELF}</arg>
<status status="NOT RUN" starttime="20260125 13:39:27.380" endtime="20260125 13:39:27.380"/>
</kw>
<kw name="Create Terminal Tester" library="Remote">
<arg>sysbus.usart1</arg>
<status status="NOT RUN" starttime="20260125 13:39:27.380" endtime="20260125 13:39:27.380"/>
</kw>
<kw name="Start Emulation" library="Remote">
<status status="NOT RUN" starttime="20260125 13:39:27.380" endtime="20260125 13:39:27.380"/>
</kw>
<kw name="Wait For Line On Uart" library="Remote">
<arg>Test 3: Timer4 Counter</arg>
<arg>timeout=15</arg>
<status status="NOT RUN" starttime="20260125 13:39:27.380" endtime="20260125 13:39:27.380"/>
</kw>
<kw name="Wait For Line On Uart" library="Remote">
<arg>Counter incrementing: PASS</arg>
<arg>timeout=5</arg>
<status status="NOT RUN" starttime="20260125 13:39:27.380" endtime="20260125 13:39:27.380"/>
</kw>
<kw name="Test Teardown" library="renode-keywords" type="TEARDOWN">
<msg timestamp="20260125 13:39:27.380" level="TRACE">Arguments: [  ]</msg>
<kw name="Stop Profiler" library="renode-keywords">
<msg timestamp="20260125 13:39:27.380" level="TRACE">Arguments: [  ]</msg>
<if>
<branch type="IF" condition="${PROFILER_PROCESS}">
<kw name="Terminate Process" library="Process">
<arg>${PROFILER_PROCESS}</arg>
<doc>Stops the process gracefully or forcefully.</doc>
<status status="NOT RUN" starttime="20260125 13:39:27.381" endtime="20260125 13:39:27.381"/>
</kw>
<kw name="Set Test Variable" library="BuiltIn">
<arg>${PROFILER_PROCESS}</arg>
<arg>None</arg>
<doc>Makes a variable available everywhere within the scope of the current test.</doc>
<status status="NOT RUN" starttime="20260125 13:39:27.381" endtime="20260125 13:39:27.381"/>
</kw>
<status status="NOT RUN" starttime="20260125 13:39:27.380" endtime="20260125 13:39:27.381"/>
</branch>
<status status="PASS" starttime="20260125 13:39:27.380" endtime="20260125 13:39:27.381"/>
</if>
<msg timestamp="20260125 13:39:27.381" level="TRACE">Return: None</msg>
<status status="PASS" starttime="20260125 13:39:27.380" endtime="20260125 13:39:27.381"/>
</kw>
<kw name="Run Keyword If Test Failed" library="BuiltIn">
<var>${failed}</var>
<arg>Set Variable</arg>
<arg>True</arg>
<doc>Runs the given keyword with the given arguments, if the test failed.</doc>
<msg timestamp="20260125 13:39:27.381" level="TRACE">Arguments: [ 'Set Variable' | 'True' ]</msg>
<kw name="Set Variable" library="BuiltIn">
<arg>True</arg>
<doc>Returns the given values which can then be assigned to a variables.</doc>
<msg timestamp="20260125 13:39:27.381" level="TRACE">Arguments: [ 'True' ]</msg>
<msg timestamp="20260125 13:39:27.381" level="TRACE">Return: 'True'</msg>
<status status="PASS" starttime="20260125 13:39:27.381" endtime="20260125 13:39:27.381"/>
</kw>
<msg timestamp="20260125 13:39:27.381" level="TRACE">Return: 'True'</msg>
<msg timestamp="20260125 13:39:27.381" level="INFO">${failed} = True</msg>
<status status="PASS" starttime="20260125 13:39:27.381" endtime="20260125 13:39:27.381"/>
</kw>
<if>
<branch type="IF" condition="${failed}">
<kw name="Strip String" library="String">
<var>${message}</var>
<arg>${TEST_MESSAGE}</arg>
<arg>mode=right</arg>
<doc>Remove leading and/or trailing whitespaces from the given string.</doc>
<msg timestamp="20260125 13:39:27.381" level="TRACE">Arguments: [ "KeywordException: Could not execute command 'machine LoadPlatformDescription @/src/renode-research/stm32f3-timer/stm32f3_timer.repl': There was an error executing command 'machine LoadPlatformDescription @/src/renode-research/stm32f3-timer/stm32f3_timer.repl'Could not find file '/src/renode-research/stm32f3-timer/stm32f3_timer.repl'.\n" | mode='right' ]</msg>
<msg timestamp="20260125 13:39:27.381" level="TRACE">Return: "KeywordException: Could not execute command 'machine LoadPlatformDescription @/src/renode-research/stm32f3-timer/stm32f3_timer.repl': There was an error executing command 'machine LoadPlatformDescription @/src/renode-research/stm32f3-timer/stm32f3_timer.repl'Could not find file '/src/renode-research/stm32f3-timer/stm32f3_timer.repl'."</msg>
<msg timestamp="20260125 13:39:27.381" level="INFO">${message} = KeywordException: Could not execute command 'machine LoadPlatformDescription @/src/renode-research/stm32f3-timer/stm32f3_timer.repl': There was an error executing command 'machine LoadPlatformDescript...</msg>
<status status="PASS" starttime="20260125 13:39:27.381" endtime="20260125 13:39:27.381"/>
</kw>
<kw name="Set Test Message" library="BuiltIn">
<arg>${message}</arg>
<doc>Sets message for the current test case.</doc>
<msg timestamp="20260125 13:39:27.381" level="TRACE">Arguments: [ "KeywordException: Could not execute command 'machine LoadPlatformDescription @/src/renode-research/stm32f3-timer/stm32f3_timer.repl': There was an error executing command 'machine LoadPlatformDescription @/src/renode-research/stm32f3-timer/stm32f3_timer.repl'Could not find file '/src/renode-research/stm32f3-timer/stm32f3_timer.repl'." ]</msg>
<msg timestamp="20260125 13:39:27.381" level="INFO">Set test message to:
KeywordException: Could not execute command 'machine LoadPlatformDescription @/src/renode-research/stm32f3-timer/stm32f3_timer.repl': There was an error executing command 'machine LoadPlatformDescription @/src/renode-research/stm32f3-timer/stm32f3_timer.repl'Could not find file '/src/renode-research/stm32f3-timer/stm32f3_timer.repl'.</msg>
<msg timestamp="20260125 13:39:27.381" level="TRACE">Return: None</msg>
<status status="PASS" starttime="20260125 13:39:27.381" endtime="20260125 13:39:27.381"/>
</kw>
<status status="PASS" starttime="20260125 13:39:27.381" endtime="20260125 13:39:27.381"/>
</branch>
<status status="PASS" starttime="20260125 13:39:27.381" endtime="20260125 13:39:27.381"/>
</if>
<kw name="Run Keyword If Timeout Occurred" library="BuiltIn">
<var>${timed_out}</var>
<arg>Set Variable</arg>
<arg>True</arg>
<doc>Runs the given keyword if either a test or a keyword timeout has occurred.</doc>
<msg timestamp="20260125 13:39:27.381" level="TRACE">Arguments: [ 'Set Variable' | 'True' ]</msg>
<msg timestamp="20260125 13:39:27.381" level="TRACE">Return: None</msg>
<msg timestamp="20260125 13:39:27.381" level="INFO">${timed_out} = None</msg>
<status status="PASS" starttime="20260125 13:39:27.381" endtime="20260125 13:39:27.381"/>
</kw>
<if>
<branch type="IF" condition="${timed_out}">
<return>
<status status="NOT RUN" starttime="20260125 13:39:27.381" endtime="20260125 13:39:27.381"/>
</return>
<status status="NOT RUN" starttime="20260125 13:39:27.381" endtime="20260125 13:39:27.381"/>
</branch>
<status status="PASS" starttime="20260125 13:39:27.381" endtime="20260125 13:39:27.381"/>
</if>
<if>
<branch type="IF" condition="${CREATE_SNAPSHOT_ON_FAIL}">
<kw name="Run Keyword If Test Failed" library="BuiltIn">
<arg>Create Snapshot Of Failed Test</arg>
<doc>Runs the given keyword with the given arguments, if the test failed.</doc>
<msg timestamp="20260125 13:39:27.381" level="TRACE">Arguments: [ 'Create Snapshot Of Failed Test' ]</msg>
<kw name="Create Snapshot Of Failed Test" library="renode-keywords">
<msg timestamp="20260125 13:39:27.381" level="TRACE">Arguments: [  ]</msg>
<kw name="Return From Keyword If" library="BuiltIn">
<arg>'skipped' in @{TEST TAGS}</arg>
<doc>Returns from the enclosing user keyword if ``condition`` is true.</doc>
<msg timestamp="20260125 13:39:27.381" level="TRACE">Arguments: [ "'skipped' in []" ]</msg>
<msg timestamp="20260125 13:39:27.381" level="TRACE">Return: None</msg>
<status status="PASS" starttime="20260125 13:39:27.381" endtime="20260125 13:39:27.381"/>
</kw>
<kw name="Get Variable Value" library="BuiltIn">
<var>${retry_index}</var>
<arg>\${RETRYFAILED_RETRY_INDEX}</arg>
<arg>0</arg>
<doc>Returns variable value or ``default`` if the variable does not exist.</doc>
<msg timestamp="20260125 13:39:27.381" level="TRACE">Arguments: [ '\\${RETRYFAILED_RETRY_INDEX}' | '0' ]</msg>
<msg timestamp="20260125 13:39:27.382" level="TRACE">Return: '0'</msg>
<msg timestamp="20260125 13:39:27.382" level="INFO">${retry_index} = 0</msg>
<status status="PASS" starttime="20260125 13:39:27.381" endtime="20260125 13:39:27.382"/>
</kw>
<kw name="Set Variable" library="BuiltIn">
<var>${test_name}</var>
<arg>${SUITE NAME}.${TEST NAME}.fail${retry_index}.save</arg>
<doc>Returns the given values which can then be assigned to a variables.</doc>
<msg timestamp="20260125 13:39:27.382" level="TRACE">Arguments: [ 'test-timer.Should Increment Timer4 Counter.fail0.save' ]</msg>
<msg timestamp="20260125 13:39:27.382" level="TRACE">Return: 'test-timer.Should Increment Timer4 Counter.fail0.save'</msg>
<msg timestamp="20260125 13:39:27.382" level="INFO">${test_name} = test-timer.Should Increment Timer4 Counter.fail0.save</msg>
<status status="PASS" starttime="20260125 13:39:27.382" endtime="20260125 13:39:27.382"/>
</kw>
<kw name="Sanitize Test Name" library="renode-keywords">
<var>${test_name}</var>
<arg>${test_name}</arg>
<msg timestamp="20260125 13:39:27.382" level="TRACE">Arguments: [ ${test_name}='test-timer.Should Increment Timer4 Counter.fail0.save' ]</msg>
<kw name="Replace String" library="String">
<var>${test_name}</var>
<arg>${test_name}</arg>
<arg>${SPACE}</arg>
<arg>_</arg>
<doc>Replaces ``search_for`` in the given ``string`` with ``replace_with``.</doc>
<msg timestamp="20260125 13:39:27.382" level="TRACE">Arguments: [ 'test-timer.Should Increment Timer4 Counter.fail0.save' | ' ' | '_' ]</msg>
<msg timestamp="20260125 13:39:27.382" level="TRACE">Return: 'test-timer.Should_Increment_Timer4_Counter.fail0.save'</msg>
<msg timestamp="20260125 13:39:27.382" level="INFO">${test_name} = test-timer.Should_Increment_Timer4_Counter.fail0.save</msg>
<status status="PASS" starttime="20260125 13:39:27.382" endtime="20260125 13:39:27.382"/>
</kw>
<kw name="Replace String Using Regexp" library="String">
<var>${test_name}</var>
<arg>${test_name}</arg>
<arg>[/""]</arg>
<arg>-</arg>
<doc>Replaces ``pattern`` in the given ``string`` with ``replace_with``.</doc>
<msg timestamp="20260125 13:39:27.382" level="TRACE">Arguments: [ 'test-timer.Should_Increment_Timer4_Counter.fail0.save' | '[/""]' | '-' ]</msg>
<msg timestamp="20260125 13:39:27.382" level="TRACE">Return: 'test-timer.Should_Increment_Timer4_Counter.fail0.save'</msg>
<msg timestamp="20260125 13:39:27.382" level="INFO">${test_name} = test-timer.Should_Increment_Timer4_Counter.fail0.save</msg>
<status status="PASS" starttime="20260125 13:39:27.382" endtime="20260125 13:39:27.382"/>
</kw>
<return>
<value>${test_name}</value>
<status status="PASS" starttime="20260125 13:39:27.382" endtime="20260125 13:39:27.382"/>
</return>
<msg timestamp="20260125 13:39:27.382" level="TRACE">Return: 'test-timer.Should_Increment_Timer4_Counter.fail0.save'</msg>
<msg timestamp="20260125 13:39:27.382" level="INFO">${test_name} = test-timer.Should_Increment_Timer4_Counter.fail0.save</msg>
<status status="PASS" starttime="20260125 13:39:27.382" endtime="20260125 13:39:27.382"/>
</kw>
<kw name="Set Variable" library="BuiltIn">
<var>${snapshots_dir}</var>
<arg>${RESULTS_DIRECTORY}/snapshots</arg>
<doc>Returns the given values which can then be assigned to a variables.</doc>
<msg timestamp="20260125 13:39:27.382" level="TRACE">Arguments: [ '/src/stm32f3-timer//snapshots' ]</msg>
<msg timestamp="20260125 13:39:27.382" level="TRACE">Return: '/src/stm32f3-timer//snapshots'</msg>
<msg timestamp="20260125 13:39:27.382" level="INFO">${snapshots_dir} = /src/stm32f3-timer//snapshots</msg>
<status status="PASS" starttime="20260125 13:39:27.382" endtime="20260125 13:39:27.382"/>
</kw>
<kw name="Create Directory" library="OperatingSystem">
<arg>${snapshots_dir}</arg>
<doc>Creates the specified directory.</doc>
<msg timestamp="20260125 13:39:27.382" level="TRACE">Arguments: [ '/src/stm32f3-timer//snapshots' ]</msg>
<msg timestamp="20260125 13:39:27.383" level="INFO" html="true">Directory '&lt;a href="file:///src/stm32f3-timer/snapshots"&gt;/src/stm32f3-timer/snapshots&lt;/a&gt;' already exists.</msg>
<msg timestamp="20260125 13:39:27.383" level="TRACE">Return: None</msg>
<status status="PASS" starttime="20260125 13:39:27.382" endtime="20260125 13:39:27.383"/>
</kw>
<kw name="Set Variable" library="BuiltIn">
<var>${snapshot_path}</var>
<arg>"${snapshots_dir}/${test_name}"</arg>
<doc>Returns the given values which can then be assigned to a variables.</doc>
<msg timestamp="20260125 13:39:27.383" level="TRACE">Arguments: [ '"/src/stm32f3-timer//snapshots/test-timer.Should_Increment_Timer4_Counter.fail0.save"' ]</msg>
<msg timestamp="20260125 13:39:27.383" level="TRACE">Return: '"/src/stm32f3-timer//snapshots/test-timer.Should_Increment_Timer4_Counter.fail0.save"'</msg>
<msg timestamp="20260125 13:39:27.383" level="INFO">${snapshot_path} = "/src/stm32f3-timer//snapshots/test-timer.Should_Increment_Timer4_Counter.fail0.save"</msg>
<status status="PASS" starttime="20260125 13:39:27.383" endtime="20260125 13:39:27.383"/>
</kw>
<kw name="Execute Command" library="Remote">
<arg>Save ${snapshot_path}</arg>
<msg timestamp="20260125 13:39:27.383" level="TRACE">Arguments: [ 'Save "/src/stm32f3-timer//snapshots/test-timer.Should_Increment_Timer4_Counter.fail0.save"' ]</msg>
<msg timestamp="20260125 13:39:27.387" level="TRACE">Return: ''</msg>
<status status="PASS" starttime="20260125 13:39:27.383" endtime="20260125 13:39:27.387"/>
</kw>
<kw name="Log To Console" library="BuiltIn">
<arg>!!!!! Emulation's state saved to ${snapshot_path}</arg>
<doc>Logs the given message to the console.</doc>
<msg timestamp="20260125 13:39:27.387" level="TRACE">Arguments: [ '!!!!! Emulation\'s state saved to "/src/stm32f3-timer//snapshots/test-timer.Should_Increment_Timer4_Counter.fail0.save"' ]</msg>
<msg timestamp="20260125 13:39:27.387" level="TRACE">Return: None</msg>
<status status="PASS" starttime="20260125 13:39:27.387" endtime="20260125 13:39:27.387"/>
</kw>
<msg timestamp="20260125 13:39:27.387" level="TRACE">Return: None</msg>
<status status="PASS" starttime="20260125 13:39:27.381" endtime="20260125 13:39:27.387"/>
</kw>
<msg timestamp="20260125 13:39:27.387" level="TRACE">Return: None</msg>
<status status="PASS" starttime="20260125 13:39:27.381" endtime="20260125 13:39:27.387"/>
</kw>
<status status="PASS" starttime="20260125 13:39:27.381" endtime="20260125 13:39:27.387"/>
</branch>
<status status="PASS" starttime="20260125 13:39:27.381" endtime="20260125 13:39:27.387"/>
</if>
<if>
<branch type="IF" condition="${SAVE_LOGS}">
<if>
<branch type="IF" condition="&quot;${SAVE_LOGS_WHEN}&quot; == &quot;Always&quot;">
<kw name="Save Test Log" library="renode-keywords">
<status status="NOT RUN" starttime="20260125 13:39:27.387" endtime="20260125 13:39:27.387"/>
</kw>
<status status="NOT RUN" starttime="20260125 13:39:27.387" endtime="20260125 13:39:27.387"/>
</branch>
<branch type="ELSE IF" condition="&quot;${SAVE_LOGS_WHEN}&quot; == &quot;Fail&quot;">
<kw name="Run Keyword If Test Failed" library="BuiltIn">
<arg>Save Test Log</arg>
<doc>Runs the given keyword with the given arguments, if the test failed.</doc>
<msg timestamp="20260125 13:39:27.387" level="TRACE">Arguments: [ 'Save Test Log' ]</msg>
<kw name="Save Test Log" library="renode-keywords">
<msg timestamp="20260125 13:39:27.387" level="TRACE">Arguments: [  ]</msg>
<kw name="Return From Keyword If" library="BuiltIn">
<arg>'skipped' in @{TEST TAGS}</arg>
<doc>Returns from the enclosing user keyword if ``condition`` is true.</doc>
<msg timestamp="20260125 13:39:27.387" level="TRACE">Arguments: [ "'skipped' in []" ]</msg>
<msg timestamp="20260125 13:39:27.387" level="TRACE">Return: None</msg>
<status status="PASS" starttime="20260125 13:39:27.387" endtime="20260125 13:39:27.387"/>
</kw>
<kw name="Get Variable Value" library="BuiltIn">
<var>${retry_index}</var>
<arg>\${RETRYFAILED_RETRY_INDEX}</arg>
<arg>0</arg>
<doc>Returns variable value or ``default`` if the variable does not exist.</doc>
<msg timestamp="20260125 13:39:27.387" level="TRACE">Arguments: [ '\\${RETRYFAILED_RETRY_INDEX}' | '0' ]</msg>
<msg timestamp="20260125 13:39:27.388" level="TRACE">Return: '0'</msg>
<msg timestamp="20260125 13:39:27.388" level="INFO">${retry_index} = 0</msg>
<status status="PASS" starttime="20260125 13:39:27.387" endtime="20260125 13:39:27.388"/>
</kw>
<kw name="Set Variable" library="BuiltIn">
<var>${test_name}</var>
<arg>${SUITE NAME}.${TEST NAME}.fail${retry_index}</arg>
<doc>Returns the given values which can then be assigned to a variables.</doc>
<msg timestamp="20260125 13:39:27.388" level="TRACE">Arguments: [ 'test-timer.Should Increment Timer4 Counter.fail0' ]</msg>
<msg timestamp="20260125 13:39:27.388" level="TRACE">Return: 'test-timer.Should Increment Timer4 Counter.fail0'</msg>
<msg timestamp="20260125 13:39:27.388" level="INFO">${test_name} = test-timer.Should Increment Timer4 Counter.fail0</msg>
<status status="PASS" starttime="20260125 13:39:27.388" endtime="20260125 13:39:27.388"/>
</kw>
<kw name="Sanitize Test Name" library="renode-keywords">
<var>${test_name}</var>
<arg>${test_name}</arg>
<msg timestamp="20260125 13:39:27.388" level="TRACE">Arguments: [ ${test_name}='test-timer.Should Increment Timer4 Counter.fail0' ]</msg>
<kw name="Replace String" library="String">
<var>${test_name}</var>
<arg>${test_name}</arg>
<arg>${SPACE}</arg>
<arg>_</arg>
<doc>Replaces ``search_for`` in the given ``string`` with ``replace_with``.</doc>
<msg timestamp="20260125 13:39:27.388" level="TRACE">Arguments: [ 'test-timer.Should Increment Timer4 Counter.fail0' | ' ' | '_' ]</msg>
<msg timestamp="20260125 13:39:27.388" level="TRACE">Return: 'test-timer.Should_Increment_Timer4_Counter.fail0'</msg>
<msg timestamp="20260125 13:39:27.388" level="INFO">${test_name} = test-timer.Should_Increment_Timer4_Counter.fail0</msg>
<status status="PASS" starttime="20260125 13:39:27.388" endtime="20260125 13:39:27.388"/>
</kw>
<kw name="Replace String Using Regexp" library="String">
<var>${test_name}</var>
<arg>${test_name}</arg>
<arg>[/""]</arg>
<arg>-</arg>
<doc>Replaces ``pattern`` in the given ``string`` with ``replace_with``.</doc>
<msg timestamp="20260125 13:39:27.388" level="TRACE">Arguments: [ 'test-timer.Should_Increment_Timer4_Counter.fail0' | '[/""]' | '-' ]</msg>
<msg timestamp="20260125 13:39:27.388" level="TRACE">Return: 'test-timer.Should_Increment_Timer4_Counter.fail0'</msg>
<msg timestamp="20260125 13:39:27.388" level="INFO">${test_name} = test-timer.Should_Increment_Timer4_Counter.fail0</msg>
<status status="PASS" starttime="20260125 13:39:27.388" endtime="20260125 13:39:27.388"/>
</kw>
<return>
<value>${test_name}</value>
<status status="PASS" starttime="20260125 13:39:27.388" endtime="20260125 13:39:27.388"/>
</return>
<msg timestamp="20260125 13:39:27.388" level="TRACE">Return: 'test-timer.Should_Increment_Timer4_Counter.fail0'</msg>
<msg timestamp="20260125 13:39:27.388" level="INFO">${test_name} = test-timer.Should_Increment_Timer4_Counter.fail0</msg>
<status status="PASS" starttime="20260125 13:39:27.388" endtime="20260125 13:39:27.388"/>
</kw>
<kw name="Set Variable" library="BuiltIn">
<var>${logs_dir}</var>
<arg>${RESULTS_DIRECTORY}/logs</arg>
<doc>Returns the given values which can then be assigned to a variables.</doc>
<msg timestamp="20260125 13:39:27.388" level="TRACE">Arguments: [ '/src/stm32f3-timer//logs' ]</msg>
<msg timestamp="20260125 13:39:27.389" level="TRACE">Return: '/src/stm32f3-timer//logs'</msg>
<msg timestamp="20260125 13:39:27.389" level="INFO">${logs_dir} = /src/stm32f3-timer//logs</msg>
<status status="PASS" starttime="20260125 13:39:27.388" endtime="20260125 13:39:27.389"/>
</kw>
<kw name="Create Directory" library="OperatingSystem">
<arg>${logs_dir}</arg>
<doc>Creates the specified directory.</doc>
<msg timestamp="20260125 13:39:27.389" level="TRACE">Arguments: [ '/src/stm32f3-timer//logs' ]</msg>
<msg timestamp="20260125 13:39:27.389" level="INFO" html="true">Directory '&lt;a href="file:///src/stm32f3-timer/logs"&gt;/src/stm32f3-timer/logs&lt;/a&gt;' already exists.</msg>
<msg timestamp="20260125 13:39:27.389" level="TRACE">Return: None</msg>
<status status="PASS" starttime="20260125 13:39:27.389" endtime="20260125 13:39:27.389"/>
</kw>
<kw name="Set Variable" library="BuiltIn">
<var>${log_path}</var>
<arg>${logs_dir}/${test_name}.log</arg>
<doc>Returns the given values which can then be assigned to a variables.</doc>
<msg timestamp="20260125 13:39:27.389" level="TRACE">Arguments: [ '/src/stm32f3-timer//logs/test-timer.Should_Increment_Timer4_Counter.fail0.log' ]</msg>
<msg timestamp="20260125 13:39:27.389" level="TRACE">Return: '/src/stm32f3-timer//logs/test-timer.Should_Increment_Timer4_Counter.fail0.log'</msg>
<msg timestamp="20260125 13:39:27.389" level="INFO">${log_path} = /src/stm32f3-timer//logs/test-timer.Should_Increment_Timer4_Counter.fail0.log</msg>
<status status="PASS" starttime="20260125 13:39:27.389" endtime="20260125 13:39:27.389"/>
</kw>
<kw name="Log To Console" library="BuiltIn">
<arg>!!!!! Log saved to "${log_path}"</arg>
<doc>Logs the given message to the console.</doc>
<msg timestamp="20260125 13:39:27.389" level="TRACE">Arguments: [ '!!!!! Log saved to "/src/stm32f3-timer//logs/test-timer.Should_Increment_Timer4_Counter.fail0.log"' ]</msg>
<msg timestamp="20260125 13:39:27.389" level="TRACE">Return: None</msg>
<status status="PASS" starttime="20260125 13:39:27.389" endtime="20260125 13:39:27.389"/>
</kw>
<kw name="Save Cached Log" library="Remote">
<arg>${log_path}</arg>
<msg timestamp="20260125 13:39:27.389" level="TRACE">Arguments: [ '/src/stm32f3-timer//logs/test-timer.Should_Increment_Timer4_Counter.fail0.log' ]</msg>
<msg timestamp="20260125 13:39:27.390" level="TRACE">Return: ''</msg>
<status status="PASS" starttime="20260125 13:39:27.389" endtime="20260125 13:39:27.390"/>
</kw>
<msg timestamp="20260125 13:39:27.390" level="TRACE">Return: None</msg>
<status status="PASS" starttime="20260125 13:39:27.387" endtime="20260125 13:39:27.390"/>
</kw>
<msg timestamp="20260125 13:39:27.390" level="TRACE">Return: None</msg>
<status status="PASS" starttime="20260125 13:39:27.387" endtime="20260125 13:39:27.390"/>
</kw>
<status status="PASS" starttime="20260125 13:39:27.387" endtime="20260125 13:39:27.390"/>
</branch>
<status status="PASS" starttime="20260125 13:39:27.387" endtime="20260125 13:39:27.390"/>
</if>
<status status="PASS" starttime="20260125 13:39:27.387" endtime="20260125 13:39:27.390"/>
</branch>
<status status="PASS" starttime="20260125 13:39:27.387" endtime="20260125 13:39:27.390"/>
</if>
<if>
<branch type="IF" condition="${HOLD_ON_ERROR}">
<kw name="Run Keyword If Test Failed" library="BuiltIn">
<var>${res}</var>
<arg>Run Keyword And Ignore Error</arg>
<arg>Import Library</arg>
<arg>Dialogs</arg>
<doc>Runs the given keyword with the given arguments, if the test failed.</doc>
<status status="NOT RUN" starttime="20260125 13:39:27.390" endtime="20260125 13:39:27.390"/>
</kw>
<kw name="Run Keyword If Test Failed" library="BuiltIn">
<arg>Run Keywords</arg>
<arg>Run Keyword If</arg>
<arg>'${res[0]}' == 'FAIL'</arg>
<arg>Log</arg>
<arg>Couldn't load the Dialogs library - interactive debugging is not possible</arg>
<arg>console=True</arg>
<arg>AND</arg>
<arg>Run Keyword If</arg>
<arg>'${res[0]}' != 'FAIL'</arg>
<arg>Open GUI</arg>
<arg>AND</arg>
<arg>Run Keyword If</arg>
<arg>'${res[0]}' != 'FAIL'</arg>
<arg>Pause Execution</arg>
<arg>Test failed. Press OK once done debugging.</arg>
<arg>AND</arg>
<arg>Run Keyword If</arg>
<arg>'${res[0]}' != 'FAIL'</arg>
<arg>Close GUI</arg>
<doc>Runs the given keyword with the given arguments, if the test failed.</doc>
<status status="NOT RUN" starttime="20260125 13:39:27.390" endtime="20260125 13:39:27.390"/>
</kw>
<status status="NOT RUN" starttime="20260125 13:39:27.390" endtime="20260125 13:39:27.390"/>
</branch>
<status status="PASS" starttime="20260125 13:39:27.390" endtime="20260125 13:39:27.390"/>
</if>
<kw name="Reset Emulation" library="Remote">
<msg timestamp="20260125 13:39:27.390" level="TRACE">Arguments: [  ]</msg>
<msg timestamp="20260125 13:39:27.391" level="TRACE">Return: ''</msg>
<status status="PASS" starttime="20260125 13:39:27.390" endtime="20260125 13:39:27.392"/>
</kw>
<kw name="Clear Cached Log" library="Remote">
<msg timestamp="20260125 13:39:27.392" level="TRACE">Arguments: [  ]</msg>
<msg timestamp="20260125 13:39:27.392" level="TRACE">Return: ''</msg>
<status status="PASS" starttime="20260125 13:39:27.392" endtime="20260125 13:39:27.392"/>
</kw>
<msg timestamp="20260125 13:39:27.392" level="TRACE">Return: None</msg>
<status status="PASS" starttime="20260125 13:39:27.380" endtime="20260125 13:39:27.392"/>
</kw>
<doc>Verify Timer4 counter increments</doc>
<status status="FAIL" starttime="20260125 13:39:27.377" endtime="20260125 13:39:27.392">KeywordException: Could not execute command 'machine LoadPlatformDescription @/src/renode-research/stm32f3-timer/stm32f3_timer.repl': There was an error executing command 'machine LoadPlatformDescription @/src/renode-research/stm32f3-timer/stm32f3_timer.repl'Could not find file '/src/renode-research/stm32f3-timer/stm32f3_timer.repl'.</status>
</test>
<test id="s1-t5" name="Should Report Test Summary" line="66">
<kw name="Reset Emulation" library="Remote" type="SETUP">
<msg timestamp="20260125 13:39:27.393" level="TRACE">Arguments: [  ]</msg>
<msg timestamp="20260125 13:39:27.393" level="TRACE">Return: ''</msg>
<status status="PASS" starttime="20260125 13:39:27.393" endtime="20260125 13:39:27.393"/>
</kw>
<kw name="Execute Command" library="Remote">
<arg>mach create</arg>
<msg timestamp="20260125 13:39:27.394" level="TRACE">Arguments: [ 'mach create' ]</msg>
<msg timestamp="20260125 13:39:27.394" level="TRACE">Return: ''</msg>
<status status="PASS" starttime="20260125 13:39:27.394" endtime="20260125 13:39:27.394"/>
</kw>
<kw name="Execute Command" library="Remote">
<arg>machine LoadPlatformDescription @${PLATFORM}</arg>
<msg timestamp="20260125 13:39:27.394" level="TRACE">Arguments: [ 'machine LoadPlatformDescription @/src/renode-research/stm32f3-timer/stm32f3_timer.repl' ]</msg>
<msg timestamp="20260125 13:39:27.396" level="FAIL">KeywordException: Could not execute command 'machine LoadPlatformDescription @/src/renode-research/stm32f3-timer/stm32f3_timer.repl': There was an error executing command 'machine LoadPlatformDescription @/src/renode-research/stm32f3-timer/stm32f3_timer.repl'Could not find file '/src/renode-research/stm32f3-timer/stm32f3_timer.repl'.
</msg>
<msg timestamp="20260125 13:39:27.396" level="DEBUG">KeywordException:    at Antmicro.Renode.RobotFramework.RenodeKeywords.ExecuteCommand(String command, String machine)
   at InvokeStub_RenodeKeywords.ExecuteCommand(Object, Span`1)
   at System.Reflection.MethodBaseInvoker.InvokeWithFewArgs(Object obj, BindingFlags invokeAttr, Binder binder, Object[] parameters, CultureInfo culture)
</msg>
<status status="FAIL" starttime="20260125 13:39:27.394" endtime="20260125 13:39:27.396"/>
</kw>
<kw name="Execute Command" library="Remote">
<arg>sysbus LoadELF @${ELF}</arg>
<status status="NOT RUN" starttime="20260125 13:39:27.396" endtime="20260125 13:39:27.396"/>
</kw>
<kw name="Create Terminal Tester" library="Remote">
<arg>sysbus.usart1</arg>
<status status="NOT RUN" starttime="20260125 13:39:27.396" endtime="20260125 13:39:27.396"/>
</kw>
<kw name="Start Emulation" library="Remote">
<status status="NOT RUN" starttime="20260125 13:39:27.396" endtime="20260125 13:39:27.396"/>
</kw>
<kw name="Wait For Line On Uart" library="Remote">
<arg>=== Test Summary ===</arg>
<arg>timeout=20</arg>
<status status="NOT RUN" starttime="20260125 13:39:27.396" endtime="20260125 13:39:27.396"/>
</kw>
<kw name="Wait For Line On Uart" library="Remote">
<arg>TIMER TEST</arg>
<arg>timeout=5</arg>
<status status="NOT RUN" starttime="20260125 13:39:27.396" endtime="20260125 13:39:27.396"/>
</kw>
<kw name="Test Teardown" library="renode-keywords" type="TEARDOWN">
<msg timestamp="20260125 13:39:27.396" level="TRACE">Arguments: [  ]</msg>
<kw name="Stop Profiler" library="renode-keywords">
<msg timestamp="20260125 13:39:27.396" level="TRACE">Arguments: [  ]</msg>
<if>
<branch type="IF" condition="${PROFILER_PROCESS}">
<kw name="Terminate Process" library="Process">
<arg>${PROFILER_PROCESS}</arg>
<doc>Stops the process gracefully or forcefully.</doc>
<status status="NOT RUN" starttime="20260125 13:39:27.396" endtime="20260125 13:39:27.396"/>
</kw>
<kw name="Set Test Variable" library="BuiltIn">
<arg>${PROFILER_PROCESS}</arg>
<arg>None</arg>
<doc>Makes a variable available everywhere within the scope of the current test.</doc>
<status status="NOT RUN" starttime="20260125 13:39:27.396" endtime="20260125 13:39:27.396"/>
</kw>
<status status="NOT RUN" starttime="20260125 13:39:27.396" endtime="20260125 13:39:27.396"/>
</branch>
<status status="PASS" starttime="20260125 13:39:27.396" endtime="20260125 13:39:27.396"/>
</if>
<msg timestamp="20260125 13:39:27.396" level="TRACE">Return: None</msg>
<status status="PASS" starttime="20260125 13:39:27.396" endtime="20260125 13:39:27.396"/>
</kw>
<kw name="Run Keyword If Test Failed" library="BuiltIn">
<var>${failed}</var>
<arg>Set Variable</arg>
<arg>True</arg>
<doc>Runs the given keyword with the given arguments, if the test failed.</doc>
<msg timestamp="20260125 13:39:27.397" level="TRACE">Arguments: [ 'Set Variable' | 'True' ]</msg>
<kw name="Set Variable" library="BuiltIn">
<arg>True</arg>
<doc>Returns the given values which can then be assigned to a variables.</doc>
<msg timestamp="20260125 13:39:27.397" level="TRACE">Arguments: [ 'True' ]</msg>
<msg timestamp="20260125 13:39:27.397" level="TRACE">Return: 'True'</msg>
<status status="PASS" starttime="20260125 13:39:27.397" endtime="20260125 13:39:27.397"/>
</kw>
<msg timestamp="20260125 13:39:27.397" level="TRACE">Return: 'True'</msg>
<msg timestamp="20260125 13:39:27.397" level="INFO">${failed} = True</msg>
<status status="PASS" starttime="20260125 13:39:27.396" endtime="20260125 13:39:27.397"/>
</kw>
<if>
<branch type="IF" condition="${failed}">
<kw name="Strip String" library="String">
<var>${message}</var>
<arg>${TEST_MESSAGE}</arg>
<arg>mode=right</arg>
<doc>Remove leading and/or trailing whitespaces from the given string.</doc>
<msg timestamp="20260125 13:39:27.397" level="TRACE">Arguments: [ "KeywordException: Could not execute command 'machine LoadPlatformDescription @/src/renode-research/stm32f3-timer/stm32f3_timer.repl': There was an error executing command 'machine LoadPlatformDescription @/src/renode-research/stm32f3-timer/stm32f3_timer.repl'Could not find file '/src/renode-research/stm32f3-timer/stm32f3_timer.repl'.\n" | mode='right' ]</msg>
<msg timestamp="20260125 13:39:27.397" level="TRACE">Return: "KeywordException: Could not execute command 'machine LoadPlatformDescription @/src/renode-research/stm32f3-timer/stm32f3_timer.repl': There was an error executing command 'machine LoadPlatformDescription @/src/renode-research/stm32f3-timer/stm32f3_timer.repl'Could not find file '/src/renode-research/stm32f3-timer/stm32f3_timer.repl'."</msg>
<msg timestamp="20260125 13:39:27.397" level="INFO">${message} = KeywordException: Could not execute command 'machine LoadPlatformDescription @/src/renode-research/stm32f3-timer/stm32f3_timer.repl': There was an error executing command 'machine LoadPlatformDescript...</msg>
<status status="PASS" starttime="20260125 13:39:27.397" endtime="20260125 13:39:27.397"/>
</kw>
<kw name="Set Test Message" library="BuiltIn">
<arg>${message}</arg>
<doc>Sets message for the current test case.</doc>
<msg timestamp="20260125 13:39:27.397" level="TRACE">Arguments: [ "KeywordException: Could not execute command 'machine LoadPlatformDescription @/src/renode-research/stm32f3-timer/stm32f3_timer.repl': There was an error executing command 'machine LoadPlatformDescription @/src/renode-research/stm32f3-timer/stm32f3_timer.repl'Could not find file '/src/renode-research/stm32f3-timer/stm32f3_timer.repl'." ]</msg>
<msg timestamp="20260125 13:39:27.397" level="INFO">Set test message to:
KeywordException: Could not execute command 'machine LoadPlatformDescription @/src/renode-research/stm32f3-timer/stm32f3_timer.repl': There was an error executing command 'machine LoadPlatformDescription @/src/renode-research/stm32f3-timer/stm32f3_timer.repl'Could not find file '/src/renode-research/stm32f3-timer/stm32f3_timer.repl'.</msg>
<msg timestamp="20260125 13:39:27.397" level="TRACE">Return: None</msg>
<status status="PASS" starttime="20260125 13:39:27.397" endtime="20260125 13:39:27.397"/>
</kw>
<status status="PASS" starttime="20260125 13:39:27.397" endtime="20260125 13:39:27.397"/>
</branch>
<status status="PASS" starttime="20260125 13:39:27.397" endtime="20260125 13:39:27.397"/>
</if>
<kw name="Run Keyword If Timeout Occurred" library="BuiltIn">
<var>${timed_out}</var>
<arg>Set Variable</arg>
<arg>True</arg>
<doc>Runs the given keyword if either a test or a keyword timeout has occurred.</doc>
<msg timestamp="20260125 13:39:27.397" level="TRACE">Arguments: [ 'Set Variable' | 'True' ]</msg>
<msg timestamp="20260125 13:39:27.397" level="TRACE">Return: None</msg>
<msg timestamp="20260125 13:39:27.397" level="INFO">${timed_out} = None</msg>
<status status="PASS" starttime="20260125 13:39:27.397" endtime="20260125 13:39:27.397"/>
</kw>
<if>
<branch type="IF" condition="${timed_out}">
<return>
<status status="NOT RUN" starttime="20260125 13:39:27.397" endtime="20260125 13:39:27.397"/>
</return>
<status status="NOT RUN" starttime="20260125 13:39:27.397" endtime="20260125 13:39:27.397"/>
</branch>
<status status="PASS" starttime="20260125 13:39:27.397" endtime="20260125 13:39:27.397"/>
</if>
<if>
<branch type="IF" condition="${CREATE_SNAPSHOT_ON_FAIL}">
<kw name="Run Keyword If Test Failed" library="BuiltIn">
<arg>Create Snapshot Of Failed Test</arg>
<doc>Runs the given keyword with the given arguments, if the test failed.</doc>
<msg timestamp="20260125 13:39:27.397" level="TRACE">Arguments: [ 'Create Snapshot Of Failed Test' ]</msg>
<kw name="Create Snapshot Of Failed Test" library="renode-keywords">
<msg timestamp="20260125 13:39:27.397" level="TRACE">Arguments: [  ]</msg>
<kw name="Return From Keyword If" library="BuiltIn">
<arg>'skipped' in @{TEST TAGS}</arg>
<doc>Returns from the enclosing user keyword if ``condition`` is true.</doc>
<msg timestamp="20260125 13:39:27.398" level="TRACE">Arguments: [ "'skipped' in []" ]</msg>
<msg timestamp="20260125 13:39:27.398" level="TRACE">Return: None</msg>
<status status="PASS" starttime="20260125 13:39:27.397" endtime="20260125 13:39:27.398"/>
</kw>
<kw name="Get Variable Value" library="BuiltIn">
<var>${retry_index}</var>
<arg>\${RETRYFAILED_RETRY_INDEX}</arg>
<arg>0</arg>
<doc>Returns variable value or ``default`` if the variable does not exist.</doc>
<msg timestamp="20260125 13:39:27.398" level="TRACE">Arguments: [ '\\${RETRYFAILED_RETRY_INDEX}' | '0' ]</msg>
<msg timestamp="20260125 13:39:27.398" level="TRACE">Return: '0'</msg>
<msg timestamp="20260125 13:39:27.398" level="INFO">${retry_index} = 0</msg>
<status status="PASS" starttime="20260125 13:39:27.398" endtime="20260125 13:39:27.398"/>
</kw>
<kw name="Set Variable" library="BuiltIn">
<var>${test_name}</var>
<arg>${SUITE NAME}.${TEST NAME}.fail${retry_index}.save</arg>
<doc>Returns the given values which can then be assigned to a variables.</doc>
<msg timestamp="20260125 13:39:27.398" level="TRACE">Arguments: [ 'test-timer.Should Report Test Summary.fail0.save' ]</msg>
<msg timestamp="20260125 13:39:27.398" level="TRACE">Return: 'test-timer.Should Report Test Summary.fail0.save'</msg>
<msg timestamp="20260125 13:39:27.398" level="INFO">${test_name} = test-timer.Should Report Test Summary.fail0.save</msg>
<status status="PASS" starttime="20260125 13:39:27.398" endtime="20260125 13:39:27.398"/>
</kw>
<kw name="Sanitize Test Name" library="renode-keywords">
<var>${test_name}</var>
<arg>${test_name}</arg>
<msg timestamp="20260125 13:39:27.398" level="TRACE">Arguments: [ ${test_name}='test-timer.Should Report Test Summary.fail0.save' ]</msg>
<kw name="Replace String" library="String">
<var>${test_name}</var>
<arg>${test_name}</arg>
<arg>${SPACE}</arg>
<arg>_</arg>
<doc>Replaces ``search_for`` in the given ``string`` with ``replace_with``.</doc>
<msg timestamp="20260125 13:39:27.398" level="TRACE">Arguments: [ 'test-timer.Should Report Test Summary.fail0.save' | ' ' | '_' ]</msg>
<msg timestamp="20260125 13:39:27.398" level="TRACE">Return: 'test-timer.Should_Report_Test_Summary.fail0.save'</msg>
<msg timestamp="20260125 13:39:27.398" level="INFO">${test_name} = test-timer.Should_Report_Test_Summary.fail0.save</msg>
<status status="PASS" starttime="20260125 13:39:27.398" endtime="20260125 13:39:27.398"/>
</kw>
<kw name="Replace String Using Regexp" library="String">
<var>${test_name}</var>
<arg>${test_name}</arg>
<arg>[/""]</arg>
<arg>-</arg>
<doc>Replaces ``pattern`` in the given ``string`` with ``replace_with``.</doc>
<msg timestamp="20260125 13:39:27.398" level="TRACE">Arguments: [ 'test-timer.Should_Report_Test_Summary.fail0.save' | '[/""]' | '-' ]</msg>
<msg timestamp="20260125 13:39:27.398" level="TRACE">Return: 'test-timer.Should_Report_Test_Summary.fail0.save'</msg>
<msg timestamp="20260125 13:39:27.398" level="INFO">${test_name} = test-timer.Should_Report_Test_Summary.fail0.save</msg>
<status status="PASS" starttime="20260125 13:39:27.398" endtime="20260125 13:39:27.398"/>
</kw>
<return>
<value>${test_name}</value>
<status status="PASS" starttime="20260125 13:39:27.398" endtime="20260125 13:39:27.398"/>
</return>
<msg timestamp="20260125 13:39:27.398" level="TRACE">Return: 'test-timer.Should_Report_Test_Summary.fail0.save'</msg>
<msg timestamp="20260125 13:39:27.398" level="INFO">${test_name} = test-timer.Should_Report_Test_Summary.fail0.save</msg>
<status status="PASS" starttime="20260125 13:39:27.398" endtime="20260125 13:39:27.398"/>
</kw>
<kw name="Set Variable" library="BuiltIn">
<var>${snapshots_dir}</var>
<arg>${RESULTS_DIRECTORY}/snapshots</arg>
<doc>Returns the given values which can then be assigned to a variables.</doc>
<msg timestamp="20260125 13:39:27.398" level="TRACE">Arguments: [ '/src/stm32f3-timer//snapshots' ]</msg>
<msg timestamp="20260125 13:39:27.398" level="TRACE">Return: '/src/stm32f3-timer//snapshots'</msg>
<msg timestamp="20260125 13:39:27.398" level="INFO">${snapshots_dir} = /src/stm32f3-timer//snapshots</msg>
<status status="PASS" starttime="20260125 13:39:27.398" endtime="20260125 13:39:27.398"/>
</kw>
<kw name="Create Directory" library="OperatingSystem">
<arg>${snapshots_dir}</arg>
<doc>Creates the specified directory.</doc>
<msg timestamp="20260125 13:39:27.399" level="TRACE">Arguments: [ '/src/stm32f3-timer//snapshots' ]</msg>
<msg timestamp="20260125 13:39:27.399" level="INFO" html="true">Directory '&lt;a href="file:///src/stm32f3-timer/snapshots"&gt;/src/stm32f3-timer/snapshots&lt;/a&gt;' already exists.</msg>
<msg timestamp="20260125 13:39:27.399" level="TRACE">Return: None</msg>
<status status="PASS" starttime="20260125 13:39:27.398" endtime="20260125 13:39:27.399"/>
</kw>
<kw name="Set Variable" library="BuiltIn">
<var>${snapshot_path}</var>
<arg>"${snapshots_dir}/${test_name}"</arg>
<doc>Returns the given values which can then be assigned to a variables.</doc>
<msg timestamp="20260125 13:39:27.399" level="TRACE">Arguments: [ '"/src/stm32f3-timer//snapshots/test-timer.Should_Report_Test_Summary.fail0.save"' ]</msg>
<msg timestamp="20260125 13:39:27.399" level="TRACE">Return: '"/src/stm32f3-timer//snapshots/test-timer.Should_Report_Test_Summary.fail0.save"'</msg>
<msg timestamp="20260125 13:39:27.399" level="INFO">${snapshot_path} = "/src/stm32f3-timer//snapshots/test-timer.Should_Report_Test_Summary.fail0.save"</msg>
<status status="PASS" starttime="20260125 13:39:27.399" endtime="20260125 13:39:27.399"/>
</kw>
<kw name="Execute Command" library="Remote">
<arg>Save ${snapshot_path}</arg>
<msg timestamp="20260125 13:39:27.399" level="TRACE">Arguments: [ 'Save "/src/stm32f3-timer//snapshots/test-timer.Should_Report_Test_Summary.fail0.save"' ]</msg>
<msg timestamp="20260125 13:39:27.404" level="TRACE">Return: ''</msg>
<status status="PASS" starttime="20260125 13:39:27.399" endtime="20260125 13:39:27.404"/>
</kw>
<kw name="Log To Console" library="BuiltIn">
<arg>!!!!! Emulation's state saved to ${snapshot_path}</arg>
<doc>Logs the given message to the console.</doc>
<msg timestamp="20260125 13:39:27.405" level="TRACE">Arguments: [ '!!!!! Emulation\'s state saved to "/src/stm32f3-timer//snapshots/test-timer.Should_Report_Test_Summary.fail0.save"' ]</msg>
<msg timestamp="20260125 13:39:27.405" level="TRACE">Return: None</msg>
<status status="PASS" starttime="20260125 13:39:27.405" endtime="20260125 13:39:27.405"/>
</kw>
<msg timestamp="20260125 13:39:27.405" level="TRACE">Return: None</msg>
<status status="PASS" starttime="20260125 13:39:27.397" endtime="20260125 13:39:27.405"/>
</kw>
<msg timestamp="20260125 13:39:27.405" level="TRACE">Return: None</msg>
<status status="PASS" starttime="20260125 13:39:27.397" endtime="20260125 13:39:27.405"/>
</kw>
<status status="PASS" starttime="20260125 13:39:27.397" endtime="20260125 13:39:27.405"/>
</branch>
<status status="PASS" starttime="20260125 13:39:27.397" endtime="20260125 13:39:27.405"/>
</if>
<if>
<branch type="IF" condition="${SAVE_LOGS}">
<if>
<branch type="IF" condition="&quot;${SAVE_LOGS_WHEN}&quot; == &quot;Always&quot;">
<kw name="Save Test Log" library="renode-keywords">
<status status="NOT RUN" starttime="20260125 13:39:27.405" endtime="20260125 13:39:27.405"/>
</kw>
<status status="NOT RUN" starttime="20260125 13:39:27.405" endtime="20260125 13:39:27.405"/>
</branch>
<branch type="ELSE IF" condition="&quot;${SAVE_LOGS_WHEN}&quot; == &quot;Fail&quot;">
<kw name="Run Keyword If Test Failed" library="BuiltIn">
<arg>Save Test Log</arg>
<doc>Runs the given keyword with the given arguments, if the test failed.</doc>
<msg timestamp="20260125 13:39:27.405" level="TRACE">Arguments: [ 'Save Test Log' ]</msg>
<kw name="Save Test Log" library="renode-keywords">
<msg timestamp="20260125 13:39:27.405" level="TRACE">Arguments: [  ]</msg>
<kw name="Return From Keyword If" library="BuiltIn">
<arg>'skipped' in @{TEST TAGS}</arg>
<doc>Returns from the enclosing user keyword if ``condition`` is true.</doc>
<msg timestamp="20260125 13:39:27.405" level="TRACE">Arguments: [ "'skipped' in []" ]</msg>
<msg timestamp="20260125 13:39:27.405" level="TRACE">Return: None</msg>
<status status="PASS" starttime="20260125 13:39:27.405" endtime="20260125 13:39:27.405"/>
</kw>
<kw name="Get Variable Value" library="BuiltIn">
<var>${retry_index}</var>
<arg>\${RETRYFAILED_RETRY_INDEX}</arg>
<arg>0</arg>
<doc>Returns variable value or ``default`` if the variable does not exist.</doc>
<msg timestamp="20260125 13:39:27.405" level="TRACE">Arguments: [ '\\${RETRYFAILED_RETRY_INDEX}' | '0' ]</msg>
<msg timestamp="20260125 13:39:27.406" level="TRACE">Return: '0'</msg>
<msg timestamp="20260125 13:39:27.406" level="INFO">${retry_index} = 0</msg>
<status status="PASS" starttime="20260125 13:39:27.405" endtime="20260125 13:39:27.406"/>
</kw>
<kw name="Set Variable" library="BuiltIn">
<var>${test_name}</var>
<arg>${SUITE NAME}.${TEST NAME}.fail${retry_index}</arg>
<doc>Returns the given values which can then be assigned to a variables.</doc>
<msg timestamp="20260125 13:39:27.406" level="TRACE">Arguments: [ 'test-timer.Should Report Test Summary.fail0' ]</msg>
<msg timestamp="20260125 13:39:27.406" level="TRACE">Return: 'test-timer.Should Report Test Summary.fail0'</msg>
<msg timestamp="20260125 13:39:27.406" level="INFO">${test_name} = test-timer.Should Report Test Summary.fail0</msg>
<status status="PASS" starttime="20260125 13:39:27.406" endtime="20260125 13:39:27.406"/>
</kw>
<kw name="Sanitize Test Name" library="renode-keywords">
<var>${test_name}</var>
<arg>${test_name}</arg>
<msg timestamp="20260125 13:39:27.406" level="TRACE">Arguments: [ ${test_name}='test-timer.Should Report Test Summary.fail0' ]</msg>
<kw name="Replace String" library="String">
<var>${test_name}</var>
<arg>${test_name}</arg>
<arg>${SPACE}</arg>
<arg>_</arg>
<doc>Replaces ``search_for`` in the given ``string`` with ``replace_with``.</doc>
<msg timestamp="20260125 13:39:27.406" level="TRACE">Arguments: [ 'test-timer.Should Report Test Summary.fail0' | ' ' | '_' ]</msg>
<msg timestamp="20260125 13:39:27.406" level="TRACE">Return: 'test-timer.Should_Report_Test_Summary.fail0'</msg>
<msg timestamp="20260125 13:39:27.406" level="INFO">${test_name} = test-timer.Should_Report_Test_Summary.fail0</msg>
<status status="PASS" starttime="20260125 13:39:27.406" endtime="20260125 13:39:27.406"/>
</kw>
<kw name="Replace String Using Regexp" library="String">
<var>${test_name}</var>
<arg>${test_name}</arg>
<arg>[/""]</arg>
<arg>-</arg>
<doc>Replaces ``pattern`` in the given ``string`` with ``replace_with``.</doc>
<msg timestamp="20260125 13:39:27.406" level="TRACE">Arguments: [ 'test-timer.Should_Report_Test_Summary.fail0' | '[/""]' | '-' ]</msg>
<msg timestamp="20260125 13:39:27.406" level="TRACE">Return: 'test-timer.Should_Report_Test_Summary.fail0'</msg>
<msg timestamp="20260125 13:39:27.406" level="INFO">${test_name} = test-timer.Should_Report_Test_Summary.fail0</msg>
<status status="PASS" starttime="20260125 13:39:27.406" endtime="20260125 13:39:27.406"/>
</kw>
<return>
<value>${test_name}</value>
<status status="PASS" starttime="20260125 13:39:27.406" endtime="20260125 13:39:27.406"/>
</return>
<msg timestamp="20260125 13:39:27.406" level="TRACE">Return: 'test-timer.Should_Report_Test_Summary.fail0'</msg>
<msg timestamp="20260125 13:39:27.406" level="INFO">${test_name} = test-timer.Should_Report_Test_Summary.fail0</msg>
<status status="PASS" starttime="20260125 13:39:27.406" endtime="20260125 13:39:27.406"/>
</kw>
<kw name="Set Variable" library="BuiltIn">
<var>${logs_dir}</var>
<arg>${RESULTS_DIRECTORY}/logs</arg>
<doc>Returns the given values which can then be assigned to a variables.</doc>
<msg timestamp="20260125 13:39:27.406" level="TRACE">Arguments: [ '/src/stm32f3-timer//logs' ]</msg>
<msg timestamp="20260125 13:39:27.406" level="TRACE">Return: '/src/stm32f3-timer//logs'</msg>
<msg timestamp="20260125 13:39:27.406" level="INFO">${logs_dir} = /src/stm32f3-timer//logs</msg>
<status status="PASS" starttime="20260125 13:39:27.406" endtime="20260125 13:39:27.406"/>
</kw>
<kw name="Create Directory" library="OperatingSystem">
<arg>${logs_dir}</arg>
<doc>Creates the specified directory.</doc>
<msg timestamp="20260125 13:39:27.406" level="TRACE">Arguments: [ '/src/stm32f3-timer//logs' ]</msg>
<msg timestamp="20260125 13:39:27.406" level="INFO" html="true">Directory '&lt;a href="file:///src/stm32f3-timer/logs"&gt;/src/stm32f3-timer/logs&lt;/a&gt;' already exists.</msg>
<msg timestamp="20260125 13:39:27.406" level="TRACE">Return: None</msg>
<status status="PASS" starttime="20260125 13:39:27.406" endtime="20260125 13:39:27.406"/>
</kw>
<kw name="Set Variable" library="BuiltIn">
<var>${log_path}</var>
<arg>${logs_dir}/${test_name}.log</arg>
<doc>Returns the given values which can then be assigned to a variables.</doc>
<msg timestamp="20260125 13:39:27.407" level="TRACE">Arguments: [ '/src/stm32f3-timer//logs/test-timer.Should_Report_Test_Summary.fail0.log' ]</msg>
<msg timestamp="20260125 13:39:27.407" level="TRACE">Return: '/src/stm32f3-timer//logs/test-timer.Should_Report_Test_Summary.fail0.log'</msg>
<msg timestamp="20260125 13:39:27.407" level="INFO">${log_path} = /src/stm32f3-timer//logs/test-timer.Should_Report_Test_Summary.fail0.log</msg>
<status status="PASS" starttime="20260125 13:39:27.406" endtime="20260125 13:39:27.407"/>
</kw>
<kw name="Log To Console" library="BuiltIn">
<arg>!!!!! Log saved to "${log_path}"</arg>
<doc>Logs the given message to the console.</doc>
<msg timestamp="20260125 13:39:27.407" level="TRACE">Arguments: [ '!!!!! Log saved to "/src/stm32f3-timer//logs/test-timer.Should_Report_Test_Summary.fail0.log"' ]</msg>
<msg timestamp="20260125 13:39:27.407" level="TRACE">Return: None</msg>
<status status="PASS" starttime="20260125 13:39:27.407" endtime="20260125 13:39:27.407"/>
</kw>
<kw name="Save Cached Log" library="Remote">
<arg>${log_path}</arg>
<msg timestamp="20260125 13:39:27.407" level="TRACE">Arguments: [ '/src/stm32f3-timer//logs/test-timer.Should_Report_Test_Summary.fail0.log' ]</msg>
<msg timestamp="20260125 13:39:27.408" level="TRACE">Return: ''</msg>
<status status="PASS" starttime="20260125 13:39:27.407" endtime="20260125 13:39:27.408"/>
</kw>
<msg timestamp="20260125 13:39:27.408" level="TRACE">Return: None</msg>
<status status="PASS" starttime="20260125 13:39:27.405" endtime="20260125 13:39:27.408"/>
</kw>
<msg timestamp="20260125 13:39:27.408" level="TRACE">Return: None</msg>
<status status="PASS" starttime="20260125 13:39:27.405" endtime="20260125 13:39:27.408"/>
</kw>
<status status="PASS" starttime="20260125 13:39:27.405" endtime="20260125 13:39:27.408"/>
</branch>
<status status="PASS" starttime="20260125 13:39:27.405" endtime="20260125 13:39:27.408"/>
</if>
<status status="PASS" starttime="20260125 13:39:27.405" endtime="20260125 13:39:27.408"/>
</branch>
<status status="PASS" starttime="20260125 13:39:27.405" endtime="20260125 13:39:27.408"/>
</if>
<if>
<branch type="IF" condition="${HOLD_ON_ERROR}">
<kw name="Run Keyword If Test Failed" library="BuiltIn">
<var>${res}</var>
<arg>Run Keyword And Ignore Error</arg>
<arg>Import Library</arg>
<arg>Dialogs</arg>
<doc>Runs the given keyword with the given arguments, if the test failed.</doc>
<status status="NOT RUN" starttime="20260125 13:39:27.408" endtime="20260125 13:39:27.408"/>
</kw>
<kw name="Run Keyword If Test Failed" library="BuiltIn">
<arg>Run Keywords</arg>
<arg>Run Keyword If</arg>
<arg>'${res[0]}' == 'FAIL'</arg>
<arg>Log</arg>
<arg>Couldn't load the Dialogs library - interactive debugging is not possible</arg>
<arg>console=True</arg>
<arg>AND</arg>
<arg>Run Keyword If</arg>
<arg>'${res[0]}' != 'FAIL'</arg>
<arg>Open GUI</arg>
<arg>AND</arg>
<arg>Run Keyword If</arg>
<arg>'${res[0]}' != 'FAIL'</arg>
<arg>Pause Execution</arg>
<arg>Test failed. Press OK once done debugging.</arg>
<arg>AND</arg>
<arg>Run Keyword If</arg>
<arg>'${res[0]}' != 'FAIL'</arg>
<arg>Close GUI</arg>
<doc>Runs the given keyword with the given arguments, if the test failed.</doc>
<status status="NOT RUN" starttime="20260125 13:39:27.408" endtime="20260125 13:39:27.409"/>
</kw>
<status status="NOT RUN" starttime="20260125 13:39:27.408" endtime="20260125 13:39:27.409"/>
</branch>
<status status="PASS" starttime="20260125 13:39:27.408" endtime="20260125 13:39:27.409"/>
</if>
<kw name="Reset Emulation" library="Remote">
<msg timestamp="20260125 13:39:27.409" level="TRACE">Arguments: [  ]</msg>
<msg timestamp="20260125 13:39:27.410" level="TRACE">Return: ''</msg>
<status status="PASS" starttime="20260125 13:39:27.409" endtime="20260125 13:39:27.410"/>
</kw>
<kw name="Clear Cached Log" library="Remote">
<msg timestamp="20260125 13:39:27.410" level="TRACE">Arguments: [  ]</msg>
<msg timestamp="20260125 13:39:27.410" level="TRACE">Return: ''</msg>
<status status="PASS" starttime="20260125 13:39:27.410" endtime="20260125 13:39:27.410"/>
</kw>
<msg timestamp="20260125 13:39:27.410" level="TRACE">Return: None</msg>
<status status="PASS" starttime="20260125 13:39:27.396" endtime="20260125 13:39:27.410"/>
</kw>
<doc>Verify test summary shows results</doc>
<status status="FAIL" starttime="20260125 13:39:27.392" endtime="20260125 13:39:27.410">KeywordException: Could not execute command 'machine LoadPlatformDescription @/src/renode-research/stm32f3-timer/stm32f3_timer.repl': There was an error executing command 'machine LoadPlatformDescription @/src/renode-research/stm32f3-timer/stm32f3_timer.repl'Could not find file '/src/renode-research/stm32f3-timer/stm32f3_timer.repl'.</status>
</test>
<kw name="Teardown" library="renode-keywords" type="TEARDOWN">
<msg timestamp="20260125 13:39:27.411" level="TRACE">Arguments: [  ]</msg>
<if>
<branch type="IF" condition="not ${SKIP_RUNNING_SERVER}">
<kw name="Stop Remote Server" library="Remote">
<status status="NOT RUN" starttime="20260125 13:39:27.411" endtime="20260125 13:39:27.411"/>
</kw>
<status status="NOT RUN" starttime="20260125 13:39:27.411" endtime="20260125 13:39:27.411"/>
</branch>
<status status="PASS" starttime="20260125 13:39:27.411" endtime="20260125 13:39:27.411"/>
</if>
<if>
<branch type="IF" condition="not ${SKIP_RUNNING_SERVER}">
<kw name="Wait For Process" library="Process">
<doc>Waits for the process to complete or to reach the given timeout.</doc>
<status status="NOT RUN" starttime="20260125 13:39:27.411" endtime="20260125 13:39:27.411"/>
</kw>
<status status="NOT RUN" starttime="20260125 13:39:27.411" endtime="20260125 13:39:27.411"/>
</branch>
<status status="PASS" starttime="20260125 13:39:27.411" endtime="20260125 13:39:27.411"/>
</if>
<msg timestamp="20260125 13:39:27.411" level="TRACE">Return: None</msg>
<status status="PASS" starttime="20260125 13:39:27.411" endtime="20260125 13:39:27.411"/>
</kw>
<meta name="HotSpot_Action">-</meta>
<status status="FAIL" starttime="20260125 13:39:26.934" endtime="20260125 13:39:27.411"/>
</suite>
<statistics>
<total>
<stat pass="0" fail="5" skip="0">All Tests</stat>
</total>
<tag>
</tag>
<suite>
<stat pass="0" fail="5" skip="0" id="s1" name="Test Suite">Test Suite</stat>
</suite>
</statistics>
<errors>
</errors>
</robot>
